CRITICAL - 2023-06-22 04:34:53 --> Undefined variable $userlist
in APPPATH\Views\header.php on line 26.
 1 APPPATH\Views\header.php(26): CodeIgniter\Debug\Exceptions->errorHandler(2, 'Undefined variable $userlist', 'C:\\xampp\\htdocs\\KURIO\\appstarter3\\app\\Views\\header.php', 26)
 2 SYSTEMPATH\View\View.php(213): include('C:\\xampp\\htdocs\\KURIO\\appstarter3\\app\\Views\\header.php')
 3 SYSTEMPATH\View\View.php(216): CodeIgniter\View\View->CodeIgniter\View\{closure}()
 4 SYSTEMPATH\Common.php(1184): CodeIgniter\View\View->render('header', [], true)
 5 APPPATH\Controllers\ProfileController.php(24): view('header')
 6 SYSTEMPATH\CodeIgniter.php(934): App\Controllers\ProfileController->index()
 7 SYSTEMPATH\CodeIgniter.php(499): CodeIgniter\CodeIgniter->runController(Object(App\Controllers\ProfileController))
 8 SYSTEMPATH\CodeIgniter.php(368): CodeIgniter\CodeIgniter->handleRequest(null, Object(Config\Cache), false)
 9 FCPATH\index.php(67): CodeIgniter\CodeIgniter->run()
10 SYSTEMPATH\Commands\Server\rewrite.php(47): require_once('C:\\xampp\\htdocs\\KURIO\\appstarter3\\public\\index.php')
CRITICAL - 2023-06-22 04:37:46 --> Undefined variable $userlist
in APPPATH\Views\header.php on line 32.
 1 APPPATH\Views\header.php(32): CodeIgniter\Debug\Exceptions->errorHandler(2, 'Undefined variable $userlist', 'C:\\xampp\\htdocs\\KURIO\\appstarter3\\app\\Views\\header.php', 32)
 2 SYSTEMPATH\View\View.php(213): include('C:\\xampp\\htdocs\\KURIO\\appstarter3\\app\\Views\\header.php')
 3 SYSTEMPATH\View\View.php(216): CodeIgniter\View\View->CodeIgniter\View\{closure}()
 4 SYSTEMPATH\Common.php(1184): CodeIgniter\View\View->render('header', [], true)
 5 APPPATH\Controllers\ProfileController.php(24): view('header')
 6 SYSTEMPATH\CodeIgniter.php(934): App\Controllers\ProfileController->index()
 7 SYSTEMPATH\CodeIgniter.php(499): CodeIgniter\CodeIgniter->runController(Object(App\Controllers\ProfileController))
 8 SYSTEMPATH\CodeIgniter.php(368): CodeIgniter\CodeIgniter->handleRequest(null, Object(Config\Cache), false)
 9 FCPATH\index.php(67): CodeIgniter\CodeIgniter->run()
10 SYSTEMPATH\Commands\Server\rewrite.php(47): require_once('C:\\xampp\\htdocs\\KURIO\\appstarter3\\public\\index.php')
CRITICAL - 2023-06-22 04:41:16 --> syntax error, unexpected token "endforeach", expecting end of file
in APPPATH\Views\header.php on line 44.
 1 SYSTEMPATH\View\View.php(216): CodeIgniter\View\View->CodeIgniter\View\{closure}()
 2 SYSTEMPATH\Common.php(1184): CodeIgniter\View\View->render('header', [], true)
 3 APPPATH\Controllers\ProfileController.php(24): view('header')
 4 SYSTEMPATH\CodeIgniter.php(934): App\Controllers\ProfileController->index()
 5 SYSTEMPATH\CodeIgniter.php(499): CodeIgniter\CodeIgniter->runController(Object(App\Controllers\ProfileController))
 6 SYSTEMPATH\CodeIgniter.php(368): CodeIgniter\CodeIgniter->handleRequest(null, Object(Config\Cache), false)
 7 FCPATH\index.php(67): CodeIgniter\CodeIgniter->run()
 8 SYSTEMPATH\Commands\Server\rewrite.php(47): require_once('C:\\xampp\\htdocs\\KURIO\\appstarter3\\public\\index.php')
CRITICAL - 2023-06-22 06:22:04 --> syntax error, unexpected token "endforeach", expecting "elseif" or "else" or "endif"
in APPPATH\Views\dashboard.php on line 162.
 1 SYSTEMPATH\View\View.php(216): CodeIgniter\View\View->CodeIgniter\View\{closure}()
 2 SYSTEMPATH\Common.php(1184): CodeIgniter\View\View->render('dashboard', [], true)
 3 APPPATH\Controllers\ProfileController.php(25): view('dashboard', [...])
 4 SYSTEMPATH\CodeIgniter.php(934): App\Controllers\ProfileController->index()
 5 SYSTEMPATH\CodeIgniter.php(499): CodeIgniter\CodeIgniter->runController(Object(App\Controllers\ProfileController))
 6 SYSTEMPATH\CodeIgniter.php(368): CodeIgniter\CodeIgniter->handleRequest(null, Object(Config\Cache), false)
 7 FCPATH\index.php(67): CodeIgniter\CodeIgniter->run()
 8 SYSTEMPATH\Commands\Server\rewrite.php(47): require_once('C:\\xampp\\htdocs\\KURIO\\appstarter3\\public\\index.php')
CRITICAL - 2023-06-22 06:22:23 --> syntax error, unexpected token "endforeach", expecting "elseif" or "else" or "endif"
in APPPATH\Views\dashboard.php on line 162.
 1 SYSTEMPATH\View\View.php(216): CodeIgniter\View\View->CodeIgniter\View\{closure}()
 2 SYSTEMPATH\Common.php(1184): CodeIgniter\View\View->render('dashboard', [], true)
 3 APPPATH\Controllers\ProfileController.php(25): view('dashboard', [...])
 4 SYSTEMPATH\CodeIgniter.php(934): App\Controllers\ProfileController->index()
 5 SYSTEMPATH\CodeIgniter.php(499): CodeIgniter\CodeIgniter->runController(Object(App\Controllers\ProfileController))
 6 SYSTEMPATH\CodeIgniter.php(368): CodeIgniter\CodeIgniter->handleRequest(null, Object(Config\Cache), false)
 7 FCPATH\index.php(67): CodeIgniter\CodeIgniter->run()
 8 SYSTEMPATH\Commands\Server\rewrite.php(47): require_once('C:\\xampp\\htdocs\\KURIO\\appstarter3\\public\\index.php')
ERROR - 2023-06-22 08:59:42 --> Error connecting to the database: mysqli_sql_exception: No connection could be made because the target machine actively refused it in C:\xampp\htdocs\KURIO\appstarter3\system\Database\MySQLi\Connection.php:174
Stack trace:
#0 C:\xampp\htdocs\KURIO\appstarter3\system\Database\MySQLi\Connection.php(174): mysqli->real_connect('localhost', 'root', '', 'codeigniter_db', 3306, '', 0)
#1 C:\xampp\htdocs\KURIO\appstarter3\system\Database\BaseConnection.php(391): CodeIgniter\Database\MySQLi\Connection->connect(false)
#2 C:\xampp\htdocs\KURIO\appstarter3\system\Database\BaseConnection.php(574): CodeIgniter\Database\BaseConnection->initialize()
#3 C:\xampp\htdocs\KURIO\appstarter3\system\Database\BaseBuilder.php(1616): CodeIgniter\Database\BaseConnection->query('SELECT *\nFROM `...', Array, false)
#4 C:\xampp\htdocs\KURIO\appstarter3\system\Model.php(268): CodeIgniter\Database\BaseBuilder->get()
#5 C:\xampp\htdocs\KURIO\appstarter3\system\BaseModel.php(656): CodeIgniter\Model->doFirst()
#6 C:\xampp\htdocs\KURIO\appstarter3\app\Controllers\UserController.php(22): CodeIgniter\BaseModel->first()
#7 C:\xampp\htdocs\KURIO\appstarter3\system\CodeIgniter.php(934): App\Controllers\UserController->loginAuth()
#8 C:\xampp\htdocs\KURIO\appstarter3\system\CodeIgniter.php(499): CodeIgniter\CodeIgniter->runController(Object(App\Controllers\UserController))
#9 C:\xampp\htdocs\KURIO\appstarter3\system\CodeIgniter.php(368): CodeIgniter\CodeIgniter->handleRequest(NULL, Object(Config\Cache), false)
#10 C:\xampp\htdocs\KURIO\appstarter3\public\index.php(67): CodeIgniter\CodeIgniter->run()
#11 C:\xampp\htdocs\KURIO\appstarter3\system\Commands\Server\rewrite.php(47): require_once('C:\\xampp\\htdocs...')
#12 {main}

Next CodeIgniter\Database\Exceptions\DatabaseException: No connection could be made because the target machine actively refused it in C:\xampp\htdocs\KURIO\appstarter3\system\Database\MySQLi\Connection.php:218
Stack trace:
#0 C:\xampp\htdocs\KURIO\appstarter3\system\Database\BaseConnection.php(391): CodeIgniter\Database\MySQLi\Connection->connect(false)
#1 C:\xampp\htdocs\KURIO\appstarter3\system\Database\BaseConnection.php(574): CodeIgniter\Database\BaseConnection->initialize()
#2 C:\xampp\htdocs\KURIO\appstarter3\system\Database\BaseBuilder.php(1616): CodeIgniter\Database\BaseConnection->query('SELECT *\nFROM `...', Array, false)
#3 C:\xampp\htdocs\KURIO\appstarter3\system\Model.php(268): CodeIgniter\Database\BaseBuilder->get()
#4 C:\xampp\htdocs\KURIO\appstarter3\system\BaseModel.php(656): CodeIgniter\Model->doFirst()
#5 C:\xampp\htdocs\KURIO\appstarter3\app\Controllers\UserController.php(22): CodeIgniter\BaseModel->first()
#6 C:\xampp\htdocs\KURIO\appstarter3\system\CodeIgniter.php(934): App\Controllers\UserController->loginAuth()
#7 C:\xampp\htdocs\KURIO\appstarter3\system\CodeIgniter.php(499): CodeIgniter\CodeIgniter->runController(Object(App\Controllers\UserController))
#8 C:\xampp\htdocs\KURIO\appstarter3\system\CodeIgniter.php(368): CodeIgniter\CodeIgniter->handleRequest(NULL, Object(Config\Cache), false)
#9 C:\xampp\htdocs\KURIO\appstarter3\public\index.php(67): CodeIgniter\CodeIgniter->run()
#10 C:\xampp\htdocs\KURIO\appstarter3\system\Commands\Server\rewrite.php(47): require_once('C:\\xampp\\htdocs...')
#11 {main}
CRITICAL - 2023-06-22 08:59:42 --> Unable to connect to the database.
Main connection [MySQLi]: No connection could be made because the target machine actively refused it
in SYSTEMPATH\Database\BaseConnection.php on line 427.
 1 SYSTEMPATH\Database\BaseConnection.php(574): CodeIgniter\Database\BaseConnection->initialize()
 2 SYSTEMPATH\Database\BaseBuilder.php(1616): CodeIgniter\Database\BaseConnection->query('SELECT *
FROM `customers`
WHERE `email` = :email:
 LIMIT 1', [...], false)
 3 SYSTEMPATH\Model.php(268): CodeIgniter\Database\BaseBuilder->get()
 4 SYSTEMPATH\BaseModel.php(656): CodeIgniter\Model->doFirst()
 5 APPPATH\Controllers\UserController.php(22): CodeIgniter\BaseModel->first()
 6 SYSTEMPATH\CodeIgniter.php(934): App\Controllers\UserController->loginAuth()
 7 SYSTEMPATH\CodeIgniter.php(499): CodeIgniter\CodeIgniter->runController(Object(App\Controllers\UserController))
 8 SYSTEMPATH\CodeIgniter.php(368): CodeIgniter\CodeIgniter->handleRequest(null, Object(Config\Cache), false)
 9 FCPATH\index.php(67): CodeIgniter\CodeIgniter->run()
10 SYSTEMPATH\Commands\Server\rewrite.php(47): require_once('C:\\xampp\\htdocs\\KURIO\\appstarter3\\public\\index.php')
