CRITICAL - 2023-07-05 04:06:09 --> Array to string conversion
in APPPATH\Views\edit_page.php on line 42.
 1 APPPATH\Views\edit_page.php(42): CodeIgniter\Debug\Exceptions->errorHandler(2, 'Array to string conversion', 'C:\\xampp\\htdocs\\KURIO\\appstarter3\\app\\Views\\edit_page.php', 42)
 2 SYSTEMPATH\View\View.php(213): include('C:\\xampp\\htdocs\\KURIO\\appstarter3\\app\\Views\\edit_page.php')
 3 SYSTEMPATH\View\View.php(216): CodeIgniter\View\View->CodeIgniter\View\{closure}()
 4 SYSTEMPATH\Common.php(1184): CodeIgniter\View\View->render('edit_page', [], true)
 5 APPPATH\Controllers\DropdownAjaxController.php(199): view('edit_page', [...])
 6 SYSTEMPATH\CodeIgniter.php(934): App\Controllers\DropdownAjaxController->edit_list('7')
 7 SYSTEMPATH\CodeIgniter.php(499): CodeIgniter\CodeIgniter->runController(Object(App\Controllers\DropdownAjaxController))
 8 SYSTEMPATH\CodeIgniter.php(368): CodeIgniter\CodeIgniter->handleRequest(null, Object(Config\Cache), false)
 9 FCPATH\index.php(67): CodeIgniter\CodeIgniter->run()
10 SYSTEMPATH\Commands\Server\rewrite.php(47): require_once('C:\\xampp\\htdocs\\KURIO\\appstarter3\\public\\index.php')
CRITICAL - 2023-07-05 04:07:27 --> Array to string conversion
in APPPATH\Views\edit_page.php on line 42.
 1 APPPATH\Views\edit_page.php(42): CodeIgniter\Debug\Exceptions->errorHandler(2, 'Array to string conversion', 'C:\\xampp\\htdocs\\KURIO\\appstarter3\\app\\Views\\edit_page.php', 42)
 2 SYSTEMPATH\View\View.php(213): include('C:\\xampp\\htdocs\\KURIO\\appstarter3\\app\\Views\\edit_page.php')
 3 SYSTEMPATH\View\View.php(216): CodeIgniter\View\View->CodeIgniter\View\{closure}()
 4 SYSTEMPATH\Common.php(1184): CodeIgniter\View\View->render('edit_page', [], true)
 5 APPPATH\Controllers\DropdownAjaxController.php(193): view('edit_page', [...])
 6 SYSTEMPATH\CodeIgniter.php(934): App\Controllers\DropdownAjaxController->edit_list('7')
 7 SYSTEMPATH\CodeIgniter.php(499): CodeIgniter\CodeIgniter->runController(Object(App\Controllers\DropdownAjaxController))
 8 SYSTEMPATH\CodeIgniter.php(368): CodeIgniter\CodeIgniter->handleRequest(null, Object(Config\Cache), false)
 9 FCPATH\index.php(67): CodeIgniter\CodeIgniter->run()
10 SYSTEMPATH\Commands\Server\rewrite.php(47): require_once('C:\\xampp\\htdocs\\KURIO\\appstarter3\\public\\index.php')
CRITICAL - 2023-07-05 04:08:44 --> Array to string conversion
in APPPATH\Views\edit_page.php on line 42.
 1 APPPATH\Views\edit_page.php(42): CodeIgniter\Debug\Exceptions->errorHandler(2, 'Array to string conversion', 'C:\\xampp\\htdocs\\KURIO\\appstarter3\\app\\Views\\edit_page.php', 42)
 2 SYSTEMPATH\View\View.php(213): include('C:\\xampp\\htdocs\\KURIO\\appstarter3\\app\\Views\\edit_page.php')
 3 SYSTEMPATH\View\View.php(216): CodeIgniter\View\View->CodeIgniter\View\{closure}()
 4 SYSTEMPATH\Common.php(1184): CodeIgniter\View\View->render('edit_page', [], true)
 5 APPPATH\Controllers\DropdownAjaxController.php(194): view('edit_page', [...])
 6 SYSTEMPATH\CodeIgniter.php(934): App\Controllers\DropdownAjaxController->edit_list('7')
 7 SYSTEMPATH\CodeIgniter.php(499): CodeIgniter\CodeIgniter->runController(Object(App\Controllers\DropdownAjaxController))
 8 SYSTEMPATH\CodeIgniter.php(368): CodeIgniter\CodeIgniter->handleRequest(null, Object(Config\Cache), false)
 9 FCPATH\index.php(67): CodeIgniter\CodeIgniter->run()
10 SYSTEMPATH\Commands\Server\rewrite.php(47): require_once('C:\\xampp\\htdocs\\KURIO\\appstarter3\\public\\index.php')
CRITICAL - 2023-07-05 04:09:06 --> Array to string conversion
in APPPATH\Views\edit_page.php on line 42.
 1 APPPATH\Views\edit_page.php(42): CodeIgniter\Debug\Exceptions->errorHandler(2, 'Array to string conversion', 'C:\\xampp\\htdocs\\KURIO\\appstarter3\\app\\Views\\edit_page.php', 42)
 2 SYSTEMPATH\View\View.php(213): include('C:\\xampp\\htdocs\\KURIO\\appstarter3\\app\\Views\\edit_page.php')
 3 SYSTEMPATH\View\View.php(216): CodeIgniter\View\View->CodeIgniter\View\{closure}()
 4 SYSTEMPATH\Common.php(1184): CodeIgniter\View\View->render('edit_page', [], true)
 5 APPPATH\Controllers\DropdownAjaxController.php(194): view('edit_page', [...])
 6 SYSTEMPATH\CodeIgniter.php(934): App\Controllers\DropdownAjaxController->edit_list('7')
 7 SYSTEMPATH\CodeIgniter.php(499): CodeIgniter\CodeIgniter->runController(Object(App\Controllers\DropdownAjaxController))
 8 SYSTEMPATH\CodeIgniter.php(368): CodeIgniter\CodeIgniter->handleRequest(null, Object(Config\Cache), false)
 9 FCPATH\index.php(67): CodeIgniter\CodeIgniter->run()
10 SYSTEMPATH\Commands\Server\rewrite.php(47): require_once('C:\\xampp\\htdocs\\KURIO\\appstarter3\\public\\index.php')
CRITICAL - 2023-07-05 04:23:09 --> syntax error, unexpected single-quoted string "selected", expecting "," or ";"
in APPPATH\Views\edit_page.php on line 71.
 1 SYSTEMPATH\View\View.php(216): CodeIgniter\View\View->CodeIgniter\View\{closure}()
 2 SYSTEMPATH\Common.php(1184): CodeIgniter\View\View->render('edit_page', [], true)
 3 APPPATH\Controllers\DropdownAjaxController.php(196): view('edit_page', [...])
 4 SYSTEMPATH\CodeIgniter.php(934): App\Controllers\DropdownAjaxController->edit_list('7')
 5 SYSTEMPATH\CodeIgniter.php(499): CodeIgniter\CodeIgniter->runController(Object(App\Controllers\DropdownAjaxController))
 6 SYSTEMPATH\CodeIgniter.php(368): CodeIgniter\CodeIgniter->handleRequest(null, Object(Config\Cache), false)
 7 FCPATH\index.php(67): CodeIgniter\CodeIgniter->run()
 8 SYSTEMPATH\Commands\Server\rewrite.php(47): require_once('C:\\xampp\\htdocs\\KURIO\\appstarter3\\public\\index.php')
CRITICAL - 2023-07-05 04:23:40 --> syntax error, unexpected double-quoted string "selected", expecting "," or ";"
in APPPATH\Views\edit_page.php on line 71.
 1 SYSTEMPATH\View\View.php(216): CodeIgniter\View\View->CodeIgniter\View\{closure}()
 2 SYSTEMPATH\Common.php(1184): CodeIgniter\View\View->render('edit_page', [], true)
 3 APPPATH\Controllers\DropdownAjaxController.php(196): view('edit_page', [...])
 4 SYSTEMPATH\CodeIgniter.php(934): App\Controllers\DropdownAjaxController->edit_list('7')
 5 SYSTEMPATH\CodeIgniter.php(499): CodeIgniter\CodeIgniter->runController(Object(App\Controllers\DropdownAjaxController))
 6 SYSTEMPATH\CodeIgniter.php(368): CodeIgniter\CodeIgniter->handleRequest(null, Object(Config\Cache), false)
 7 FCPATH\index.php(67): CodeIgniter\CodeIgniter->run()
 8 SYSTEMPATH\Commands\Server\rewrite.php(47): require_once('C:\\xampp\\htdocs\\KURIO\\appstarter3\\public\\index.php')
CRITICAL - 2023-07-05 04:24:15 --> syntax error, unexpected double-quoted string "selected", expecting "," or ";"
in APPPATH\Views\edit_page.php on line 71.
 1 SYSTEMPATH\View\View.php(216): CodeIgniter\View\View->CodeIgniter\View\{closure}()
 2 SYSTEMPATH\Common.php(1184): CodeIgniter\View\View->render('edit_page', [], true)
 3 APPPATH\Controllers\DropdownAjaxController.php(196): view('edit_page', [...])
 4 SYSTEMPATH\CodeIgniter.php(934): App\Controllers\DropdownAjaxController->edit_list('7')
 5 SYSTEMPATH\CodeIgniter.php(499): CodeIgniter\CodeIgniter->runController(Object(App\Controllers\DropdownAjaxController))
 6 SYSTEMPATH\CodeIgniter.php(368): CodeIgniter\CodeIgniter->handleRequest(null, Object(Config\Cache), false)
 7 FCPATH\index.php(67): CodeIgniter\CodeIgniter->run()
 8 SYSTEMPATH\Commands\Server\rewrite.php(47): require_once('C:\\xampp\\htdocs\\KURIO\\appstarter3\\public\\index.php')
CRITICAL - 2023-07-05 04:24:57 --> Cannot use object of type stdClass as array
in APPPATH\Views\edit_page.php on line 71.
 1 SYSTEMPATH\View\View.php(213): include()
 2 SYSTEMPATH\View\View.php(216): CodeIgniter\View\View->CodeIgniter\View\{closure}()
 3 SYSTEMPATH\Common.php(1184): CodeIgniter\View\View->render('edit_page', [], true)
 4 APPPATH\Controllers\DropdownAjaxController.php(196): view('edit_page', [...])
 5 SYSTEMPATH\CodeIgniter.php(934): App\Controllers\DropdownAjaxController->edit_list('7')
 6 SYSTEMPATH\CodeIgniter.php(499): CodeIgniter\CodeIgniter->runController(Object(App\Controllers\DropdownAjaxController))
 7 SYSTEMPATH\CodeIgniter.php(368): CodeIgniter\CodeIgniter->handleRequest(null, Object(Config\Cache), false)
 8 FCPATH\index.php(67): CodeIgniter\CodeIgniter->run()
 9 SYSTEMPATH\Commands\Server\rewrite.php(47): require_once('C:\\xampp\\htdocs\\KURIO\\appstarter3\\public\\index.php')
CRITICAL - 2023-07-05 04:25:52 --> Cannot use object of type stdClass as array
in APPPATH\Views\edit_page.php on line 71.
 1 SYSTEMPATH\View\View.php(213): include()
 2 SYSTEMPATH\View\View.php(216): CodeIgniter\View\View->CodeIgniter\View\{closure}()
 3 SYSTEMPATH\Common.php(1184): CodeIgniter\View\View->render('edit_page', [], true)
 4 APPPATH\Controllers\DropdownAjaxController.php(196): view('edit_page', [...])
 5 SYSTEMPATH\CodeIgniter.php(934): App\Controllers\DropdownAjaxController->edit_list('7')
 6 SYSTEMPATH\CodeIgniter.php(499): CodeIgniter\CodeIgniter->runController(Object(App\Controllers\DropdownAjaxController))
 7 SYSTEMPATH\CodeIgniter.php(368): CodeIgniter\CodeIgniter->handleRequest(null, Object(Config\Cache), false)
 8 FCPATH\index.php(67): CodeIgniter\CodeIgniter->run()
 9 SYSTEMPATH\Commands\Server\rewrite.php(47): require_once('C:\\xampp\\htdocs\\KURIO\\appstarter3\\public\\index.php')
CRITICAL - 2023-07-05 04:27:01 --> Cannot use object of type stdClass as array
in APPPATH\Views\edit_page.php on line 71.
 1 SYSTEMPATH\View\View.php(213): include()
 2 SYSTEMPATH\View\View.php(216): CodeIgniter\View\View->CodeIgniter\View\{closure}()
 3 SYSTEMPATH\Common.php(1184): CodeIgniter\View\View->render('edit_page', [], true)
 4 APPPATH\Controllers\DropdownAjaxController.php(196): view('edit_page', [...])
 5 SYSTEMPATH\CodeIgniter.php(934): App\Controllers\DropdownAjaxController->edit_list('7')
 6 SYSTEMPATH\CodeIgniter.php(499): CodeIgniter\CodeIgniter->runController(Object(App\Controllers\DropdownAjaxController))
 7 SYSTEMPATH\CodeIgniter.php(368): CodeIgniter\CodeIgniter->handleRequest(null, Object(Config\Cache), false)
 8 FCPATH\index.php(67): CodeIgniter\CodeIgniter->run()
 9 SYSTEMPATH\Commands\Server\rewrite.php(47): require_once('C:\\xampp\\htdocs\\KURIO\\appstarter3\\public\\index.php')
CRITICAL - 2023-07-05 04:34:36 --> Cannot use object of type stdClass as array
in APPPATH\Views\edit_page.php on line 71.
 1 SYSTEMPATH\View\View.php(213): include()
 2 SYSTEMPATH\View\View.php(216): CodeIgniter\View\View->CodeIgniter\View\{closure}()
 3 SYSTEMPATH\Common.php(1184): CodeIgniter\View\View->render('edit_page', [], true)
 4 APPPATH\Controllers\DropdownAjaxController.php(196): view('edit_page', [...])
 5 SYSTEMPATH\CodeIgniter.php(934): App\Controllers\DropdownAjaxController->edit_list('7')
 6 SYSTEMPATH\CodeIgniter.php(499): CodeIgniter\CodeIgniter->runController(Object(App\Controllers\DropdownAjaxController))
 7 SYSTEMPATH\CodeIgniter.php(368): CodeIgniter\CodeIgniter->handleRequest(null, Object(Config\Cache), false)
 8 FCPATH\index.php(67): CodeIgniter\CodeIgniter->run()
 9 SYSTEMPATH\Commands\Server\rewrite.php(47): require_once('C:\\xampp\\htdocs\\KURIO\\appstarter3\\public\\index.php')
CRITICAL - 2023-07-05 04:37:09 --> Array to string conversion
in APPPATH\Views\edit_page.php on line 41.
 1 APPPATH\Views\edit_page.php(41): CodeIgniter\Debug\Exceptions->errorHandler(2, 'Array to string conversion', 'C:\\xampp\\htdocs\\KURIO\\appstarter3\\app\\Views\\edit_page.php', 41)
 2 SYSTEMPATH\View\View.php(213): include('C:\\xampp\\htdocs\\KURIO\\appstarter3\\app\\Views\\edit_page.php')
 3 SYSTEMPATH\View\View.php(216): CodeIgniter\View\View->CodeIgniter\View\{closure}()
 4 SYSTEMPATH\Common.php(1184): CodeIgniter\View\View->render('edit_page', [], true)
 5 APPPATH\Controllers\DropdownAjaxController.php(197): view('edit_page', [...])
 6 SYSTEMPATH\CodeIgniter.php(934): App\Controllers\DropdownAjaxController->edit_list('7')
 7 SYSTEMPATH\CodeIgniter.php(499): CodeIgniter\CodeIgniter->runController(Object(App\Controllers\DropdownAjaxController))
 8 SYSTEMPATH\CodeIgniter.php(368): CodeIgniter\CodeIgniter->handleRequest(null, Object(Config\Cache), false)
 9 FCPATH\index.php(67): CodeIgniter\CodeIgniter->run()
10 SYSTEMPATH\Commands\Server\rewrite.php(47): require_once('C:\\xampp\\htdocs\\KURIO\\appstarter3\\public\\index.php')
CRITICAL - 2023-07-05 04:42:59 --> Array to string conversion
in APPPATH\Views\edit_page.php on line 42.
 1 APPPATH\Views\edit_page.php(42): CodeIgniter\Debug\Exceptions->errorHandler(2, 'Array to string conversion', 'C:\\xampp\\htdocs\\KURIO\\appstarter3\\app\\Views\\edit_page.php', 42)
 2 SYSTEMPATH\View\View.php(213): include('C:\\xampp\\htdocs\\KURIO\\appstarter3\\app\\Views\\edit_page.php')
 3 SYSTEMPATH\View\View.php(216): CodeIgniter\View\View->CodeIgniter\View\{closure}()
 4 SYSTEMPATH\Common.php(1184): CodeIgniter\View\View->render('edit_page', [], true)
 5 APPPATH\Controllers\DropdownAjaxController.php(197): view('edit_page', [...])
 6 SYSTEMPATH\CodeIgniter.php(934): App\Controllers\DropdownAjaxController->edit_list('7')
 7 SYSTEMPATH\CodeIgniter.php(499): CodeIgniter\CodeIgniter->runController(Object(App\Controllers\DropdownAjaxController))
 8 SYSTEMPATH\CodeIgniter.php(368): CodeIgniter\CodeIgniter->handleRequest(null, Object(Config\Cache), false)
 9 FCPATH\index.php(67): CodeIgniter\CodeIgniter->run()
10 SYSTEMPATH\Commands\Server\rewrite.php(47): require_once('C:\\xampp\\htdocs\\KURIO\\appstarter3\\public\\index.php')
CRITICAL - 2023-07-05 04:43:53 --> Cannot use object of type stdClass as array
in APPPATH\Views\edit_page.php on line 71.
 1 SYSTEMPATH\View\View.php(213): include()
 2 SYSTEMPATH\View\View.php(216): CodeIgniter\View\View->CodeIgniter\View\{closure}()
 3 SYSTEMPATH\Common.php(1184): CodeIgniter\View\View->render('edit_page', [], true)
 4 APPPATH\Controllers\DropdownAjaxController.php(197): view('edit_page', [...])
 5 SYSTEMPATH\CodeIgniter.php(934): App\Controllers\DropdownAjaxController->edit_list('7')
 6 SYSTEMPATH\CodeIgniter.php(499): CodeIgniter\CodeIgniter->runController(Object(App\Controllers\DropdownAjaxController))
 7 SYSTEMPATH\CodeIgniter.php(368): CodeIgniter\CodeIgniter->handleRequest(null, Object(Config\Cache), false)
 8 FCPATH\index.php(67): CodeIgniter\CodeIgniter->run()
 9 SYSTEMPATH\Commands\Server\rewrite.php(47): require_once('C:\\xampp\\htdocs\\KURIO\\appstarter3\\public\\index.php')
CRITICAL - 2023-07-05 04:44:21 --> Unclosed '{' on line 70
in APPPATH\Views\edit_page.php on line 119.
 1 SYSTEMPATH\View\View.php(216): CodeIgniter\View\View->CodeIgniter\View\{closure}()
 2 SYSTEMPATH\Common.php(1184): CodeIgniter\View\View->render('edit_page', [], true)
 3 APPPATH\Controllers\DropdownAjaxController.php(197): view('edit_page', [...])
 4 SYSTEMPATH\CodeIgniter.php(934): App\Controllers\DropdownAjaxController->edit_list('7')
 5 SYSTEMPATH\CodeIgniter.php(499): CodeIgniter\CodeIgniter->runController(Object(App\Controllers\DropdownAjaxController))
 6 SYSTEMPATH\CodeIgniter.php(368): CodeIgniter\CodeIgniter->handleRequest(null, Object(Config\Cache), false)
 7 FCPATH\index.php(67): CodeIgniter\CodeIgniter->run()
 8 SYSTEMPATH\Commands\Server\rewrite.php(47): require_once('C:\\xampp\\htdocs\\KURIO\\appstarter3\\public\\index.php')
CRITICAL - 2023-07-05 04:44:39 --> Unclosed '{' on line 70
in APPPATH\Views\edit_page.php on line 112.
 1 SYSTEMPATH\View\View.php(216): CodeIgniter\View\View->CodeIgniter\View\{closure}()
 2 SYSTEMPATH\Common.php(1184): CodeIgniter\View\View->render('edit_page', [], true)
 3 APPPATH\Controllers\DropdownAjaxController.php(197): view('edit_page', [...])
 4 SYSTEMPATH\CodeIgniter.php(934): App\Controllers\DropdownAjaxController->edit_list('7')
 5 SYSTEMPATH\CodeIgniter.php(499): CodeIgniter\CodeIgniter->runController(Object(App\Controllers\DropdownAjaxController))
 6 SYSTEMPATH\CodeIgniter.php(368): CodeIgniter\CodeIgniter->handleRequest(null, Object(Config\Cache), false)
 7 FCPATH\index.php(67): CodeIgniter\CodeIgniter->run()
 8 SYSTEMPATH\Commands\Server\rewrite.php(47): require_once('C:\\xampp\\htdocs\\KURIO\\appstarter3\\public\\index.php')
CRITICAL - 2023-07-05 04:57:41 --> Cannot use object of type stdClass as array
in APPPATH\Views\edit_page.php on line 73.
 1 SYSTEMPATH\View\View.php(213): include()
 2 SYSTEMPATH\View\View.php(216): CodeIgniter\View\View->CodeIgniter\View\{closure}()
 3 SYSTEMPATH\Common.php(1184): CodeIgniter\View\View->render('edit_page', [], true)
 4 APPPATH\Controllers\DropdownAjaxController.php(197): view('edit_page', [...])
 5 SYSTEMPATH\CodeIgniter.php(934): App\Controllers\DropdownAjaxController->edit_list('7')
 6 SYSTEMPATH\CodeIgniter.php(499): CodeIgniter\CodeIgniter->runController(Object(App\Controllers\DropdownAjaxController))
 7 SYSTEMPATH\CodeIgniter.php(368): CodeIgniter\CodeIgniter->handleRequest(null, Object(Config\Cache), false)
 8 FCPATH\index.php(67): CodeIgniter\CodeIgniter->run()
 9 SYSTEMPATH\Commands\Server\rewrite.php(47): require_once('C:\\xampp\\htdocs\\KURIO\\appstarter3\\public\\index.php')
CRITICAL - 2023-07-05 04:59:02 --> Unmatched '}'
in APPPATH\Views\edit_page.php on line 71.
 1 SYSTEMPATH\View\View.php(216): CodeIgniter\View\View->CodeIgniter\View\{closure}()
 2 SYSTEMPATH\Common.php(1184): CodeIgniter\View\View->render('edit_page', [], true)
 3 APPPATH\Controllers\DropdownAjaxController.php(197): view('edit_page', [...])
 4 SYSTEMPATH\CodeIgniter.php(934): App\Controllers\DropdownAjaxController->edit_list('7')
 5 SYSTEMPATH\CodeIgniter.php(499): CodeIgniter\CodeIgniter->runController(Object(App\Controllers\DropdownAjaxController))
 6 SYSTEMPATH\CodeIgniter.php(368): CodeIgniter\CodeIgniter->handleRequest(null, Object(Config\Cache), false)
 7 FCPATH\index.php(67): CodeIgniter\CodeIgniter->run()
 8 SYSTEMPATH\Commands\Server\rewrite.php(47): require_once('C:\\xampp\\htdocs\\KURIO\\appstarter3\\public\\index.php')
CRITICAL - 2023-07-05 04:59:20 --> Undefined variable $country
in APPPATH\Views\edit_page.php on line 70.
 1 APPPATH\Views\edit_page.php(70): CodeIgniter\Debug\Exceptions->errorHandler(2, 'Undefined variable $country', 'C:\\xampp\\htdocs\\KURIO\\appstarter3\\app\\Views\\edit_page.php', 70)
 2 SYSTEMPATH\View\View.php(213): include('C:\\xampp\\htdocs\\KURIO\\appstarter3\\app\\Views\\edit_page.php')
 3 SYSTEMPATH\View\View.php(216): CodeIgniter\View\View->CodeIgniter\View\{closure}()
 4 SYSTEMPATH\Common.php(1184): CodeIgniter\View\View->render('edit_page', [], true)
 5 APPPATH\Controllers\DropdownAjaxController.php(197): view('edit_page', [...])
 6 SYSTEMPATH\CodeIgniter.php(934): App\Controllers\DropdownAjaxController->edit_list('7')
 7 SYSTEMPATH\CodeIgniter.php(499): CodeIgniter\CodeIgniter->runController(Object(App\Controllers\DropdownAjaxController))
 8 SYSTEMPATH\CodeIgniter.php(368): CodeIgniter\CodeIgniter->handleRequest(null, Object(Config\Cache), false)
 9 FCPATH\index.php(67): CodeIgniter\CodeIgniter->run()
10 SYSTEMPATH\Commands\Server\rewrite.php(47): require_once('C:\\xampp\\htdocs\\KURIO\\appstarter3\\public\\index.php')
CRITICAL - 2023-07-05 05:00:49 --> Cannot use object of type stdClass as array
in APPPATH\Views\edit_page.php on line 73.
 1 SYSTEMPATH\View\View.php(213): include()
 2 SYSTEMPATH\View\View.php(216): CodeIgniter\View\View->CodeIgniter\View\{closure}()
 3 SYSTEMPATH\Common.php(1184): CodeIgniter\View\View->render('edit_page', [], true)
 4 APPPATH\Controllers\DropdownAjaxController.php(197): view('edit_page', [...])
 5 SYSTEMPATH\CodeIgniter.php(934): App\Controllers\DropdownAjaxController->edit_list('7')
 6 SYSTEMPATH\CodeIgniter.php(499): CodeIgniter\CodeIgniter->runController(Object(App\Controllers\DropdownAjaxController))
 7 SYSTEMPATH\CodeIgniter.php(368): CodeIgniter\CodeIgniter->handleRequest(null, Object(Config\Cache), false)
 8 FCPATH\index.php(67): CodeIgniter\CodeIgniter->run()
 9 SYSTEMPATH\Commands\Server\rewrite.php(47): require_once('C:\\xampp\\htdocs\\KURIO\\appstarter3\\public\\index.php')
CRITICAL - 2023-07-05 05:03:55 --> Cannot use object of type stdClass as array
in APPPATH\Views\edit_page.php on line 73.
 1 SYSTEMPATH\View\View.php(213): include()
 2 SYSTEMPATH\View\View.php(216): CodeIgniter\View\View->CodeIgniter\View\{closure}()
 3 SYSTEMPATH\Common.php(1184): CodeIgniter\View\View->render('edit_page', [], true)
 4 APPPATH\Controllers\DropdownAjaxController.php(197): view('edit_page', [...])
 5 SYSTEMPATH\CodeIgniter.php(934): App\Controllers\DropdownAjaxController->edit_list('7')
 6 SYSTEMPATH\CodeIgniter.php(499): CodeIgniter\CodeIgniter->runController(Object(App\Controllers\DropdownAjaxController))
 7 SYSTEMPATH\CodeIgniter.php(368): CodeIgniter\CodeIgniter->handleRequest(null, Object(Config\Cache), false)
 8 FCPATH\index.php(67): CodeIgniter\CodeIgniter->run()
 9 SYSTEMPATH\Commands\Server\rewrite.php(47): require_once('C:\\xampp\\htdocs\\KURIO\\appstarter3\\public\\index.php')
CRITICAL - 2023-07-05 05:10:05 --> syntax error, unexpected token ";", expecting ")"
in APPPATH\Views\edit_page.php on line 45.
 1 SYSTEMPATH\View\View.php(216): CodeIgniter\View\View->CodeIgniter\View\{closure}()
 2 SYSTEMPATH\Common.php(1184): CodeIgniter\View\View->render('edit_page', [], true)
 3 APPPATH\Controllers\DropdownAjaxController.php(197): view('edit_page', [...])
 4 SYSTEMPATH\CodeIgniter.php(934): App\Controllers\DropdownAjaxController->edit_list('7')
 5 SYSTEMPATH\CodeIgniter.php(499): CodeIgniter\CodeIgniter->runController(Object(App\Controllers\DropdownAjaxController))
 6 SYSTEMPATH\CodeIgniter.php(368): CodeIgniter\CodeIgniter->handleRequest(null, Object(Config\Cache), false)
 7 FCPATH\index.php(67): CodeIgniter\CodeIgniter->run()
 8 SYSTEMPATH\Commands\Server\rewrite.php(47): require_once('C:\\xampp\\htdocs\\KURIO\\appstarter3\\public\\index.php')
CRITICAL - 2023-07-05 05:10:21 --> syntax error, unexpected token ";", expecting ")"
in APPPATH\Views\edit_page.php on line 45.
 1 SYSTEMPATH\View\View.php(216): CodeIgniter\View\View->CodeIgniter\View\{closure}()
 2 SYSTEMPATH\Common.php(1184): CodeIgniter\View\View->render('edit_page', [], true)
 3 APPPATH\Controllers\DropdownAjaxController.php(197): view('edit_page', [...])
 4 SYSTEMPATH\CodeIgniter.php(934): App\Controllers\DropdownAjaxController->edit_list('7')
 5 SYSTEMPATH\CodeIgniter.php(499): CodeIgniter\CodeIgniter->runController(Object(App\Controllers\DropdownAjaxController))
 6 SYSTEMPATH\CodeIgniter.php(368): CodeIgniter\CodeIgniter->handleRequest(null, Object(Config\Cache), false)
 7 FCPATH\index.php(67): CodeIgniter\CodeIgniter->run()
 8 SYSTEMPATH\Commands\Server\rewrite.php(47): require_once('C:\\xampp\\htdocs\\KURIO\\appstarter3\\public\\index.php')
CRITICAL - 2023-07-05 05:36:55 --> Attempt to read property "id" on array
in APPPATH\Views\edit_page.php on line 46.
 1 APPPATH\Views\edit_page.php(46): CodeIgniter\Debug\Exceptions->errorHandler(2, 'Attempt to read property "id" on array', 'C:\\xampp\\htdocs\\KURIO\\appstarter3\\app\\Views\\edit_page.php', 46)
 2 SYSTEMPATH\View\View.php(213): include('C:\\xampp\\htdocs\\KURIO\\appstarter3\\app\\Views\\edit_page.php')
 3 SYSTEMPATH\View\View.php(216): CodeIgniter\View\View->CodeIgniter\View\{closure}()
 4 SYSTEMPATH\Common.php(1184): CodeIgniter\View\View->render('edit_page', [], true)
 5 APPPATH\Controllers\DropdownAjaxController.php(197): view('edit_page', [...])
 6 SYSTEMPATH\CodeIgniter.php(934): App\Controllers\DropdownAjaxController->edit_list('4')
 7 SYSTEMPATH\CodeIgniter.php(499): CodeIgniter\CodeIgniter->runController(Object(App\Controllers\DropdownAjaxController))
 8 SYSTEMPATH\CodeIgniter.php(368): CodeIgniter\CodeIgniter->handleRequest(null, Object(Config\Cache), false)
 9 FCPATH\index.php(67): CodeIgniter\CodeIgniter->run()
10 SYSTEMPATH\Commands\Server\rewrite.php(47): require_once('C:\\xampp\\htdocs\\KURIO\\appstarter3\\public\\index.php')
CRITICAL - 2023-07-05 05:37:23 --> Undefined array key "id"
in APPPATH\Views\edit_page.php on line 46.
 1 APPPATH\Views\edit_page.php(46): CodeIgniter\Debug\Exceptions->errorHandler(2, 'Undefined array key "id"', 'C:\\xampp\\htdocs\\KURIO\\appstarter3\\app\\Views\\edit_page.php', 46)
 2 SYSTEMPATH\View\View.php(213): include('C:\\xampp\\htdocs\\KURIO\\appstarter3\\app\\Views\\edit_page.php')
 3 SYSTEMPATH\View\View.php(216): CodeIgniter\View\View->CodeIgniter\View\{closure}()
 4 SYSTEMPATH\Common.php(1184): CodeIgniter\View\View->render('edit_page', [], true)
 5 APPPATH\Controllers\DropdownAjaxController.php(197): view('edit_page', [...])
 6 SYSTEMPATH\CodeIgniter.php(934): App\Controllers\DropdownAjaxController->edit_list('4')
 7 SYSTEMPATH\CodeIgniter.php(499): CodeIgniter\CodeIgniter->runController(Object(App\Controllers\DropdownAjaxController))
 8 SYSTEMPATH\CodeIgniter.php(368): CodeIgniter\CodeIgniter->handleRequest(null, Object(Config\Cache), false)
 9 FCPATH\index.php(67): CodeIgniter\CodeIgniter->run()
10 SYSTEMPATH\Commands\Server\rewrite.php(47): require_once('C:\\xampp\\htdocs\\KURIO\\appstarter3\\public\\index.php')
CRITICAL - 2023-07-05 05:40:13 --> Undefined array key "id"
in APPPATH\Views\edit_page.php on line 46.
 1 APPPATH\Views\edit_page.php(46): CodeIgniter\Debug\Exceptions->errorHandler(2, 'Undefined array key "id"', 'C:\\xampp\\htdocs\\KURIO\\appstarter3\\app\\Views\\edit_page.php', 46)
 2 SYSTEMPATH\View\View.php(213): include('C:\\xampp\\htdocs\\KURIO\\appstarter3\\app\\Views\\edit_page.php')
 3 SYSTEMPATH\View\View.php(216): CodeIgniter\View\View->CodeIgniter\View\{closure}()
 4 SYSTEMPATH\Common.php(1184): CodeIgniter\View\View->render('edit_page', [], true)
 5 APPPATH\Controllers\DropdownAjaxController.php(198): view('edit_page', [...])
 6 SYSTEMPATH\CodeIgniter.php(934): App\Controllers\DropdownAjaxController->edit_list('4')
 7 SYSTEMPATH\CodeIgniter.php(499): CodeIgniter\CodeIgniter->runController(Object(App\Controllers\DropdownAjaxController))
 8 SYSTEMPATH\CodeIgniter.php(368): CodeIgniter\CodeIgniter->handleRequest(null, Object(Config\Cache), false)
 9 FCPATH\index.php(67): CodeIgniter\CodeIgniter->run()
10 SYSTEMPATH\Commands\Server\rewrite.php(47): require_once('C:\\xampp\\htdocs\\KURIO\\appstarter3\\public\\index.php')
CRITICAL - 2023-07-05 05:58:35 --> Cannot use object of type stdClass as array
in APPPATH\Views\edit_page.php on line 79.
 1 SYSTEMPATH\View\View.php(213): include()
 2 SYSTEMPATH\View\View.php(216): CodeIgniter\View\View->CodeIgniter\View\{closure}()
 3 SYSTEMPATH\Common.php(1184): CodeIgniter\View\View->render('edit_page', [], true)
 4 APPPATH\Controllers\DropdownAjaxController.php(199): view('edit_page', [...])
 5 SYSTEMPATH\CodeIgniter.php(934): App\Controllers\DropdownAjaxController->edit_list('1')
 6 SYSTEMPATH\CodeIgniter.php(499): CodeIgniter\CodeIgniter->runController(Object(App\Controllers\DropdownAjaxController))
 7 SYSTEMPATH\CodeIgniter.php(368): CodeIgniter\CodeIgniter->handleRequest(null, Object(Config\Cache), false)
 8 FCPATH\index.php(67): CodeIgniter\CodeIgniter->run()
 9 SYSTEMPATH\Commands\Server\rewrite.php(47): require_once('C:\\xampp\\htdocs\\KURIO\\appstarter3\\public\\index.php')
CRITICAL - 2023-07-05 06:22:46 --> Undefined variable $session
in APPPATH\Controllers\DropdownAjaxController.php on line 188.
 1 APPPATH\Controllers\DropdownAjaxController.php(188): CodeIgniter\Debug\Exceptions->errorHandler(2, 'Undefined variable $session', 'C:\\xampp\\htdocs\\KURIO\\appstarter3\\app\\Controllers\\DropdownAjaxController.php', 188)
 2 SYSTEMPATH\CodeIgniter.php(934): App\Controllers\DropdownAjaxController->edit_list('1')
 3 SYSTEMPATH\CodeIgniter.php(499): CodeIgniter\CodeIgniter->runController(Object(App\Controllers\DropdownAjaxController))
 4 SYSTEMPATH\CodeIgniter.php(368): CodeIgniter\CodeIgniter->handleRequest(null, Object(Config\Cache), false)
 5 FCPATH\index.php(67): CodeIgniter\CodeIgniter->run()
 6 SYSTEMPATH\Commands\Server\rewrite.php(47): require_once('C:\\xampp\\htdocs\\KURIO\\appstarter3\\public\\index.php')
CRITICAL - 2023-07-05 06:41:28 --> syntax error, unexpected token "echo", expecting "," or ";"
in APPPATH\Views\edit_page.php on line 76.
 1 SYSTEMPATH\View\View.php(216): CodeIgniter\View\View->CodeIgniter\View\{closure}()
 2 SYSTEMPATH\Common.php(1184): CodeIgniter\View\View->render('edit_page', [], true)
 3 APPPATH\Controllers\DropdownAjaxController.php(200): view('edit_page', [...])
 4 SYSTEMPATH\CodeIgniter.php(934): App\Controllers\DropdownAjaxController->edit_list('1')
 5 SYSTEMPATH\CodeIgniter.php(499): CodeIgniter\CodeIgniter->runController(Object(App\Controllers\DropdownAjaxController))
 6 SYSTEMPATH\CodeIgniter.php(368): CodeIgniter\CodeIgniter->handleRequest(null, Object(Config\Cache), false)
 7 FCPATH\index.php(67): CodeIgniter\CodeIgniter->run()
 8 SYSTEMPATH\Commands\Server\rewrite.php(47): require_once('C:\\xampp\\htdocs\\KURIO\\appstarter3\\public\\index.php')
CRITICAL - 2023-07-05 06:45:25 --> syntax error, unexpected token "if"
in APPPATH\Views\edit_page.php on line 76.
 1 SYSTEMPATH\View\View.php(216): CodeIgniter\View\View->CodeIgniter\View\{closure}()
 2 SYSTEMPATH\Common.php(1184): CodeIgniter\View\View->render('edit_page', [], true)
 3 APPPATH\Controllers\DropdownAjaxController.php(200): view('edit_page', [...])
 4 SYSTEMPATH\CodeIgniter.php(934): App\Controllers\DropdownAjaxController->edit_list('1')
 5 SYSTEMPATH\CodeIgniter.php(499): CodeIgniter\CodeIgniter->runController(Object(App\Controllers\DropdownAjaxController))
 6 SYSTEMPATH\CodeIgniter.php(368): CodeIgniter\CodeIgniter->handleRequest(null, Object(Config\Cache), false)
 7 FCPATH\index.php(67): CodeIgniter\CodeIgniter->run()
 8 SYSTEMPATH\Commands\Server\rewrite.php(47): require_once('C:\\xampp\\htdocs\\KURIO\\appstarter3\\public\\index.php')
CRITICAL - 2023-07-05 07:07:47 --> syntax error, unexpected token ";", expecting "]"
in APPPATH\Controllers\DropdownAjaxController.php on line 196.
 1 SYSTEMPATH\Autoloader\Autoloader.php(289): CodeIgniter\Autoloader\Autoloader->includeFile('C:\\xampp\\htdocs\\KURIO\\appstarter3\\app\\Controllers\\DropdownAjaxController.php')
 2 SYSTEMPATH\Autoloader\Autoloader.php(267): CodeIgniter\Autoloader\Autoloader->loadInNamespace('App\\Controllers\\DropdownAjaxController')
 3 [internal function]: CodeIgniter\Autoloader\Autoloader->loadClass('App\\Controllers\\DropdownAjaxController')
 4 SYSTEMPATH\CodeIgniter.php(892): class_exists('\\App\\Controllers\\DropdownAjaxController', true)
 5 SYSTEMPATH\CodeIgniter.php(486): CodeIgniter\CodeIgniter->startController()
 6 SYSTEMPATH\CodeIgniter.php(368): CodeIgniter\CodeIgniter->handleRequest(null, Object(Config\Cache), false)
 7 FCPATH\index.php(67): CodeIgniter\CodeIgniter->run()
 8 SYSTEMPATH\Commands\Server\rewrite.php(47): require_once('C:\\xampp\\htdocs\\KURIO\\appstarter3\\public\\index.php')
CRITICAL - 2023-07-05 07:08:45 --> Undefined variable $countryId
in APPPATH\Controllers\DropdownAjaxController.php on line 195.
 1 APPPATH\Controllers\DropdownAjaxController.php(195): CodeIgniter\Debug\Exceptions->errorHandler(2, 'Undefined variable $countryId', 'C:\\xampp\\htdocs\\KURIO\\appstarter3\\app\\Controllers\\DropdownAjaxController.php', 195)
 2 SYSTEMPATH\CodeIgniter.php(934): App\Controllers\DropdownAjaxController->edit_list('25')
 3 SYSTEMPATH\CodeIgniter.php(499): CodeIgniter\CodeIgniter->runController(Object(App\Controllers\DropdownAjaxController))
 4 SYSTEMPATH\CodeIgniter.php(368): CodeIgniter\CodeIgniter->handleRequest(null, Object(Config\Cache), false)
 5 FCPATH\index.php(67): CodeIgniter\CodeIgniter->run()
 6 SYSTEMPATH\Commands\Server\rewrite.php(47): require_once('C:\\xampp\\htdocs\\KURIO\\appstarter3\\public\\index.php')
CRITICAL - 2023-07-05 07:38:58 --> Undefined variable $countries
in APPPATH\Views\edit_page.php on line 119.
 1 APPPATH\Views\edit_page.php(119): CodeIgniter\Debug\Exceptions->errorHandler(2, 'Undefined variable $countries', 'C:\\xampp\\htdocs\\KURIO\\appstarter3\\app\\Views\\edit_page.php', 119)
 2 SYSTEMPATH\View\View.php(213): include('C:\\xampp\\htdocs\\KURIO\\appstarter3\\app\\Views\\edit_page.php')
 3 SYSTEMPATH\View\View.php(216): CodeIgniter\View\View->CodeIgniter\View\{closure}()
 4 SYSTEMPATH\Common.php(1184): CodeIgniter\View\View->render('edit_page', [], true)
 5 APPPATH\Controllers\DropdownAjaxController.php(200): view('edit_page', [...])
 6 SYSTEMPATH\CodeIgniter.php(934): App\Controllers\DropdownAjaxController->edit_list('9')
 7 SYSTEMPATH\CodeIgniter.php(499): CodeIgniter\CodeIgniter->runController(Object(App\Controllers\DropdownAjaxController))
 8 SYSTEMPATH\CodeIgniter.php(368): CodeIgniter\CodeIgniter->handleRequest(null, Object(Config\Cache), false)
 9 FCPATH\index.php(67): CodeIgniter\CodeIgniter->run()
10 SYSTEMPATH\Commands\Server\rewrite.php(47): require_once('C:\\xampp\\htdocs\\KURIO\\appstarter3\\public\\index.php')
CRITICAL - 2023-07-05 09:51:20 --> You must set the database table to be used with your query.
in SYSTEMPATH\Database\BaseConnection.php on line 883.
 1 SYSTEMPATH\Model.php(642): CodeIgniter\Database\BaseConnection->table(null)
 2 SYSTEMPATH\Model.php(188): CodeIgniter\Model->builder()
 3 SYSTEMPATH\BaseModel.php(557): CodeIgniter\Model->doFind(true, 'states')
 4 APPPATH\Controllers\DropdownAjaxController.php(194): CodeIgniter\BaseModel->find('states')
 5 SYSTEMPATH\CodeIgniter.php(934): App\Controllers\DropdownAjaxController->edit_list('9')
 6 SYSTEMPATH\CodeIgniter.php(499): CodeIgniter\CodeIgniter->runController(Object(App\Controllers\DropdownAjaxController))
 7 SYSTEMPATH\CodeIgniter.php(368): CodeIgniter\CodeIgniter->handleRequest(null, Object(Config\Cache), false)
 8 FCPATH\index.php(67): CodeIgniter\CodeIgniter->run()
 9 SYSTEMPATH\Commands\Server\rewrite.php(47): require_once('C:\\xampp\\htdocs\\KURIO\\appstarter3\\public\\index.php')
CRITICAL - 2023-07-05 09:52:53 --> Undefined variable $states
in APPPATH\Views\edit_page.php on line 78.
 1 APPPATH\Views\edit_page.php(78): CodeIgniter\Debug\Exceptions->errorHandler(2, 'Undefined variable $states', 'C:\\xampp\\htdocs\\KURIO\\appstarter3\\app\\Views\\edit_page.php', 78)
 2 SYSTEMPATH\View\View.php(213): include('C:\\xampp\\htdocs\\KURIO\\appstarter3\\app\\Views\\edit_page.php')
 3 SYSTEMPATH\View\View.php(216): CodeIgniter\View\View->CodeIgniter\View\{closure}()
 4 SYSTEMPATH\Common.php(1184): CodeIgniter\View\View->render('edit_page', [], true)
 5 APPPATH\Controllers\DropdownAjaxController.php(198): view('edit_page', [...])
 6 SYSTEMPATH\CodeIgniter.php(934): App\Controllers\DropdownAjaxController->edit_list('9')
 7 SYSTEMPATH\CodeIgniter.php(499): CodeIgniter\CodeIgniter->runController(Object(App\Controllers\DropdownAjaxController))
 8 SYSTEMPATH\CodeIgniter.php(368): CodeIgniter\CodeIgniter->handleRequest(null, Object(Config\Cache), false)
 9 FCPATH\index.php(67): CodeIgniter\CodeIgniter->run()
10 SYSTEMPATH\Commands\Server\rewrite.php(47): require_once('C:\\xampp\\htdocs\\KURIO\\appstarter3\\public\\index.php')
CRITICAL - 2023-07-05 10:01:52 --> CodeIgniter\BaseModel::findAll(): Argument #1 ($limit) must be of type int, string given, called in C:\xampp\htdocs\KURIO\appstarter3\app\Controllers\DropdownAjaxController.php on line 194
in SYSTEMPATH\BaseModel.php on line 601.
 1 APPPATH\Controllers\DropdownAjaxController.php(194): CodeIgniter\BaseModel->findAll('states')
 2 SYSTEMPATH\CodeIgniter.php(934): App\Controllers\DropdownAjaxController->edit_list('9')
 3 SYSTEMPATH\CodeIgniter.php(499): CodeIgniter\CodeIgniter->runController(Object(App\Controllers\DropdownAjaxController))
 4 SYSTEMPATH\CodeIgniter.php(368): CodeIgniter\CodeIgniter->handleRequest(null, Object(Config\Cache), false)
 5 FCPATH\index.php(67): CodeIgniter\CodeIgniter->run()
 6 SYSTEMPATH\Commands\Server\rewrite.php(47): require_once('C:\\xampp\\htdocs\\KURIO\\appstarter3\\public\\index.php')
CRITICAL - 2023-07-05 10:02:28 --> Undefined variable $mainModel
in APPPATH\Controllers\DropdownAjaxController.php on line 194.
 1 APPPATH\Controllers\DropdownAjaxController.php(194): CodeIgniter\Debug\Exceptions->errorHandler(2, 'Undefined variable $mainModel', 'C:\\xampp\\htdocs\\KURIO\\appstarter3\\app\\Controllers\\DropdownAjaxController.php', 194)
 2 SYSTEMPATH\CodeIgniter.php(934): App\Controllers\DropdownAjaxController->edit_list('9')
 3 SYSTEMPATH\CodeIgniter.php(499): CodeIgniter\CodeIgniter->runController(Object(App\Controllers\DropdownAjaxController))
 4 SYSTEMPATH\CodeIgniter.php(368): CodeIgniter\CodeIgniter->handleRequest(null, Object(Config\Cache), false)
 5 FCPATH\index.php(67): CodeIgniter\CodeIgniter->run()
 6 SYSTEMPATH\Commands\Server\rewrite.php(47): require_once('C:\\xampp\\htdocs\\KURIO\\appstarter3\\public\\index.php')
CRITICAL - 2023-07-05 10:34:37 --> syntax error, unexpected token "echo", expecting "function" or "const"
in APPPATH\Controllers\DropdownAjaxController.php on line 221.
 1 SYSTEMPATH\Autoloader\Autoloader.php(289): CodeIgniter\Autoloader\Autoloader->includeFile('C:\\xampp\\htdocs\\KURIO\\appstarter3\\app\\Controllers\\DropdownAjaxController.php')
 2 SYSTEMPATH\Autoloader\Autoloader.php(267): CodeIgniter\Autoloader\Autoloader->loadInNamespace('App\\Controllers\\DropdownAjaxController')
 3 [internal function]: CodeIgniter\Autoloader\Autoloader->loadClass('App\\Controllers\\DropdownAjaxController')
 4 SYSTEMPATH\CodeIgniter.php(892): class_exists('\\App\\Controllers\\DropdownAjaxController', true)
 5 SYSTEMPATH\CodeIgniter.php(486): CodeIgniter\CodeIgniter->startController()
 6 SYSTEMPATH\CodeIgniter.php(368): CodeIgniter\CodeIgniter->handleRequest(null, Object(Config\Cache), false)
 7 FCPATH\index.php(67): CodeIgniter\CodeIgniter->run()
 8 SYSTEMPATH\Commands\Server\rewrite.php(47): require_once('C:\\xampp\\htdocs\\KURIO\\appstarter3\\public\\index.php')
CRITICAL - 2023-07-05 10:35:06 --> syntax error, unexpected token "echo", expecting "function" or "const"
in APPPATH\Controllers\DropdownAjaxController.php on line 222.
 1 SYSTEMPATH\Autoloader\Autoloader.php(289): CodeIgniter\Autoloader\Autoloader->includeFile('C:\\xampp\\htdocs\\KURIO\\appstarter3\\app\\Controllers\\DropdownAjaxController.php')
 2 SYSTEMPATH\Autoloader\Autoloader.php(267): CodeIgniter\Autoloader\Autoloader->loadInNamespace('App\\Controllers\\DropdownAjaxController')
 3 [internal function]: CodeIgniter\Autoloader\Autoloader->loadClass('App\\Controllers\\DropdownAjaxController')
 4 SYSTEMPATH\CodeIgniter.php(892): class_exists('\\App\\Controllers\\DropdownAjaxController', true)
 5 SYSTEMPATH\CodeIgniter.php(486): CodeIgniter\CodeIgniter->startController()
 6 SYSTEMPATH\CodeIgniter.php(368): CodeIgniter\CodeIgniter->handleRequest(null, Object(Config\Cache), false)
 7 FCPATH\index.php(67): CodeIgniter\CodeIgniter->run()
 8 SYSTEMPATH\Commands\Server\rewrite.php(47): require_once('C:\\xampp\\htdocs\\KURIO\\appstarter3\\public\\index.php')
CRITICAL - 2023-07-05 10:48:08 --> syntax error, unexpected token "{", expecting "("
in APPPATH\Controllers\DropdownAjaxController.php on line 200.
 1 SYSTEMPATH\Autoloader\Autoloader.php(289): CodeIgniter\Autoloader\Autoloader->includeFile('C:\\xampp\\htdocs\\KURIO\\appstarter3\\app\\Controllers\\DropdownAjaxController.php')
 2 SYSTEMPATH\Autoloader\Autoloader.php(267): CodeIgniter\Autoloader\Autoloader->loadInNamespace('App\\Controllers\\DropdownAjaxController')
 3 [internal function]: CodeIgniter\Autoloader\Autoloader->loadClass('App\\Controllers\\DropdownAjaxController')
 4 SYSTEMPATH\CodeIgniter.php(892): class_exists('\\App\\Controllers\\DropdownAjaxController', true)
 5 SYSTEMPATH\CodeIgniter.php(486): CodeIgniter\CodeIgniter->startController()
 6 SYSTEMPATH\CodeIgniter.php(368): CodeIgniter\CodeIgniter->handleRequest(null, Object(Config\Cache), false)
 7 FCPATH\index.php(67): CodeIgniter\CodeIgniter->run()
 8 SYSTEMPATH\Commands\Server\rewrite.php(47): require_once('C:\\xampp\\htdocs\\KURIO\\appstarter3\\public\\index.php')
