CRITICAL - 2023-07-13 13:11:42 --> The framework needs the following extension(s) installed and loaded: intl.
in SYSTEMPATH\CodeIgniter.php on line 226.
 1 SYSTEMPATH\CodeIgniter.php(226): CodeIgniter\Exceptions\FrameworkException::forMissingExtension('intl')
 2 SYSTEMPATH\CodeIgniter.php(190): CodeIgniter\CodeIgniter->resolvePlatformExtensions()
 3 ROOTPATH\spark(83): CodeIgniter\CodeIgniter->initialize()
ERROR - 2023-07-13 11:17:50 --> Error connecting to the database: mysqli_sql_exception: Unknown database 'codeigniter_db' in C:\xampp\htdocs\KURIO\appstarter3\system\Database\MySQLi\Connection.php:174
Stack trace:
#0 C:\xampp\htdocs\KURIO\appstarter3\system\Database\MySQLi\Connection.php(174): mysqli->real_connect('localhost', 'root', '', 'codeigniter_db', 3306, '', 0)
#1 C:\xampp\htdocs\KURIO\appstarter3\system\Database\BaseConnection.php(391): CodeIgniter\Database\MySQLi\Connection->connect(false)
#2 C:\xampp\htdocs\KURIO\appstarter3\system\Database\BaseConnection.php(574): CodeIgniter\Database\BaseConnection->initialize()
#3 C:\xampp\htdocs\KURIO\appstarter3\system\Database\BaseBuilder.php(1616): CodeIgniter\Database\BaseConnection->query('SELECT *\nFROM `...', Array, false)
#4 C:\xampp\htdocs\KURIO\appstarter3\system\Model.php(268): CodeIgniter\Database\BaseBuilder->get()
#5 C:\xampp\htdocs\KURIO\appstarter3\system\BaseModel.php(656): CodeIgniter\Model->doFirst()
#6 C:\xampp\htdocs\KURIO\appstarter3\app\Controllers\UserController.php(22): CodeIgniter\BaseModel->first()
#7 C:\xampp\htdocs\KURIO\appstarter3\system\CodeIgniter.php(934): App\Controllers\UserController->loginAuth()
#8 C:\xampp\htdocs\KURIO\appstarter3\system\CodeIgniter.php(499): CodeIgniter\CodeIgniter->runController(Object(App\Controllers\UserController))
#9 C:\xampp\htdocs\KURIO\appstarter3\system\CodeIgniter.php(368): CodeIgniter\CodeIgniter->handleRequest(NULL, Object(Config\Cache), false)
#10 C:\xampp\htdocs\KURIO\appstarter3\public\index.php(67): CodeIgniter\CodeIgniter->run()
#11 C:\xampp\htdocs\KURIO\appstarter3\system\Commands\Server\rewrite.php(47): require_once('C:\\xampp\\htdocs...')
#12 {main}

Next CodeIgniter\Database\Exceptions\DatabaseException: Unknown database 'codeigniter_db' in C:\xampp\htdocs\KURIO\appstarter3\system\Database\MySQLi\Connection.php:218
Stack trace:
#0 C:\xampp\htdocs\KURIO\appstarter3\system\Database\BaseConnection.php(391): CodeIgniter\Database\MySQLi\Connection->connect(false)
#1 C:\xampp\htdocs\KURIO\appstarter3\system\Database\BaseConnection.php(574): CodeIgniter\Database\BaseConnection->initialize()
#2 C:\xampp\htdocs\KURIO\appstarter3\system\Database\BaseBuilder.php(1616): CodeIgniter\Database\BaseConnection->query('SELECT *\nFROM `...', Array, false)
#3 C:\xampp\htdocs\KURIO\appstarter3\system\Model.php(268): CodeIgniter\Database\BaseBuilder->get()
#4 C:\xampp\htdocs\KURIO\appstarter3\system\BaseModel.php(656): CodeIgniter\Model->doFirst()
#5 C:\xampp\htdocs\KURIO\appstarter3\app\Controllers\UserController.php(22): CodeIgniter\BaseModel->first()
#6 C:\xampp\htdocs\KURIO\appstarter3\system\CodeIgniter.php(934): App\Controllers\UserController->loginAuth()
#7 C:\xampp\htdocs\KURIO\appstarter3\system\CodeIgniter.php(499): CodeIgniter\CodeIgniter->runController(Object(App\Controllers\UserController))
#8 C:\xampp\htdocs\KURIO\appstarter3\system\CodeIgniter.php(368): CodeIgniter\CodeIgniter->handleRequest(NULL, Object(Config\Cache), false)
#9 C:\xampp\htdocs\KURIO\appstarter3\public\index.php(67): CodeIgniter\CodeIgniter->run()
#10 C:\xampp\htdocs\KURIO\appstarter3\system\Commands\Server\rewrite.php(47): require_once('C:\\xampp\\htdocs...')
#11 {main}
CRITICAL - 2023-07-13 11:17:50 --> Unable to connect to the database.
Main connection [MySQLi]: Unknown database 'codeigniter_db'
in SYSTEMPATH\Database\BaseConnection.php on line 427.
 1 SYSTEMPATH\Database\BaseConnection.php(574): CodeIgniter\Database\BaseConnection->initialize()
 2 SYSTEMPATH\Database\BaseBuilder.php(1616): CodeIgniter\Database\BaseConnection->query('SELECT *
FROM `customers`
WHERE `email` = :email:
 LIMIT 1', [...], false)
 3 SYSTEMPATH\Model.php(268): CodeIgniter\Database\BaseBuilder->get()
 4 SYSTEMPATH\BaseModel.php(656): CodeIgniter\Model->doFirst()
 5 APPPATH\Controllers\UserController.php(22): CodeIgniter\BaseModel->first()
 6 SYSTEMPATH\CodeIgniter.php(934): App\Controllers\UserController->loginAuth()
 7 SYSTEMPATH\CodeIgniter.php(499): CodeIgniter\CodeIgniter->runController(Object(App\Controllers\UserController))
 8 SYSTEMPATH\CodeIgniter.php(368): CodeIgniter\CodeIgniter->handleRequest(null, Object(Config\Cache), false)
 9 FCPATH\index.php(67): CodeIgniter\CodeIgniter->run()
10 SYSTEMPATH\Commands\Server\rewrite.php(47): require_once('C:\\xampp\\htdocs\\KURIO\\appstarter3\\public\\index.php')
