CRITICAL - 2023-06-30 08:08:34 --> Undefined variable $userlist
in APPPATH\Views\dropdown-view.php on line 116.
 1 APPPATH\Views\dropdown-view.php(116): CodeIgniter\Debug\Exceptions->errorHandler(2, 'Undefined variable $userlist', 'C:\\xampp\\htdocs\\KURIO\\appstarter3\\app\\Views\\dropdown-view.php', 116)
 2 SYSTEMPATH\View\View.php(213): include('C:\\xampp\\htdocs\\KURIO\\appstarter3\\app\\Views\\dropdown-view.php')
 3 SYSTEMPATH\View\View.php(216): CodeIgniter\View\View->CodeIgniter\View\{closure}()
 4 SYSTEMPATH\Common.php(1184): CodeIgniter\View\View->render('dropdown-view', [], true)
 5 APPPATH\Controllers\DropdownAjaxController.php(33): view('dropdown-view', [...])
 6 SYSTEMPATH\CodeIgniter.php(934): App\Controllers\DropdownAjaxController->index()
 7 SYSTEMPATH\CodeIgniter.php(499): CodeIgniter\CodeIgniter->runController(Object(App\Controllers\DropdownAjaxController))
 8 SYSTEMPATH\CodeIgniter.php(368): CodeIgniter\CodeIgniter->handleRequest(null, Object(Config\Cache), false)
 9 FCPATH\index.php(67): CodeIgniter\CodeIgniter->run()
10 SYSTEMPATH\Commands\Server\rewrite.php(47): require_once('C:\\xampp\\htdocs\\KURIO\\appstarter3\\public\\index.php')
CRITICAL - 2023-06-30 10:13:02 --> Object of class CodeIgniter\HTTP\IncomingRequest could not be converted to string
in APPPATH\Controllers\DropdownAjaxController.php on line 101.
 1 SYSTEMPATH\CodeIgniter.php(934): App\Controllers\DropdownAjaxController->update_dropdown()
 2 SYSTEMPATH\CodeIgniter.php(499): CodeIgniter\CodeIgniter->runController(Object(App\Controllers\DropdownAjaxController))
 3 SYSTEMPATH\CodeIgniter.php(368): CodeIgniter\CodeIgniter->handleRequest(null, Object(Config\Cache), false)
 4 FCPATH\index.php(67): CodeIgniter\CodeIgniter->run()
 5 SYSTEMPATH\Commands\Server\rewrite.php(47): require_once('C:\\xampp\\htdocs\\KURIO\\appstarter3\\public\\index.php')
CRITICAL - 2023-06-30 11:48:24 --> syntax error, unexpected token "else"
in APPPATH\Controllers\DropdownAjaxController.php on line 122.
 1 SYSTEMPATH\Autoloader\Autoloader.php(289): CodeIgniter\Autoloader\Autoloader->includeFile('C:\\xampp\\htdocs\\KURIO\\appstarter3\\app\\Controllers\\DropdownAjaxController.php')
 2 SYSTEMPATH\Autoloader\Autoloader.php(267): CodeIgniter\Autoloader\Autoloader->loadInNamespace('App\\Controllers\\DropdownAjaxController')
 3 [internal function]: CodeIgniter\Autoloader\Autoloader->loadClass('App\\Controllers\\DropdownAjaxController')
 4 SYSTEMPATH\CodeIgniter.php(892): class_exists('\\App\\Controllers\\DropdownAjaxController', true)
 5 SYSTEMPATH\CodeIgniter.php(486): CodeIgniter\CodeIgniter->startController()
 6 SYSTEMPATH\CodeIgniter.php(368): CodeIgniter\CodeIgniter->handleRequest(null, Object(Config\Cache), false)
 7 FCPATH\index.php(67): CodeIgniter\CodeIgniter->run()
 8 SYSTEMPATH\Commands\Server\rewrite.php(47): require_once('C:\\xampp\\htdocs\\KURIO\\appstarter3\\public\\index.php')
CRITICAL - 2023-06-30 11:49:16 --> Unmatched '}'
in APPPATH\Controllers\DropdownAjaxController.php on line 136.
 1 SYSTEMPATH\Autoloader\Autoloader.php(289): CodeIgniter\Autoloader\Autoloader->includeFile('C:\\xampp\\htdocs\\KURIO\\appstarter3\\app\\Controllers\\DropdownAjaxController.php')
 2 SYSTEMPATH\Autoloader\Autoloader.php(267): CodeIgniter\Autoloader\Autoloader->loadInNamespace('App\\Controllers\\DropdownAjaxController')
 3 [internal function]: CodeIgniter\Autoloader\Autoloader->loadClass('App\\Controllers\\DropdownAjaxController')
 4 SYSTEMPATH\CodeIgniter.php(892): class_exists('\\App\\Controllers\\DropdownAjaxController', true)
 5 SYSTEMPATH\CodeIgniter.php(486): CodeIgniter\CodeIgniter->startController()
 6 SYSTEMPATH\CodeIgniter.php(368): CodeIgniter\CodeIgniter->handleRequest(null, Object(Config\Cache), false)
 7 FCPATH\index.php(67): CodeIgniter\CodeIgniter->run()
 8 SYSTEMPATH\Commands\Server\rewrite.php(47): require_once('C:\\xampp\\htdocs\\KURIO\\appstarter3\\public\\index.php')
