CRITICAL - 2023-09-28 04:22:17 --> Invalid argument supplied for foreach()
in APPPATH\Controllers\ProfileController.php on line 226.
 1 APPPATH\Controllers\ProfileController.php(226): CodeIgniter\Debug\Exceptions->errorHandler(2, 'Invalid argument supplied for foreach()', 'C:\\xampp\\htdocs\\KURIO\\appstarter3\\app\\Controllers\\ProfileController.php', 226, [...])
 2 SYSTEMPATH\CodeIgniter.php(934): App\Controllers\ProfileController->uploadfile()
 3 SYSTEMPATH\CodeIgniter.php(499): CodeIgniter\CodeIgniter->runController(Object(App\Controllers\ProfileController))
 4 SYSTEMPATH\CodeIgniter.php(368): CodeIgniter\CodeIgniter->handleRequest(null, Object(Config\Cache), false)
 5 FCPATH\index.php(67): CodeIgniter\CodeIgniter->run()
 6 SYSTEMPATH\Commands\Server\rewrite.php(47): require_once('C:\\xampp\\htdocs\\KURIO\\appstarter3\\public\\index.php')
CRITICAL - 2023-09-28 04:24:47 --> Invalid argument supplied for foreach()
in APPPATH\Controllers\ProfileController.php on line 226.
 1 APPPATH\Controllers\ProfileController.php(226): CodeIgniter\Debug\Exceptions->errorHandler(2, 'Invalid argument supplied for foreach()', 'C:\\xampp\\htdocs\\KURIO\\appstarter3\\app\\Controllers\\ProfileController.php', 226, [...])
 2 SYSTEMPATH\CodeIgniter.php(934): App\Controllers\ProfileController->uploadfile()
 3 SYSTEMPATH\CodeIgniter.php(499): CodeIgniter\CodeIgniter->runController(Object(App\Controllers\ProfileController))
 4 SYSTEMPATH\CodeIgniter.php(368): CodeIgniter\CodeIgniter->handleRequest(null, Object(Config\Cache), false)
 5 FCPATH\index.php(67): CodeIgniter\CodeIgniter->run()
 6 SYSTEMPATH\Commands\Server\rewrite.php(47): require_once('C:\\xampp\\htdocs\\KURIO\\appstarter3\\public\\index.php')
CRITICAL - 2023-09-28 04:27:40 --> Invalid argument supplied for foreach()
in APPPATH\Controllers\ProfileController.php on line 226.
 1 APPPATH\Controllers\ProfileController.php(226): CodeIgniter\Debug\Exceptions->errorHandler(2, 'Invalid argument supplied for foreach()', 'C:\\xampp\\htdocs\\KURIO\\appstarter3\\app\\Controllers\\ProfileController.php', 226, [...])
 2 SYSTEMPATH\CodeIgniter.php(934): App\Controllers\ProfileController->uploadfile()
 3 SYSTEMPATH\CodeIgniter.php(499): CodeIgniter\CodeIgniter->runController(Object(App\Controllers\ProfileController))
 4 SYSTEMPATH\CodeIgniter.php(368): CodeIgniter\CodeIgniter->handleRequest(null, Object(Config\Cache), false)
 5 FCPATH\index.php(67): CodeIgniter\CodeIgniter->run()
 6 SYSTEMPATH\Commands\Server\rewrite.php(47): require_once('C:\\xampp\\htdocs\\KURIO\\appstarter3\\public\\index.php')
CRITICAL - 2023-09-28 04:55:20 --> Invalid argument supplied for foreach()
in APPPATH\Controllers\ProfileController.php on line 227.
 1 APPPATH\Controllers\ProfileController.php(227): CodeIgniter\Debug\Exceptions->errorHandler(2, 'Invalid argument supplied for foreach()', 'C:\\xampp\\htdocs\\KURIO\\appstarter3\\app\\Controllers\\ProfileController.php', 227, [...])
 2 SYSTEMPATH\CodeIgniter.php(934): App\Controllers\ProfileController->uploadfile()
 3 SYSTEMPATH\CodeIgniter.php(499): CodeIgniter\CodeIgniter->runController(Object(App\Controllers\ProfileController))
 4 SYSTEMPATH\CodeIgniter.php(368): CodeIgniter\CodeIgniter->handleRequest(null, Object(Config\Cache), false)
 5 FCPATH\index.php(67): CodeIgniter\CodeIgniter->run()
 6 SYSTEMPATH\Commands\Server\rewrite.php(47): require_once('C:\\xampp\\htdocs\\KURIO\\appstarter3\\public\\index.php')
CRITICAL - 2023-09-28 07:24:11 --> Class 'App\Controllers\Employee' not found
in APPPATH\Controllers\EmployeeController.php on line 17.
 1 SYSTEMPATH\CodeIgniter.php(934): App\Controllers\EmployeeController->fetchAll()
 2 SYSTEMPATH\CodeIgniter.php(499): CodeIgniter\CodeIgniter->runController(Object(App\Controllers\EmployeeController))
 3 SYSTEMPATH\CodeIgniter.php(368): CodeIgniter\CodeIgniter->handleRequest(null, Object(Config\Cache), false)
 4 FCPATH\index.php(67): CodeIgniter\CodeIgniter->run()
 5 SYSTEMPATH\Commands\Server\rewrite.php(47): require_once('C:\\xampp\\htdocs\\KURIO\\appstarter3\\public\\index.php')
CRITICAL - 2023-09-28 07:24:41 --> Too few arguments to function App\Controllers\EmployeeController::store(), 0 passed in C:\xampp\htdocs\KURIO\appstarter3\system\CodeIgniter.php on line 934 and exactly 1 expected
in APPPATH\Controllers\EmployeeController.php on line 56.
 1 SYSTEMPATH\CodeIgniter.php(934): App\Controllers\EmployeeController->store()
 2 SYSTEMPATH\CodeIgniter.php(499): CodeIgniter\CodeIgniter->runController(Object(App\Controllers\EmployeeController))
 3 SYSTEMPATH\CodeIgniter.php(368): CodeIgniter\CodeIgniter->handleRequest(null, Object(Config\Cache), false)
 4 FCPATH\index.php(67): CodeIgniter\CodeIgniter->run()
 5 SYSTEMPATH\Commands\Server\rewrite.php(47): require_once('C:\\xampp\\htdocs\\KURIO\\appstarter3\\public\\index.php')
CRITICAL - 2023-09-28 07:34:47 --> Class 'App\Controllers\Employee' not found
in APPPATH\Controllers\EmployeeController.php on line 18.
 1 SYSTEMPATH\CodeIgniter.php(934): App\Controllers\EmployeeController->fetchAll()
 2 SYSTEMPATH\CodeIgniter.php(499): CodeIgniter\CodeIgniter->runController(Object(App\Controllers\EmployeeController))
 3 SYSTEMPATH\CodeIgniter.php(368): CodeIgniter\CodeIgniter->handleRequest(null, Object(Config\Cache), false)
 4 FCPATH\index.php(67): CodeIgniter\CodeIgniter->run()
 5 SYSTEMPATH\Commands\Server\rewrite.php(47): require_once('C:\\xampp\\htdocs\\KURIO\\appstarter3\\public\\index.php')
CRITICAL - 2023-09-28 07:35:20 --> Call to a member function file() on null
in APPPATH\Controllers\EmployeeController.php on line 59.
 1 SYSTEMPATH\CodeIgniter.php(934): App\Controllers\EmployeeController->store()
 2 SYSTEMPATH\CodeIgniter.php(499): CodeIgniter\CodeIgniter->runController(Object(App\Controllers\EmployeeController))
 3 SYSTEMPATH\CodeIgniter.php(368): CodeIgniter\CodeIgniter->handleRequest(null, Object(Config\Cache), false)
 4 FCPATH\index.php(67): CodeIgniter\CodeIgniter->run()
 5 SYSTEMPATH\Commands\Server\rewrite.php(47): require_once('C:\\xampp\\htdocs\\KURIO\\appstarter3\\public\\index.php')
CRITICAL - 2023-09-28 07:39:43 --> Class 'App\Controllers\Employee' not found
in APPPATH\Controllers\EmployeeController.php on line 18.
 1 SYSTEMPATH\CodeIgniter.php(934): App\Controllers\EmployeeController->fetchAll()
 2 SYSTEMPATH\CodeIgniter.php(499): CodeIgniter\CodeIgniter->runController(Object(App\Controllers\EmployeeController))
 3 SYSTEMPATH\CodeIgniter.php(368): CodeIgniter\CodeIgniter->handleRequest(null, Object(Config\Cache), false)
 4 FCPATH\index.php(67): CodeIgniter\CodeIgniter->run()
 5 SYSTEMPATH\Commands\Server\rewrite.php(47): require_once('C:\\xampp\\htdocs\\KURIO\\appstarter3\\public\\index.php')
CRITICAL - 2023-09-28 07:44:50 --> Class 'App\Controllers\Employee' not found
in APPPATH\Controllers\EmployeeController.php on line 18.
 1 SYSTEMPATH\CodeIgniter.php(934): App\Controllers\EmployeeController->fetchAll()
 2 SYSTEMPATH\CodeIgniter.php(499): CodeIgniter\CodeIgniter->runController(Object(App\Controllers\EmployeeController))
 3 SYSTEMPATH\CodeIgniter.php(368): CodeIgniter\CodeIgniter->handleRequest(null, Object(Config\Cache), false)
 4 FCPATH\index.php(67): CodeIgniter\CodeIgniter->run()
 5 SYSTEMPATH\Commands\Server\rewrite.php(47): require_once('C:\\xampp\\htdocs\\KURIO\\appstarter3\\public\\index.php')
CRITICAL - 2023-09-28 07:46:27 --> Class 'App\Controllers\Employee' not found
in APPPATH\Controllers\EmployeeController.php on line 18.
 1 SYSTEMPATH\CodeIgniter.php(934): App\Controllers\EmployeeController->fetchAll()
 2 SYSTEMPATH\CodeIgniter.php(499): CodeIgniter\CodeIgniter->runController(Object(App\Controllers\EmployeeController))
 3 SYSTEMPATH\CodeIgniter.php(368): CodeIgniter\CodeIgniter->handleRequest(null, Object(Config\Cache), false)
 4 FCPATH\index.php(67): CodeIgniter\CodeIgniter->run()
 5 SYSTEMPATH\Commands\Server\rewrite.php(47): require_once('C:\\xampp\\htdocs\\KURIO\\appstarter3\\public\\index.php')
CRITICAL - 2023-09-28 07:50:46 --> Class 'App\Controllers\Employee' not found
in APPPATH\Controllers\EmployeeController.php on line 18.
 1 SYSTEMPATH\CodeIgniter.php(934): App\Controllers\EmployeeController->fetchAll()
 2 SYSTEMPATH\CodeIgniter.php(499): CodeIgniter\CodeIgniter->runController(Object(App\Controllers\EmployeeController))
 3 SYSTEMPATH\CodeIgniter.php(368): CodeIgniter\CodeIgniter->handleRequest(null, Object(Config\Cache), false)
 4 FCPATH\index.php(67): CodeIgniter\CodeIgniter->run()
 5 SYSTEMPATH\Commands\Server\rewrite.php(47): require_once('C:\\xampp\\htdocs\\KURIO\\appstarter3\\public\\index.php')
CRITICAL - 2023-09-28 07:53:03 --> Class 'App\Controllers\Employee' not found
in APPPATH\Controllers\EmployeeController.php on line 18.
 1 SYSTEMPATH\CodeIgniter.php(934): App\Controllers\EmployeeController->fetchAll()
 2 SYSTEMPATH\CodeIgniter.php(499): CodeIgniter\CodeIgniter->runController(Object(App\Controllers\EmployeeController))
 3 SYSTEMPATH\CodeIgniter.php(368): CodeIgniter\CodeIgniter->handleRequest(null, Object(Config\Cache), false)
 4 FCPATH\index.php(67): CodeIgniter\CodeIgniter->run()
 5 SYSTEMPATH\Commands\Server\rewrite.php(47): require_once('C:\\xampp\\htdocs\\KURIO\\appstarter3\\public\\index.php')
CRITICAL - 2023-09-28 08:04:05 --> Class 'App\Controllers\Employee' not found
in APPPATH\Controllers\EmployeeController.php on line 18.
 1 SYSTEMPATH\CodeIgniter.php(934): App\Controllers\EmployeeController->fetchAll()
 2 SYSTEMPATH\CodeIgniter.php(499): CodeIgniter\CodeIgniter->runController(Object(App\Controllers\EmployeeController))
 3 SYSTEMPATH\CodeIgniter.php(368): CodeIgniter\CodeIgniter->handleRequest(null, Object(Config\Cache), false)
 4 FCPATH\index.php(67): CodeIgniter\CodeIgniter->run()
 5 SYSTEMPATH\Commands\Server\rewrite.php(47): require_once('C:\\xampp\\htdocs\\KURIO\\appstarter3\\public\\index.php')
CRITICAL - 2023-09-28 08:09:52 --> Class 'App\Controllers\Employee' not found
in APPPATH\Controllers\EmployeeController.php on line 18.
 1 SYSTEMPATH\CodeIgniter.php(934): App\Controllers\EmployeeController->fetchAll()
 2 SYSTEMPATH\CodeIgniter.php(499): CodeIgniter\CodeIgniter->runController(Object(App\Controllers\EmployeeController))
 3 SYSTEMPATH\CodeIgniter.php(368): CodeIgniter\CodeIgniter->handleRequest(null, Object(Config\Cache), false)
 4 FCPATH\index.php(67): CodeIgniter\CodeIgniter->run()
 5 SYSTEMPATH\Commands\Server\rewrite.php(47): require_once('C:\\xampp\\htdocs\\KURIO\\appstarter3\\public\\index.php')
CRITICAL - 2023-09-28 08:12:21 --> Class 'App\Controllers\Employee' not found
in APPPATH\Controllers\EmployeeController.php on line 18.
 1 SYSTEMPATH\CodeIgniter.php(934): App\Controllers\EmployeeController->fetchAll()
 2 SYSTEMPATH\CodeIgniter.php(499): CodeIgniter\CodeIgniter->runController(Object(App\Controllers\EmployeeController))
 3 SYSTEMPATH\CodeIgniter.php(368): CodeIgniter\CodeIgniter->handleRequest(null, Object(Config\Cache), false)
 4 FCPATH\index.php(67): CodeIgniter\CodeIgniter->run()
 5 SYSTEMPATH\Commands\Server\rewrite.php(47): require_once('C:\\xampp\\htdocs\\KURIO\\appstarter3\\public\\index.php')
CRITICAL - 2023-09-28 08:15:00 --> Class 'App\Controllers\Employee' not found
in APPPATH\Controllers\EmployeeController.php on line 18.
 1 SYSTEMPATH\CodeIgniter.php(934): App\Controllers\EmployeeController->fetchAll()
 2 SYSTEMPATH\CodeIgniter.php(499): CodeIgniter\CodeIgniter->runController(Object(App\Controllers\EmployeeController))
 3 SYSTEMPATH\CodeIgniter.php(368): CodeIgniter\CodeIgniter->handleRequest(null, Object(Config\Cache), false)
 4 FCPATH\index.php(67): CodeIgniter\CodeIgniter->run()
 5 SYSTEMPATH\Commands\Server\rewrite.php(47): require_once('C:\\xampp\\htdocs\\KURIO\\appstarter3\\public\\index.php')
CRITICAL - 2023-09-28 08:17:24 --> Class 'App\Controllers\Employee' not found
in APPPATH\Controllers\EmployeeController.php on line 18.
 1 SYSTEMPATH\CodeIgniter.php(934): App\Controllers\EmployeeController->fetchAll()
 2 SYSTEMPATH\CodeIgniter.php(499): CodeIgniter\CodeIgniter->runController(Object(App\Controllers\EmployeeController))
 3 SYSTEMPATH\CodeIgniter.php(368): CodeIgniter\CodeIgniter->handleRequest(null, Object(Config\Cache), false)
 4 FCPATH\index.php(67): CodeIgniter\CodeIgniter->run()
 5 SYSTEMPATH\Commands\Server\rewrite.php(47): require_once('C:\\xampp\\htdocs\\KURIO\\appstarter3\\public\\index.php')
CRITICAL - 2023-09-28 08:21:20 --> Class 'App\Controllers\Employee' not found
in APPPATH\Controllers\EmployeeController.php on line 18.
 1 SYSTEMPATH\CodeIgniter.php(934): App\Controllers\EmployeeController->fetchAll()
 2 SYSTEMPATH\CodeIgniter.php(499): CodeIgniter\CodeIgniter->runController(Object(App\Controllers\EmployeeController))
 3 SYSTEMPATH\CodeIgniter.php(368): CodeIgniter\CodeIgniter->handleRequest(null, Object(Config\Cache), false)
 4 FCPATH\index.php(67): CodeIgniter\CodeIgniter->run()
 5 SYSTEMPATH\Commands\Server\rewrite.php(47): require_once('C:\\xampp\\htdocs\\KURIO\\appstarter3\\public\\index.php')
CRITICAL - 2023-09-28 08:26:00 --> Call to undefined method CodeIgniter\HTTP\Response::json()
in APPPATH\Controllers\EmployeeController.php on line 93.
 1 SYSTEMPATH\CodeIgniter.php(934): App\Controllers\EmployeeController->store()
 2 SYSTEMPATH\CodeIgniter.php(499): CodeIgniter\CodeIgniter->runController(Object(App\Controllers\EmployeeController))
 3 SYSTEMPATH\CodeIgniter.php(368): CodeIgniter\CodeIgniter->handleRequest(null, Object(Config\Cache), false)
 4 FCPATH\index.php(67): CodeIgniter\CodeIgniter->run()
 5 SYSTEMPATH\Commands\Server\rewrite.php(47): require_once('C:\\xampp\\htdocs\\KURIO\\appstarter3\\public\\index.php')
CRITICAL - 2023-09-28 08:27:01 --> Call to undefined method CodeIgniter\HTTP\Response::json()
in APPPATH\Controllers\EmployeeController.php on line 99.
 1 SYSTEMPATH\CodeIgniter.php(934): App\Controllers\EmployeeController->store()
 2 SYSTEMPATH\CodeIgniter.php(499): CodeIgniter\CodeIgniter->runController(Object(App\Controllers\EmployeeController))
 3 SYSTEMPATH\CodeIgniter.php(368): CodeIgniter\CodeIgniter->handleRequest(null, Object(Config\Cache), false)
 4 FCPATH\index.php(67): CodeIgniter\CodeIgniter->run()
 5 SYSTEMPATH\Commands\Server\rewrite.php(47): require_once('C:\\xampp\\htdocs\\KURIO\\appstarter3\\public\\index.php')
CRITICAL - 2023-09-28 08:27:06 --> Class 'App\Controllers\Employee' not found
in APPPATH\Controllers\EmployeeController.php on line 18.
 1 SYSTEMPATH\CodeIgniter.php(934): App\Controllers\EmployeeController->fetchAll()
 2 SYSTEMPATH\CodeIgniter.php(499): CodeIgniter\CodeIgniter->runController(Object(App\Controllers\EmployeeController))
 3 SYSTEMPATH\CodeIgniter.php(368): CodeIgniter\CodeIgniter->handleRequest(null, Object(Config\Cache), false)
 4 FCPATH\index.php(67): CodeIgniter\CodeIgniter->run()
 5 SYSTEMPATH\Commands\Server\rewrite.php(47): require_once('C:\\xampp\\htdocs\\KURIO\\appstarter3\\public\\index.php')
CRITICAL - 2023-09-28 08:27:22 --> Call to undefined method CodeIgniter\HTTP\Response::json()
in APPPATH\Controllers\EmployeeController.php on line 99.
 1 SYSTEMPATH\CodeIgniter.php(934): App\Controllers\EmployeeController->store()
 2 SYSTEMPATH\CodeIgniter.php(499): CodeIgniter\CodeIgniter->runController(Object(App\Controllers\EmployeeController))
 3 SYSTEMPATH\CodeIgniter.php(368): CodeIgniter\CodeIgniter->handleRequest(null, Object(Config\Cache), false)
 4 FCPATH\index.php(67): CodeIgniter\CodeIgniter->run()
 5 SYSTEMPATH\Commands\Server\rewrite.php(47): require_once('C:\\xampp\\htdocs\\KURIO\\appstarter3\\public\\index.php')
CRITICAL - 2023-09-28 08:34:34 --> Class 'App\Controllers\Employee' not found
in APPPATH\Controllers\EmployeeController.php on line 18.
 1 SYSTEMPATH\CodeIgniter.php(934): App\Controllers\EmployeeController->fetchAll()
 2 SYSTEMPATH\CodeIgniter.php(499): CodeIgniter\CodeIgniter->runController(Object(App\Controllers\EmployeeController))
 3 SYSTEMPATH\CodeIgniter.php(368): CodeIgniter\CodeIgniter->handleRequest(null, Object(Config\Cache), false)
 4 FCPATH\index.php(67): CodeIgniter\CodeIgniter->run()
 5 SYSTEMPATH\Commands\Server\rewrite.php(47): require_once('C:\\xampp\\htdocs\\KURIO\\appstarter3\\public\\index.php')
CRITICAL - 2023-09-28 09:22:07 --> Class 'App\Controllers\Employee' not found
in APPPATH\Controllers\EmployeeController.php on line 18.
 1 SYSTEMPATH\CodeIgniter.php(934): App\Controllers\EmployeeController->fetchAll()
 2 SYSTEMPATH\CodeIgniter.php(499): CodeIgniter\CodeIgniter->runController(Object(App\Controllers\EmployeeController))
 3 SYSTEMPATH\CodeIgniter.php(368): CodeIgniter\CodeIgniter->handleRequest(null, Object(Config\Cache), false)
 4 FCPATH\index.php(67): CodeIgniter\CodeIgniter->run()
 5 SYSTEMPATH\Commands\Server\rewrite.php(47): require_once('C:\\xampp\\htdocs\\KURIO\\appstarter3\\public\\index.php')
CRITICAL - 2023-09-28 09:22:40 --> Call to undefined method CodeIgniter\HTTP\Response::json()
in APPPATH\Controllers\EmployeeController.php on line 95.
 1 SYSTEMPATH\CodeIgniter.php(934): App\Controllers\EmployeeController->store()
 2 SYSTEMPATH\CodeIgniter.php(499): CodeIgniter\CodeIgniter->runController(Object(App\Controllers\EmployeeController))
 3 SYSTEMPATH\CodeIgniter.php(368): CodeIgniter\CodeIgniter->handleRequest(null, Object(Config\Cache), false)
 4 FCPATH\index.php(67): CodeIgniter\CodeIgniter->run()
 5 SYSTEMPATH\Commands\Server\rewrite.php(47): require_once('C:\\xampp\\htdocs\\KURIO\\appstarter3\\public\\index.php')
CRITICAL - 2023-09-28 09:23:32 --> Class 'App\Controllers\Employee' not found
in APPPATH\Controllers\EmployeeController.php on line 18.
 1 SYSTEMPATH\CodeIgniter.php(934): App\Controllers\EmployeeController->fetchAll()
 2 SYSTEMPATH\CodeIgniter.php(499): CodeIgniter\CodeIgniter->runController(Object(App\Controllers\EmployeeController))
 3 SYSTEMPATH\CodeIgniter.php(368): CodeIgniter\CodeIgniter->handleRequest(null, Object(Config\Cache), false)
 4 FCPATH\index.php(67): CodeIgniter\CodeIgniter->run()
 5 SYSTEMPATH\Commands\Server\rewrite.php(47): require_once('C:\\xampp\\htdocs\\KURIO\\appstarter3\\public\\index.php')
CRITICAL - 2023-09-28 09:24:26 --> Call to undefined method CodeIgniter\HTTP\Response::json()
in APPPATH\Controllers\EmployeeController.php on line 96.
 1 SYSTEMPATH\CodeIgniter.php(934): App\Controllers\EmployeeController->store()
 2 SYSTEMPATH\CodeIgniter.php(499): CodeIgniter\CodeIgniter->runController(Object(App\Controllers\EmployeeController))
 3 SYSTEMPATH\CodeIgniter.php(368): CodeIgniter\CodeIgniter->handleRequest(null, Object(Config\Cache), false)
 4 FCPATH\index.php(67): CodeIgniter\CodeIgniter->run()
 5 SYSTEMPATH\Commands\Server\rewrite.php(47): require_once('C:\\xampp\\htdocs\\KURIO\\appstarter3\\public\\index.php')
CRITICAL - 2023-09-28 09:24:53 --> Call to undefined method CodeIgniter\HTTP\Response::json()
in APPPATH\Controllers\EmployeeController.php on line 96.
 1 SYSTEMPATH\CodeIgniter.php(934): App\Controllers\EmployeeController->store()
 2 SYSTEMPATH\CodeIgniter.php(499): CodeIgniter\CodeIgniter->runController(Object(App\Controllers\EmployeeController))
 3 SYSTEMPATH\CodeIgniter.php(368): CodeIgniter\CodeIgniter->handleRequest(null, Object(Config\Cache), false)
 4 FCPATH\index.php(67): CodeIgniter\CodeIgniter->run()
 5 SYSTEMPATH\Commands\Server\rewrite.php(47): require_once('C:\\xampp\\htdocs\\KURIO\\appstarter3\\public\\index.php')
CRITICAL - 2023-09-28 09:27:32 --> Call to undefined method CodeIgniter\HTTP\Response::json()
in APPPATH\Controllers\EmployeeController.php on line 94.
 1 SYSTEMPATH\CodeIgniter.php(934): App\Controllers\EmployeeController->store()
 2 SYSTEMPATH\CodeIgniter.php(499): CodeIgniter\CodeIgniter->runController(Object(App\Controllers\EmployeeController))
 3 SYSTEMPATH\CodeIgniter.php(368): CodeIgniter\CodeIgniter->handleRequest(null, Object(Config\Cache), false)
 4 FCPATH\index.php(67): CodeIgniter\CodeIgniter->run()
 5 SYSTEMPATH\Commands\Server\rewrite.php(47): require_once('C:\\xampp\\htdocs\\KURIO\\appstarter3\\public\\index.php')
CRITICAL - 2023-09-28 09:35:12 --> Class 'App\Controllers\Employee' not found
in APPPATH\Controllers\EmployeeController.php on line 18.
 1 SYSTEMPATH\CodeIgniter.php(934): App\Controllers\EmployeeController->fetchAll()
 2 SYSTEMPATH\CodeIgniter.php(499): CodeIgniter\CodeIgniter->runController(Object(App\Controllers\EmployeeController))
 3 SYSTEMPATH\CodeIgniter.php(368): CodeIgniter\CodeIgniter->handleRequest(null, Object(Config\Cache), false)
 4 FCPATH\index.php(67): CodeIgniter\CodeIgniter->run()
 5 SYSTEMPATH\Commands\Server\rewrite.php(47): require_once('C:\\xampp\\htdocs\\KURIO\\appstarter3\\public\\index.php')
CRITICAL - 2023-09-28 09:35:41 --> Class 'App\Controllers\Employee' not found
in APPPATH\Controllers\EmployeeController.php on line 18.
 1 SYSTEMPATH\CodeIgniter.php(934): App\Controllers\EmployeeController->fetchAll()
 2 SYSTEMPATH\CodeIgniter.php(499): CodeIgniter\CodeIgniter->runController(Object(App\Controllers\EmployeeController))
 3 SYSTEMPATH\CodeIgniter.php(368): CodeIgniter\CodeIgniter->handleRequest(null, Object(Config\Cache), false)
 4 FCPATH\index.php(67): CodeIgniter\CodeIgniter->run()
 5 SYSTEMPATH\Commands\Server\rewrite.php(47): require_once('C:\\xampp\\htdocs\\KURIO\\appstarter3\\public\\index.php')
CRITICAL - 2023-09-28 09:42:21 --> Call to a member function count() on array
in APPPATH\Controllers\EmployeeController.php on line 21.
 1 SYSTEMPATH\CodeIgniter.php(934): App\Controllers\EmployeeController->fetchAll()
 2 SYSTEMPATH\CodeIgniter.php(499): CodeIgniter\CodeIgniter->runController(Object(App\Controllers\EmployeeController))
 3 SYSTEMPATH\CodeIgniter.php(368): CodeIgniter\CodeIgniter->handleRequest(null, Object(Config\Cache), false)
 4 FCPATH\index.php(67): CodeIgniter\CodeIgniter->run()
 5 SYSTEMPATH\Commands\Server\rewrite.php(47): require_once('C:\\xampp\\htdocs\\KURIO\\appstarter3\\public\\index.php')
CRITICAL - 2023-09-28 11:51:38 --> Too few arguments to function App\Controllers\EmployeeController::update(), 0 passed in C:\xampp\htdocs\KURIO\appstarter3\system\CodeIgniter.php on line 934 and exactly 1 expected
in APPPATH\Controllers\EmployeeController.php on line 122.
 1 SYSTEMPATH\CodeIgniter.php(934): App\Controllers\EmployeeController->update()
 2 SYSTEMPATH\CodeIgniter.php(499): CodeIgniter\CodeIgniter->runController(Object(App\Controllers\EmployeeController))
 3 SYSTEMPATH\CodeIgniter.php(368): CodeIgniter\CodeIgniter->handleRequest(null, Object(Config\Cache), false)
 4 FCPATH\index.php(67): CodeIgniter\CodeIgniter->run()
 5 SYSTEMPATH\Commands\Server\rewrite.php(47): require_once('C:\\xampp\\htdocs\\KURIO\\appstarter3\\public\\index.php')
CRITICAL - 2023-09-28 12:20:22 --> Too few arguments to function App\Controllers\EmployeeController::update(), 0 passed in C:\xampp\htdocs\KURIO\appstarter3\system\CodeIgniter.php on line 934 and exactly 1 expected
in APPPATH\Controllers\EmployeeController.php on line 122.
 1 SYSTEMPATH\CodeIgniter.php(934): App\Controllers\EmployeeController->update()
 2 SYSTEMPATH\CodeIgniter.php(499): CodeIgniter\CodeIgniter->runController(Object(App\Controllers\EmployeeController))
 3 SYSTEMPATH\CodeIgniter.php(368): CodeIgniter\CodeIgniter->handleRequest(null, Object(Config\Cache), false)
 4 FCPATH\index.php(67): CodeIgniter\CodeIgniter->run()
 5 SYSTEMPATH\Commands\Server\rewrite.php(47): require_once('C:\\xampp\\htdocs\\KURIO\\appstarter3\\public\\index.php')
CRITICAL - 2023-09-28 13:17:45 --> Too few arguments to function App\Controllers\EmployeeController::update(), 0 passed in C:\xampp\htdocs\KURIO\appstarter3\system\CodeIgniter.php on line 934 and exactly 1 expected
in APPPATH\Controllers\EmployeeController.php on line 122.
 1 SYSTEMPATH\CodeIgniter.php(934): App\Controllers\EmployeeController->update()
 2 SYSTEMPATH\CodeIgniter.php(499): CodeIgniter\CodeIgniter->runController(Object(App\Controllers\EmployeeController))
 3 SYSTEMPATH\CodeIgniter.php(368): CodeIgniter\CodeIgniter->handleRequest(null, Object(Config\Cache), false)
 4 FCPATH\index.php(67): CodeIgniter\CodeIgniter->run()
 5 SYSTEMPATH\Commands\Server\rewrite.php(47): require_once('C:\\xampp\\htdocs\\KURIO\\appstarter3\\public\\index.php')
