CRITICAL - 2023-06-21 04:31:43 --> syntax error, unexpected token "return", expecting ";"
in APPPATH\Controllers\ProfileController.php on line 160.
 1 SYSTEMPATH\Autoloader\Autoloader.php(289): CodeIgniter\Autoloader\Autoloader->includeFile('C:\\xampp\\htdocs\\KURIO\\appstarter3\\app\\Controllers\\ProfileController.php')
 2 SYSTEMPATH\Autoloader\Autoloader.php(267): CodeIgniter\Autoloader\Autoloader->loadInNamespace('App\\Controllers\\ProfileController')
 3 [internal function]: CodeIgniter\Autoloader\Autoloader->loadClass('App\\Controllers\\ProfileController')
 4 SYSTEMPATH\CodeIgniter.php(892): class_exists('\\App\\Controllers\\ProfileController', true)
 5 SYSTEMPATH\CodeIgniter.php(486): CodeIgniter\CodeIgniter->startController()
 6 SYSTEMPATH\CodeIgniter.php(368): CodeIgniter\CodeIgniter->handleRequest(null, Object(Config\Cache), false)
 7 FCPATH\index.php(67): CodeIgniter\CodeIgniter->run()
 8 SYSTEMPATH\Commands\Server\rewrite.php(47): require_once('C:\\xampp\\htdocs\\KURIO\\appstarter3\\public\\index.php')
CRITICAL - 2023-06-21 04:32:21 --> Undefined variable $userlist
in APPPATH\Views\file.php on line 39.
 1 APPPATH\Views\file.php(39): CodeIgniter\Debug\Exceptions->errorHandler(2, 'Undefined variable $userlist', 'C:\\xampp\\htdocs\\KURIO\\appstarter3\\app\\Views\\file.php', 39)
 2 SYSTEMPATH\View\View.php(213): include('C:\\xampp\\htdocs\\KURIO\\appstarter3\\app\\Views\\file.php')
 3 SYSTEMPATH\View\View.php(216): CodeIgniter\View\View->CodeIgniter\View\{closure}()
 4 SYSTEMPATH\Common.php(1184): CodeIgniter\View\View->render('file', [], true)
 5 APPPATH\Controllers\ProfileController.php(160): view('file', [...])
 6 SYSTEMPATH\CodeIgniter.php(934): App\Controllers\ProfileController->uploadfile()
 7 SYSTEMPATH\CodeIgniter.php(499): CodeIgniter\CodeIgniter->runController(Object(App\Controllers\ProfileController))
 8 SYSTEMPATH\CodeIgniter.php(368): CodeIgniter\CodeIgniter->handleRequest(null, Object(Config\Cache), false)
 9 FCPATH\index.php(67): CodeIgniter\CodeIgniter->run()
10 SYSTEMPATH\Commands\Server\rewrite.php(47): require_once('C:\\xampp\\htdocs\\KURIO\\appstarter3\\public\\index.php')
CRITICAL - 2023-06-21 05:07:32 --> Undefined variable $errors
in APPPATH\Views\file.php on line 11.
 1 APPPATH\Views\file.php(11): CodeIgniter\Debug\Exceptions->errorHandler(2, 'Undefined variable $errors', 'C:\\xampp\\htdocs\\KURIO\\appstarter3\\app\\Views\\file.php', 11)
 2 SYSTEMPATH\View\View.php(213): include('C:\\xampp\\htdocs\\KURIO\\appstarter3\\app\\Views\\file.php')
 3 SYSTEMPATH\View\View.php(216): CodeIgniter\View\View->CodeIgniter\View\{closure}()
 4 SYSTEMPATH\Common.php(1184): CodeIgniter\View\View->render('file', [], true)
 5 APPPATH\Controllers\ProfileController.php(140): view('file', [...])
 6 SYSTEMPATH\CodeIgniter.php(934): App\Controllers\ProfileController->file()
 7 SYSTEMPATH\CodeIgniter.php(499): CodeIgniter\CodeIgniter->runController(Object(App\Controllers\ProfileController))
 8 SYSTEMPATH\CodeIgniter.php(368): CodeIgniter\CodeIgniter->handleRequest(null, Object(Config\Cache), false)
 9 FCPATH\index.php(67): CodeIgniter\CodeIgniter->run()
10 SYSTEMPATH\Commands\Server\rewrite.php(47): require_once('C:\\xampp\\htdocs\\KURIO\\appstarter3\\public\\index.php')
ERROR - 2023-06-21 05:26:36 --> mysqli_sql_exception: Column 'parent_id' cannot be null in C:\xampp\htdocs\KURIO\appstarter3\system\Database\MySQLi\Connection.php:295
Stack trace:
#0 C:\xampp\htdocs\KURIO\appstarter3\system\Database\MySQLi\Connection.php(295): mysqli->query('INSERT INTO `mu...', 0)
#1 C:\xampp\htdocs\KURIO\appstarter3\system\Database\BaseConnection.php(692): CodeIgniter\Database\MySQLi\Connection->execute('INSERT INTO `mu...')
#2 C:\xampp\htdocs\KURIO\appstarter3\system\Database\BaseConnection.php(606): CodeIgniter\Database\BaseConnection->simpleQuery('INSERT INTO `mu...')
#3 C:\xampp\htdocs\KURIO\appstarter3\system\Database\BaseBuilder.php(2309): CodeIgniter\Database\BaseConnection->query('INSERT INTO `mu...', Array, false)
#4 C:\xampp\htdocs\KURIO\appstarter3\system\Model.php(330): CodeIgniter\Database\BaseBuilder->insert()
#5 C:\xampp\htdocs\KURIO\appstarter3\system\BaseModel.php(782): CodeIgniter\Model->doInsert(Array)
#6 C:\xampp\htdocs\KURIO\appstarter3\system\Model.php(730): CodeIgniter\BaseModel->insert(Array, true)
#7 C:\xampp\htdocs\KURIO\appstarter3\app\Controllers\ProfileController.php(190): CodeIgniter\Model->insert(Array)
#8 C:\xampp\htdocs\KURIO\appstarter3\system\CodeIgniter.php(934): App\Controllers\ProfileController->uploadfile()
#9 C:\xampp\htdocs\KURIO\appstarter3\system\CodeIgniter.php(499): CodeIgniter\CodeIgniter->runController(Object(App\Controllers\ProfileController))
#10 C:\xampp\htdocs\KURIO\appstarter3\system\CodeIgniter.php(368): CodeIgniter\CodeIgniter->handleRequest(NULL, Object(Config\Cache), false)
#11 C:\xampp\htdocs\KURIO\appstarter3\public\index.php(67): CodeIgniter\CodeIgniter->run()
#12 C:\xampp\htdocs\KURIO\appstarter3\system\Commands\Server\rewrite.php(47): require_once('C:\\xampp\\htdocs...')
#13 {main}
CRITICAL - 2023-06-21 05:26:36 --> Column 'parent_id' cannot be null
in SYSTEMPATH\Database\MySQLi\Connection.php on line 295.
 1 SYSTEMPATH\Database\MySQLi\Connection.php(295): mysqli->query('INSERT INTO `multiple_files` (`image`, `parent_id`) VALUES (\'1687325196_30ec5b6c1def123c8c99.zip\', NULL)', 0)
 2 SYSTEMPATH\Database\BaseConnection.php(692): CodeIgniter\Database\MySQLi\Connection->execute('INSERT INTO `multiple_files` (`image`, `parent_id`) VALUES (\'1687325196_30ec5b6c1def123c8c99.zip\', NULL)')
 3 SYSTEMPATH\Database\BaseConnection.php(606): CodeIgniter\Database\BaseConnection->simpleQuery('INSERT INTO `multiple_files` (`image`, `parent_id`) VALUES (\'1687325196_30ec5b6c1def123c8c99.zip\', NULL)')
 4 SYSTEMPATH\Database\BaseBuilder.php(2309): CodeIgniter\Database\BaseConnection->query('INSERT INTO `multiple_files` (`image`, `parent_id`) VALUES (:image:, :parent_id:)', [...], false)
 5 SYSTEMPATH\Model.php(330): CodeIgniter\Database\BaseBuilder->insert()
 6 SYSTEMPATH\BaseModel.php(782): CodeIgniter\Model->doInsert([...])
 7 SYSTEMPATH\Model.php(730): CodeIgniter\BaseModel->insert([...], true)
 8 APPPATH\Controllers\ProfileController.php(190): CodeIgniter\Model->insert([...])
 9 SYSTEMPATH\CodeIgniter.php(934): App\Controllers\ProfileController->uploadfile()
10 SYSTEMPATH\CodeIgniter.php(499): CodeIgniter\CodeIgniter->runController(Object(App\Controllers\ProfileController))
11 SYSTEMPATH\CodeIgniter.php(368): CodeIgniter\CodeIgniter->handleRequest(null, Object(Config\Cache), false)
12 FCPATH\index.php(67): CodeIgniter\CodeIgniter->run()
13 SYSTEMPATH\Commands\Server\rewrite.php(47): require_once('C:\\xampp\\htdocs\\KURIO\\appstarter3\\public\\index.php')
CRITICAL - 2023-06-21 05:30:38 --> syntax error, unexpected token ";"
in APPPATH\Controllers\ProfileController.php on line 170.
 1 SYSTEMPATH\Autoloader\Autoloader.php(289): CodeIgniter\Autoloader\Autoloader->includeFile('C:\\xampp\\htdocs\\KURIO\\appstarter3\\app\\Controllers\\ProfileController.php')
 2 SYSTEMPATH\Autoloader\Autoloader.php(267): CodeIgniter\Autoloader\Autoloader->loadInNamespace('App\\Controllers\\ProfileController')
 3 [internal function]: CodeIgniter\Autoloader\Autoloader->loadClass('App\\Controllers\\ProfileController')
 4 SYSTEMPATH\CodeIgniter.php(892): class_exists('\\App\\Controllers\\ProfileController', true)
 5 SYSTEMPATH\CodeIgniter.php(486): CodeIgniter\CodeIgniter->startController()
 6 SYSTEMPATH\CodeIgniter.php(368): CodeIgniter\CodeIgniter->handleRequest(null, Object(Config\Cache), false)
 7 FCPATH\index.php(67): CodeIgniter\CodeIgniter->run()
 8 SYSTEMPATH\Commands\Server\rewrite.php(47): require_once('C:\\xampp\\htdocs\\KURIO\\appstarter3\\public\\index.php')
ERROR - 2023-06-21 05:31:30 --> mysqli_sql_exception: Column 'parent_id' cannot be null in C:\xampp\htdocs\KURIO\appstarter3\system\Database\MySQLi\Connection.php:295
Stack trace:
#0 C:\xampp\htdocs\KURIO\appstarter3\system\Database\MySQLi\Connection.php(295): mysqli->query('INSERT INTO `mu...', 0)
#1 C:\xampp\htdocs\KURIO\appstarter3\system\Database\BaseConnection.php(692): CodeIgniter\Database\MySQLi\Connection->execute('INSERT INTO `mu...')
#2 C:\xampp\htdocs\KURIO\appstarter3\system\Database\BaseConnection.php(606): CodeIgniter\Database\BaseConnection->simpleQuery('INSERT INTO `mu...')
#3 C:\xampp\htdocs\KURIO\appstarter3\system\Database\BaseBuilder.php(2309): CodeIgniter\Database\BaseConnection->query('INSERT INTO `mu...', Array, false)
#4 C:\xampp\htdocs\KURIO\appstarter3\system\Model.php(330): CodeIgniter\Database\BaseBuilder->insert()
#5 C:\xampp\htdocs\KURIO\appstarter3\system\BaseModel.php(782): CodeIgniter\Model->doInsert(Array)
#6 C:\xampp\htdocs\KURIO\appstarter3\system\Model.php(730): CodeIgniter\BaseModel->insert(Array, true)
#7 C:\xampp\htdocs\KURIO\appstarter3\app\Controllers\ProfileController.php(189): CodeIgniter\Model->insert(Array)
#8 C:\xampp\htdocs\KURIO\appstarter3\system\CodeIgniter.php(934): App\Controllers\ProfileController->uploadfile()
#9 C:\xampp\htdocs\KURIO\appstarter3\system\CodeIgniter.php(499): CodeIgniter\CodeIgniter->runController(Object(App\Controllers\ProfileController))
#10 C:\xampp\htdocs\KURIO\appstarter3\system\CodeIgniter.php(368): CodeIgniter\CodeIgniter->handleRequest(NULL, Object(Config\Cache), false)
#11 C:\xampp\htdocs\KURIO\appstarter3\public\index.php(67): CodeIgniter\CodeIgniter->run()
#12 C:\xampp\htdocs\KURIO\appstarter3\system\Commands\Server\rewrite.php(47): require_once('C:\\xampp\\htdocs...')
#13 {main}
CRITICAL - 2023-06-21 05:31:30 --> Column 'parent_id' cannot be null
in SYSTEMPATH\Database\MySQLi\Connection.php on line 295.
 1 SYSTEMPATH\Database\MySQLi\Connection.php(295): mysqli->query('INSERT INTO `multiple_files` (`image`, `parent_id`) VALUES (\'1687325490_8a8b1ad1e4b52be90d73.png\', NULL)', 0)
 2 SYSTEMPATH\Database\BaseConnection.php(692): CodeIgniter\Database\MySQLi\Connection->execute('INSERT INTO `multiple_files` (`image`, `parent_id`) VALUES (\'1687325490_8a8b1ad1e4b52be90d73.png\', NULL)')
 3 SYSTEMPATH\Database\BaseConnection.php(606): CodeIgniter\Database\BaseConnection->simpleQuery('INSERT INTO `multiple_files` (`image`, `parent_id`) VALUES (\'1687325490_8a8b1ad1e4b52be90d73.png\', NULL)')
 4 SYSTEMPATH\Database\BaseBuilder.php(2309): CodeIgniter\Database\BaseConnection->query('INSERT INTO `multiple_files` (`image`, `parent_id`) VALUES (:image:, :parent_id:)', [...], false)
 5 SYSTEMPATH\Model.php(330): CodeIgniter\Database\BaseBuilder->insert()
 6 SYSTEMPATH\BaseModel.php(782): CodeIgniter\Model->doInsert([...])
 7 SYSTEMPATH\Model.php(730): CodeIgniter\BaseModel->insert([...], true)
 8 APPPATH\Controllers\ProfileController.php(189): CodeIgniter\Model->insert([...])
 9 SYSTEMPATH\CodeIgniter.php(934): App\Controllers\ProfileController->uploadfile()
10 SYSTEMPATH\CodeIgniter.php(499): CodeIgniter\CodeIgniter->runController(Object(App\Controllers\ProfileController))
11 SYSTEMPATH\CodeIgniter.php(368): CodeIgniter\CodeIgniter->handleRequest(null, Object(Config\Cache), false)
12 FCPATH\index.php(67): CodeIgniter\CodeIgniter->run()
13 SYSTEMPATH\Commands\Server\rewrite.php(47): require_once('C:\\xampp\\htdocs\\KURIO\\appstarter3\\public\\index.php')
CRITICAL - 2023-06-21 07:38:32 --> syntax error, unexpected token "public"
in APPPATH\Controllers\ProfileController.php on line 237.
 1 SYSTEMPATH\Autoloader\Autoloader.php(289): CodeIgniter\Autoloader\Autoloader->includeFile('C:\\xampp\\htdocs\\KURIO\\appstarter3\\app\\Controllers\\ProfileController.php')
 2 SYSTEMPATH\Autoloader\Autoloader.php(267): CodeIgniter\Autoloader\Autoloader->loadInNamespace('App\\Controllers\\ProfileController')
 3 [internal function]: CodeIgniter\Autoloader\Autoloader->loadClass('App\\Controllers\\ProfileController')
 4 SYSTEMPATH\CodeIgniter.php(892): class_exists('\\App\\Controllers\\ProfileController', true)
 5 SYSTEMPATH\CodeIgniter.php(486): CodeIgniter\CodeIgniter->startController()
 6 SYSTEMPATH\CodeIgniter.php(368): CodeIgniter\CodeIgniter->handleRequest(null, Object(Config\Cache), false)
 7 FCPATH\index.php(67): CodeIgniter\CodeIgniter->run()
 8 SYSTEMPATH\Commands\Server\rewrite.php(47): require_once('C:\\xampp\\htdocs\\KURIO\\appstarter3\\public\\index.php')
CRITICAL - 2023-06-21 07:40:14 --> syntax error, unexpected end of file
in APPPATH\Views\file.php on line 84.
 1 SYSTEMPATH\View\View.php(216): CodeIgniter\View\View->CodeIgniter\View\{closure}()
 2 SYSTEMPATH\Common.php(1184): CodeIgniter\View\View->render('file', [], true)
 3 APPPATH\Controllers\ProfileController.php(145): view('file', [...])
 4 SYSTEMPATH\CodeIgniter.php(934): App\Controllers\ProfileController->file()
 5 SYSTEMPATH\CodeIgniter.php(499): CodeIgniter\CodeIgniter->runController(Object(App\Controllers\ProfileController))
 6 SYSTEMPATH\CodeIgniter.php(368): CodeIgniter\CodeIgniter->handleRequest(null, Object(Config\Cache), false)
 7 FCPATH\index.php(67): CodeIgniter\CodeIgniter->run()
 8 SYSTEMPATH\Commands\Server\rewrite.php(47): require_once('C:\\xampp\\htdocs\\KURIO\\appstarter3\\public\\index.php')
CRITICAL - 2023-06-21 07:51:47 --> Cannot access offset of type string on string
in APPPATH\Views\file.php on line 61.
 1 SYSTEMPATH\View\View.php(213): include()
 2 SYSTEMPATH\View\View.php(216): CodeIgniter\View\View->CodeIgniter\View\{closure}()
 3 SYSTEMPATH\Common.php(1184): CodeIgniter\View\View->render('file', [], true)
 4 APPPATH\Controllers\ProfileController.php(145): view('file', [...])
 5 SYSTEMPATH\CodeIgniter.php(934): App\Controllers\ProfileController->file()
 6 SYSTEMPATH\CodeIgniter.php(499): CodeIgniter\CodeIgniter->runController(Object(App\Controllers\ProfileController))
 7 SYSTEMPATH\CodeIgniter.php(368): CodeIgniter\CodeIgniter->handleRequest(null, Object(Config\Cache), false)
 8 FCPATH\index.php(67): CodeIgniter\CodeIgniter->run()
 9 SYSTEMPATH\Commands\Server\rewrite.php(47): require_once('C:\\xampp\\htdocs\\KURIO\\appstarter3\\public\\index.php')
CRITICAL - 2023-06-21 07:52:39 --> Cannot access offset of type string on string
in APPPATH\Views\file.php on line 61.
 1 SYSTEMPATH\View\View.php(213): include()
 2 SYSTEMPATH\View\View.php(216): CodeIgniter\View\View->CodeIgniter\View\{closure}()
 3 SYSTEMPATH\Common.php(1184): CodeIgniter\View\View->render('file', [], true)
 4 APPPATH\Controllers\ProfileController.php(145): view('file', [...])
 5 SYSTEMPATH\CodeIgniter.php(934): App\Controllers\ProfileController->file()
 6 SYSTEMPATH\CodeIgniter.php(499): CodeIgniter\CodeIgniter->runController(Object(App\Controllers\ProfileController))
 7 SYSTEMPATH\CodeIgniter.php(368): CodeIgniter\CodeIgniter->handleRequest(null, Object(Config\Cache), false)
 8 FCPATH\index.php(67): CodeIgniter\CodeIgniter->run()
 9 SYSTEMPATH\Commands\Server\rewrite.php(47): require_once('C:\\xampp\\htdocs\\KURIO\\appstarter3\\public\\index.php')
CRITICAL - 2023-06-21 07:53:11 --> syntax error, unexpected token "endforeach", expecting end of file
in APPPATH\Views\file.php on line 69.
 1 SYSTEMPATH\View\View.php(216): CodeIgniter\View\View->CodeIgniter\View\{closure}()
 2 SYSTEMPATH\Common.php(1184): CodeIgniter\View\View->render('file', [], true)
 3 APPPATH\Controllers\ProfileController.php(145): view('file', [...])
 4 SYSTEMPATH\CodeIgniter.php(934): App\Controllers\ProfileController->file()
 5 SYSTEMPATH\CodeIgniter.php(499): CodeIgniter\CodeIgniter->runController(Object(App\Controllers\ProfileController))
 6 SYSTEMPATH\CodeIgniter.php(368): CodeIgniter\CodeIgniter->handleRequest(null, Object(Config\Cache), false)
 7 FCPATH\index.php(67): CodeIgniter\CodeIgniter->run()
 8 SYSTEMPATH\Commands\Server\rewrite.php(47): require_once('C:\\xampp\\htdocs\\KURIO\\appstarter3\\public\\index.php')
CRITICAL - 2023-06-21 07:54:35 --> Cannot access offset of type string on string
in APPPATH\Views\file.php on line 61.
 1 SYSTEMPATH\View\View.php(213): include()
 2 SYSTEMPATH\View\View.php(216): CodeIgniter\View\View->CodeIgniter\View\{closure}()
 3 SYSTEMPATH\Common.php(1184): CodeIgniter\View\View->render('file', [], true)
 4 APPPATH\Controllers\ProfileController.php(145): view('file', [...])
 5 SYSTEMPATH\CodeIgniter.php(934): App\Controllers\ProfileController->file()
 6 SYSTEMPATH\CodeIgniter.php(499): CodeIgniter\CodeIgniter->runController(Object(App\Controllers\ProfileController))
 7 SYSTEMPATH\CodeIgniter.php(368): CodeIgniter\CodeIgniter->handleRequest(null, Object(Config\Cache), false)
 8 FCPATH\index.php(67): CodeIgniter\CodeIgniter->run()
 9 SYSTEMPATH\Commands\Server\rewrite.php(47): require_once('C:\\xampp\\htdocs\\KURIO\\appstarter3\\public\\index.php')
CRITICAL - 2023-06-21 07:56:36 --> Cannot access offset of type string on string
in APPPATH\Views\file.php on line 61.
 1 SYSTEMPATH\View\View.php(213): include()
 2 SYSTEMPATH\View\View.php(216): CodeIgniter\View\View->CodeIgniter\View\{closure}()
 3 SYSTEMPATH\Common.php(1184): CodeIgniter\View\View->render('file', [], true)
 4 APPPATH\Controllers\ProfileController.php(145): view('file', [...])
 5 SYSTEMPATH\CodeIgniter.php(934): App\Controllers\ProfileController->file()
 6 SYSTEMPATH\CodeIgniter.php(499): CodeIgniter\CodeIgniter->runController(Object(App\Controllers\ProfileController))
 7 SYSTEMPATH\CodeIgniter.php(368): CodeIgniter\CodeIgniter->handleRequest(null, Object(Config\Cache), false)
 8 FCPATH\index.php(67): CodeIgniter\CodeIgniter->run()
 9 SYSTEMPATH\Commands\Server\rewrite.php(47): require_once('C:\\xampp\\htdocs\\KURIO\\appstarter3\\public\\index.php')
CRITICAL - 2023-06-21 08:01:14 --> Cannot use a scalar value as an array
in APPPATH\Controllers\ProfileController.php on line 209.
 1 SYSTEMPATH\CodeIgniter.php(934): App\Controllers\ProfileController->uploadfile()
 2 SYSTEMPATH\CodeIgniter.php(499): CodeIgniter\CodeIgniter->runController(Object(App\Controllers\ProfileController))
 3 SYSTEMPATH\CodeIgniter.php(368): CodeIgniter\CodeIgniter->handleRequest(null, Object(Config\Cache), false)
 4 FCPATH\index.php(67): CodeIgniter\CodeIgniter->run()
 5 SYSTEMPATH\Commands\Server\rewrite.php(47): require_once('C:\\xampp\\htdocs\\KURIO\\appstarter3\\public\\index.php')
CRITICAL - 2023-06-21 09:04:08 --> Undefined variable $usersfile
in APPPATH\Views\file.php on line 56.
 1 APPPATH\Views\file.php(56): CodeIgniter\Debug\Exceptions->errorHandler(2, 'Undefined variable $usersfile', 'C:\\xampp\\htdocs\\KURIO\\appstarter3\\app\\Views\\file.php', 56)
 2 SYSTEMPATH\View\View.php(213): include('C:\\xampp\\htdocs\\KURIO\\appstarter3\\app\\Views\\file.php')
 3 SYSTEMPATH\View\View.php(216): CodeIgniter\View\View->CodeIgniter\View\{closure}()
 4 SYSTEMPATH\Common.php(1184): CodeIgniter\View\View->render('file', [], true)
 5 APPPATH\Controllers\ProfileController.php(145): view('file', [...])
 6 SYSTEMPATH\CodeIgniter.php(934): App\Controllers\ProfileController->file()
 7 SYSTEMPATH\CodeIgniter.php(499): CodeIgniter\CodeIgniter->runController(Object(App\Controllers\ProfileController))
 8 SYSTEMPATH\CodeIgniter.php(368): CodeIgniter\CodeIgniter->handleRequest(null, Object(Config\Cache), false)
 9 FCPATH\index.php(67): CodeIgniter\CodeIgniter->run()
10 SYSTEMPATH\Commands\Server\rewrite.php(47): require_once('C:\\xampp\\htdocs\\KURIO\\appstarter3\\public\\index.php')
CRITICAL - 2023-06-21 09:04:11 --> Undefined variable $usersfile
in APPPATH\Views\file.php on line 56.
 1 APPPATH\Views\file.php(56): CodeIgniter\Debug\Exceptions->errorHandler(2, 'Undefined variable $usersfile', 'C:\\xampp\\htdocs\\KURIO\\appstarter3\\app\\Views\\file.php', 56)
 2 SYSTEMPATH\View\View.php(213): include('C:\\xampp\\htdocs\\KURIO\\appstarter3\\app\\Views\\file.php')
 3 SYSTEMPATH\View\View.php(216): CodeIgniter\View\View->CodeIgniter\View\{closure}()
 4 SYSTEMPATH\Common.php(1184): CodeIgniter\View\View->render('file', [], true)
 5 APPPATH\Controllers\ProfileController.php(145): view('file', [...])
 6 SYSTEMPATH\CodeIgniter.php(934): App\Controllers\ProfileController->file()
 7 SYSTEMPATH\CodeIgniter.php(499): CodeIgniter\CodeIgniter->runController(Object(App\Controllers\ProfileController))
 8 SYSTEMPATH\CodeIgniter.php(368): CodeIgniter\CodeIgniter->handleRequest(null, Object(Config\Cache), false)
 9 FCPATH\index.php(67): CodeIgniter\CodeIgniter->run()
10 SYSTEMPATH\Commands\Server\rewrite.php(47): require_once('C:\\xampp\\htdocs\\KURIO\\appstarter3\\public\\index.php')
CRITICAL - 2023-06-21 09:05:09 --> Undefined variable $usersfile
in APPPATH\Views\file.php on line 56.
 1 APPPATH\Views\file.php(56): CodeIgniter\Debug\Exceptions->errorHandler(2, 'Undefined variable $usersfile', 'C:\\xampp\\htdocs\\KURIO\\appstarter3\\app\\Views\\file.php', 56)
 2 SYSTEMPATH\View\View.php(213): include('C:\\xampp\\htdocs\\KURIO\\appstarter3\\app\\Views\\file.php')
 3 SYSTEMPATH\View\View.php(216): CodeIgniter\View\View->CodeIgniter\View\{closure}()
 4 SYSTEMPATH\Common.php(1184): CodeIgniter\View\View->render('file', [], true)
 5 APPPATH\Controllers\ProfileController.php(145): view('file', [...])
 6 SYSTEMPATH\CodeIgniter.php(934): App\Controllers\ProfileController->file()
 7 SYSTEMPATH\CodeIgniter.php(499): CodeIgniter\CodeIgniter->runController(Object(App\Controllers\ProfileController))
 8 SYSTEMPATH\CodeIgniter.php(368): CodeIgniter\CodeIgniter->handleRequest(null, Object(Config\Cache), false)
 9 FCPATH\index.php(67): CodeIgniter\CodeIgniter->run()
10 SYSTEMPATH\Commands\Server\rewrite.php(47): require_once('C:\\xampp\\htdocs\\KURIO\\appstarter3\\public\\index.php')
CRITICAL - 2023-06-21 09:24:05 --> Undefined variable $userlist
in APPPATH\Views\file.php on line 56.
 1 APPPATH\Views\file.php(56): CodeIgniter\Debug\Exceptions->errorHandler(2, 'Undefined variable $userlist', 'C:\\xampp\\htdocs\\KURIO\\appstarter3\\app\\Views\\file.php', 56)
 2 SYSTEMPATH\View\View.php(213): include('C:\\xampp\\htdocs\\KURIO\\appstarter3\\app\\Views\\file.php')
 3 SYSTEMPATH\View\View.php(216): CodeIgniter\View\View->CodeIgniter\View\{closure}()
 4 SYSTEMPATH\Common.php(1184): CodeIgniter\View\View->render('file', [], true)
 5 APPPATH\Controllers\ProfileController.php(204): view('file', [...])
 6 SYSTEMPATH\CodeIgniter.php(934): App\Controllers\ProfileController->uploadfile()
 7 SYSTEMPATH\CodeIgniter.php(499): CodeIgniter\CodeIgniter->runController(Object(App\Controllers\ProfileController))
 8 SYSTEMPATH\CodeIgniter.php(368): CodeIgniter\CodeIgniter->handleRequest(null, Object(Config\Cache), false)
 9 FCPATH\index.php(67): CodeIgniter\CodeIgniter->run()
10 SYSTEMPATH\Commands\Server\rewrite.php(47): require_once('C:\\xampp\\htdocs\\KURIO\\appstarter3\\public\\index.php')
CRITICAL - 2023-06-21 09:24:38 --> foreach() argument must be of type array|object, string given
in APPPATH\Views\file.php on line 58.
 1 APPPATH\Views\file.php(58): CodeIgniter\Debug\Exceptions->errorHandler(2, 'foreach() argument must be of type array|object, string given', 'C:\\xampp\\htdocs\\KURIO\\appstarter3\\app\\Views\\file.php', 58)
 2 SYSTEMPATH\View\View.php(213): include('C:\\xampp\\htdocs\\KURIO\\appstarter3\\app\\Views\\file.php')
 3 SYSTEMPATH\View\View.php(216): CodeIgniter\View\View->CodeIgniter\View\{closure}()
 4 SYSTEMPATH\Common.php(1184): CodeIgniter\View\View->render('file', [], true)
 5 APPPATH\Controllers\ProfileController.php(204): view('file', [...])
 6 SYSTEMPATH\CodeIgniter.php(934): App\Controllers\ProfileController->uploadfile()
 7 SYSTEMPATH\CodeIgniter.php(499): CodeIgniter\CodeIgniter->runController(Object(App\Controllers\ProfileController))
 8 SYSTEMPATH\CodeIgniter.php(368): CodeIgniter\CodeIgniter->handleRequest(null, Object(Config\Cache), false)
 9 FCPATH\index.php(67): CodeIgniter\CodeIgniter->run()
10 SYSTEMPATH\Commands\Server\rewrite.php(47): require_once('C:\\xampp\\htdocs\\KURIO\\appstarter3\\public\\index.php')
CRITICAL - 2023-06-21 09:24:42 --> foreach() argument must be of type array|object, string given
in APPPATH\Views\file.php on line 58.
 1 APPPATH\Views\file.php(58): CodeIgniter\Debug\Exceptions->errorHandler(2, 'foreach() argument must be of type array|object, string given', 'C:\\xampp\\htdocs\\KURIO\\appstarter3\\app\\Views\\file.php', 58)
 2 SYSTEMPATH\View\View.php(213): include('C:\\xampp\\htdocs\\KURIO\\appstarter3\\app\\Views\\file.php')
 3 SYSTEMPATH\View\View.php(216): CodeIgniter\View\View->CodeIgniter\View\{closure}()
 4 SYSTEMPATH\Common.php(1184): CodeIgniter\View\View->render('file', [], true)
 5 APPPATH\Controllers\ProfileController.php(204): view('file', [...])
 6 SYSTEMPATH\CodeIgniter.php(934): App\Controllers\ProfileController->uploadfile()
 7 SYSTEMPATH\CodeIgniter.php(499): CodeIgniter\CodeIgniter->runController(Object(App\Controllers\ProfileController))
 8 SYSTEMPATH\CodeIgniter.php(368): CodeIgniter\CodeIgniter->handleRequest(null, Object(Config\Cache), false)
 9 FCPATH\index.php(67): CodeIgniter\CodeIgniter->run()
10 SYSTEMPATH\Commands\Server\rewrite.php(47): require_once('C:\\xampp\\htdocs\\KURIO\\appstarter3\\public\\index.php')
CRITICAL - 2023-06-21 09:25:18 --> foreach() argument must be of type array|object, string given
in APPPATH\Views\file.php on line 58.
 1 APPPATH\Views\file.php(58): CodeIgniter\Debug\Exceptions->errorHandler(2, 'foreach() argument must be of type array|object, string given', 'C:\\xampp\\htdocs\\KURIO\\appstarter3\\app\\Views\\file.php', 58)
 2 SYSTEMPATH\View\View.php(213): include('C:\\xampp\\htdocs\\KURIO\\appstarter3\\app\\Views\\file.php')
 3 SYSTEMPATH\View\View.php(216): CodeIgniter\View\View->CodeIgniter\View\{closure}()
 4 SYSTEMPATH\Common.php(1184): CodeIgniter\View\View->render('file', [], true)
 5 APPPATH\Controllers\ProfileController.php(204): view('file', [...])
 6 SYSTEMPATH\CodeIgniter.php(934): App\Controllers\ProfileController->uploadfile()
 7 SYSTEMPATH\CodeIgniter.php(499): CodeIgniter\CodeIgniter->runController(Object(App\Controllers\ProfileController))
 8 SYSTEMPATH\CodeIgniter.php(368): CodeIgniter\CodeIgniter->handleRequest(null, Object(Config\Cache), false)
 9 FCPATH\index.php(67): CodeIgniter\CodeIgniter->run()
10 SYSTEMPATH\Commands\Server\rewrite.php(47): require_once('C:\\xampp\\htdocs\\KURIO\\appstarter3\\public\\index.php')
CRITICAL - 2023-06-21 09:47:24 --> Undefined variable $usersfile
in APPPATH\Views\file.php on line 58.
 1 APPPATH\Views\file.php(58): CodeIgniter\Debug\Exceptions->errorHandler(2, 'Undefined variable $usersfile', 'C:\\xampp\\htdocs\\KURIO\\appstarter3\\app\\Views\\file.php', 58)
 2 SYSTEMPATH\View\View.php(213): include('C:\\xampp\\htdocs\\KURIO\\appstarter3\\app\\Views\\file.php')
 3 SYSTEMPATH\View\View.php(216): CodeIgniter\View\View->CodeIgniter\View\{closure}()
 4 SYSTEMPATH\Common.php(1184): CodeIgniter\View\View->render('file', [], true)
 5 APPPATH\Controllers\ProfileController.php(145): view('file', [...])
 6 SYSTEMPATH\CodeIgniter.php(934): App\Controllers\ProfileController->file()
 7 SYSTEMPATH\CodeIgniter.php(499): CodeIgniter\CodeIgniter->runController(Object(App\Controllers\ProfileController))
 8 SYSTEMPATH\CodeIgniter.php(368): CodeIgniter\CodeIgniter->handleRequest(null, Object(Config\Cache), false)
 9 FCPATH\index.php(67): CodeIgniter\CodeIgniter->run()
10 SYSTEMPATH\Commands\Server\rewrite.php(47): require_once('C:\\xampp\\htdocs\\KURIO\\appstarter3\\public\\index.php')
CRITICAL - 2023-06-21 09:47:27 --> Undefined variable $usersfile
in APPPATH\Views\file.php on line 58.
 1 APPPATH\Views\file.php(58): CodeIgniter\Debug\Exceptions->errorHandler(2, 'Undefined variable $usersfile', 'C:\\xampp\\htdocs\\KURIO\\appstarter3\\app\\Views\\file.php', 58)
 2 SYSTEMPATH\View\View.php(213): include('C:\\xampp\\htdocs\\KURIO\\appstarter3\\app\\Views\\file.php')
 3 SYSTEMPATH\View\View.php(216): CodeIgniter\View\View->CodeIgniter\View\{closure}()
 4 SYSTEMPATH\Common.php(1184): CodeIgniter\View\View->render('file', [], true)
 5 APPPATH\Controllers\ProfileController.php(145): view('file', [...])
 6 SYSTEMPATH\CodeIgniter.php(934): App\Controllers\ProfileController->file()
 7 SYSTEMPATH\CodeIgniter.php(499): CodeIgniter\CodeIgniter->runController(Object(App\Controllers\ProfileController))
 8 SYSTEMPATH\CodeIgniter.php(368): CodeIgniter\CodeIgniter->handleRequest(null, Object(Config\Cache), false)
 9 FCPATH\index.php(67): CodeIgniter\CodeIgniter->run()
10 SYSTEMPATH\Commands\Server\rewrite.php(47): require_once('C:\\xampp\\htdocs\\KURIO\\appstarter3\\public\\index.php')
CRITICAL - 2023-06-21 09:47:32 --> Undefined variable $usersfile
in APPPATH\Views\file.php on line 58.
 1 APPPATH\Views\file.php(58): CodeIgniter\Debug\Exceptions->errorHandler(2, 'Undefined variable $usersfile', 'C:\\xampp\\htdocs\\KURIO\\appstarter3\\app\\Views\\file.php', 58)
 2 SYSTEMPATH\View\View.php(213): include('C:\\xampp\\htdocs\\KURIO\\appstarter3\\app\\Views\\file.php')
 3 SYSTEMPATH\View\View.php(216): CodeIgniter\View\View->CodeIgniter\View\{closure}()
 4 SYSTEMPATH\Common.php(1184): CodeIgniter\View\View->render('file', [], true)
 5 APPPATH\Controllers\ProfileController.php(145): view('file', [...])
 6 SYSTEMPATH\CodeIgniter.php(934): App\Controllers\ProfileController->file()
 7 SYSTEMPATH\CodeIgniter.php(499): CodeIgniter\CodeIgniter->runController(Object(App\Controllers\ProfileController))
 8 SYSTEMPATH\CodeIgniter.php(368): CodeIgniter\CodeIgniter->handleRequest(null, Object(Config\Cache), false)
 9 FCPATH\index.php(67): CodeIgniter\CodeIgniter->run()
10 SYSTEMPATH\Commands\Server\rewrite.php(47): require_once('C:\\xampp\\htdocs\\KURIO\\appstarter3\\public\\index.php')
CRITICAL - 2023-06-21 09:47:46 --> Undefined variable $usersfile
in APPPATH\Views\file.php on line 58.
 1 APPPATH\Views\file.php(58): CodeIgniter\Debug\Exceptions->errorHandler(2, 'Undefined variable $usersfile', 'C:\\xampp\\htdocs\\KURIO\\appstarter3\\app\\Views\\file.php', 58)
 2 SYSTEMPATH\View\View.php(213): include('C:\\xampp\\htdocs\\KURIO\\appstarter3\\app\\Views\\file.php')
 3 SYSTEMPATH\View\View.php(216): CodeIgniter\View\View->CodeIgniter\View\{closure}()
 4 SYSTEMPATH\Common.php(1184): CodeIgniter\View\View->render('file', [], true)
 5 APPPATH\Controllers\ProfileController.php(145): view('file', [...])
 6 SYSTEMPATH\CodeIgniter.php(934): App\Controllers\ProfileController->file()
 7 SYSTEMPATH\CodeIgniter.php(499): CodeIgniter\CodeIgniter->runController(Object(App\Controllers\ProfileController))
 8 SYSTEMPATH\CodeIgniter.php(368): CodeIgniter\CodeIgniter->handleRequest(null, Object(Config\Cache), false)
 9 FCPATH\index.php(67): CodeIgniter\CodeIgniter->run()
10 SYSTEMPATH\Commands\Server\rewrite.php(47): require_once('C:\\xampp\\htdocs\\KURIO\\appstarter3\\public\\index.php')
CRITICAL - 2023-06-21 09:47:51 --> Undefined variable $usersfile
in APPPATH\Views\file.php on line 58.
 1 APPPATH\Views\file.php(58): CodeIgniter\Debug\Exceptions->errorHandler(2, 'Undefined variable $usersfile', 'C:\\xampp\\htdocs\\KURIO\\appstarter3\\app\\Views\\file.php', 58)
 2 SYSTEMPATH\View\View.php(213): include('C:\\xampp\\htdocs\\KURIO\\appstarter3\\app\\Views\\file.php')
 3 SYSTEMPATH\View\View.php(216): CodeIgniter\View\View->CodeIgniter\View\{closure}()
 4 SYSTEMPATH\Common.php(1184): CodeIgniter\View\View->render('file', [], true)
 5 APPPATH\Controllers\ProfileController.php(145): view('file', [...])
 6 SYSTEMPATH\CodeIgniter.php(934): App\Controllers\ProfileController->file()
 7 SYSTEMPATH\CodeIgniter.php(499): CodeIgniter\CodeIgniter->runController(Object(App\Controllers\ProfileController))
 8 SYSTEMPATH\CodeIgniter.php(368): CodeIgniter\CodeIgniter->handleRequest(null, Object(Config\Cache), false)
 9 FCPATH\index.php(67): CodeIgniter\CodeIgniter->run()
10 SYSTEMPATH\Commands\Server\rewrite.php(47): require_once('C:\\xampp\\htdocs\\KURIO\\appstarter3\\public\\index.php')
CRITICAL - 2023-06-21 09:47:54 --> Undefined variable $usersfile
in APPPATH\Views\file.php on line 58.
 1 APPPATH\Views\file.php(58): CodeIgniter\Debug\Exceptions->errorHandler(2, 'Undefined variable $usersfile', 'C:\\xampp\\htdocs\\KURIO\\appstarter3\\app\\Views\\file.php', 58)
 2 SYSTEMPATH\View\View.php(213): include('C:\\xampp\\htdocs\\KURIO\\appstarter3\\app\\Views\\file.php')
 3 SYSTEMPATH\View\View.php(216): CodeIgniter\View\View->CodeIgniter\View\{closure}()
 4 SYSTEMPATH\Common.php(1184): CodeIgniter\View\View->render('file', [], true)
 5 APPPATH\Controllers\ProfileController.php(145): view('file', [...])
 6 SYSTEMPATH\CodeIgniter.php(934): App\Controllers\ProfileController->file()
 7 SYSTEMPATH\CodeIgniter.php(499): CodeIgniter\CodeIgniter->runController(Object(App\Controllers\ProfileController))
 8 SYSTEMPATH\CodeIgniter.php(368): CodeIgniter\CodeIgniter->handleRequest(null, Object(Config\Cache), false)
 9 FCPATH\index.php(67): CodeIgniter\CodeIgniter->run()
10 SYSTEMPATH\Commands\Server\rewrite.php(47): require_once('C:\\xampp\\htdocs\\KURIO\\appstarter3\\public\\index.php')
CRITICAL - 2023-06-21 09:48:26 --> Undefined variable $usersfile
in APPPATH\Views\file.php on line 58.
 1 APPPATH\Views\file.php(58): CodeIgniter\Debug\Exceptions->errorHandler(2, 'Undefined variable $usersfile', 'C:\\xampp\\htdocs\\KURIO\\appstarter3\\app\\Views\\file.php', 58)
 2 SYSTEMPATH\View\View.php(213): include('C:\\xampp\\htdocs\\KURIO\\appstarter3\\app\\Views\\file.php')
 3 SYSTEMPATH\View\View.php(216): CodeIgniter\View\View->CodeIgniter\View\{closure}()
 4 SYSTEMPATH\Common.php(1184): CodeIgniter\View\View->render('file', [], true)
 5 APPPATH\Controllers\ProfileController.php(145): view('file', [...])
 6 SYSTEMPATH\CodeIgniter.php(934): App\Controllers\ProfileController->file()
 7 SYSTEMPATH\CodeIgniter.php(499): CodeIgniter\CodeIgniter->runController(Object(App\Controllers\ProfileController))
 8 SYSTEMPATH\CodeIgniter.php(368): CodeIgniter\CodeIgniter->handleRequest(null, Object(Config\Cache), false)
 9 FCPATH\index.php(67): CodeIgniter\CodeIgniter->run()
10 SYSTEMPATH\Commands\Server\rewrite.php(47): require_once('C:\\xampp\\htdocs\\KURIO\\appstarter3\\public\\index.php')
CRITICAL - 2023-06-21 09:48:45 --> Undefined variable $usersfile
in APPPATH\Views\file.php on line 58.
 1 APPPATH\Views\file.php(58): CodeIgniter\Debug\Exceptions->errorHandler(2, 'Undefined variable $usersfile', 'C:\\xampp\\htdocs\\KURIO\\appstarter3\\app\\Views\\file.php', 58)
 2 SYSTEMPATH\View\View.php(213): include('C:\\xampp\\htdocs\\KURIO\\appstarter3\\app\\Views\\file.php')
 3 SYSTEMPATH\View\View.php(216): CodeIgniter\View\View->CodeIgniter\View\{closure}()
 4 SYSTEMPATH\Common.php(1184): CodeIgniter\View\View->render('file', [], true)
 5 APPPATH\Controllers\ProfileController.php(145): view('file', [...])
 6 SYSTEMPATH\CodeIgniter.php(934): App\Controllers\ProfileController->file()
 7 SYSTEMPATH\CodeIgniter.php(499): CodeIgniter\CodeIgniter->runController(Object(App\Controllers\ProfileController))
 8 SYSTEMPATH\CodeIgniter.php(368): CodeIgniter\CodeIgniter->handleRequest(null, Object(Config\Cache), false)
 9 FCPATH\index.php(67): CodeIgniter\CodeIgniter->run()
10 SYSTEMPATH\Commands\Server\rewrite.php(47): require_once('C:\\xampp\\htdocs\\KURIO\\appstarter3\\public\\index.php')
CRITICAL - 2023-06-21 09:50:01 --> Undefined variable $usersfile
in APPPATH\Views\file.php on line 41.
 1 APPPATH\Views\file.php(41): CodeIgniter\Debug\Exceptions->errorHandler(2, 'Undefined variable $usersfile', 'C:\\xampp\\htdocs\\KURIO\\appstarter3\\app\\Views\\file.php', 41)
 2 SYSTEMPATH\View\View.php(213): include('C:\\xampp\\htdocs\\KURIO\\appstarter3\\app\\Views\\file.php')
 3 SYSTEMPATH\View\View.php(216): CodeIgniter\View\View->CodeIgniter\View\{closure}()
 4 SYSTEMPATH\Common.php(1184): CodeIgniter\View\View->render('file', [], true)
 5 APPPATH\Controllers\ProfileController.php(145): view('file', [...])
 6 SYSTEMPATH\CodeIgniter.php(934): App\Controllers\ProfileController->file()
 7 SYSTEMPATH\CodeIgniter.php(499): CodeIgniter\CodeIgniter->runController(Object(App\Controllers\ProfileController))
 8 SYSTEMPATH\CodeIgniter.php(368): CodeIgniter\CodeIgniter->handleRequest(null, Object(Config\Cache), false)
 9 FCPATH\index.php(67): CodeIgniter\CodeIgniter->run()
10 SYSTEMPATH\Commands\Server\rewrite.php(47): require_once('C:\\xampp\\htdocs\\KURIO\\appstarter3\\public\\index.php')
CRITICAL - 2023-06-21 09:50:04 --> Undefined variable $usersfile
in APPPATH\Views\file.php on line 41.
 1 APPPATH\Views\file.php(41): CodeIgniter\Debug\Exceptions->errorHandler(2, 'Undefined variable $usersfile', 'C:\\xampp\\htdocs\\KURIO\\appstarter3\\app\\Views\\file.php', 41)
 2 SYSTEMPATH\View\View.php(213): include('C:\\xampp\\htdocs\\KURIO\\appstarter3\\app\\Views\\file.php')
 3 SYSTEMPATH\View\View.php(216): CodeIgniter\View\View->CodeIgniter\View\{closure}()
 4 SYSTEMPATH\Common.php(1184): CodeIgniter\View\View->render('file', [], true)
 5 APPPATH\Controllers\ProfileController.php(145): view('file', [...])
 6 SYSTEMPATH\CodeIgniter.php(934): App\Controllers\ProfileController->file()
 7 SYSTEMPATH\CodeIgniter.php(499): CodeIgniter\CodeIgniter->runController(Object(App\Controllers\ProfileController))
 8 SYSTEMPATH\CodeIgniter.php(368): CodeIgniter\CodeIgniter->handleRequest(null, Object(Config\Cache), false)
 9 FCPATH\index.php(67): CodeIgniter\CodeIgniter->run()
10 SYSTEMPATH\Commands\Server\rewrite.php(47): require_once('C:\\xampp\\htdocs\\KURIO\\appstarter3\\public\\index.php')
CRITICAL - 2023-06-21 09:51:21 --> Undefined variable $usersfile
in APPPATH\Views\file.php on line 41.
 1 APPPATH\Views\file.php(41): CodeIgniter\Debug\Exceptions->errorHandler(2, 'Undefined variable $usersfile', 'C:\\xampp\\htdocs\\KURIO\\appstarter3\\app\\Views\\file.php', 41)
 2 SYSTEMPATH\View\View.php(213): include('C:\\xampp\\htdocs\\KURIO\\appstarter3\\app\\Views\\file.php')
 3 SYSTEMPATH\View\View.php(216): CodeIgniter\View\View->CodeIgniter\View\{closure}()
 4 SYSTEMPATH\Common.php(1184): CodeIgniter\View\View->render('file', [], true)
 5 APPPATH\Controllers\ProfileController.php(145): view('file', [...])
 6 SYSTEMPATH\CodeIgniter.php(934): App\Controllers\ProfileController->file()
 7 SYSTEMPATH\CodeIgniter.php(499): CodeIgniter\CodeIgniter->runController(Object(App\Controllers\ProfileController))
 8 SYSTEMPATH\CodeIgniter.php(368): CodeIgniter\CodeIgniter->handleRequest(null, Object(Config\Cache), false)
 9 FCPATH\index.php(67): CodeIgniter\CodeIgniter->run()
10 SYSTEMPATH\Commands\Server\rewrite.php(47): require_once('C:\\xampp\\htdocs\\KURIO\\appstarter3\\public\\index.php')
CRITICAL - 2023-06-21 09:51:24 --> Undefined variable $usersfile
in APPPATH\Views\file.php on line 41.
 1 APPPATH\Views\file.php(41): CodeIgniter\Debug\Exceptions->errorHandler(2, 'Undefined variable $usersfile', 'C:\\xampp\\htdocs\\KURIO\\appstarter3\\app\\Views\\file.php', 41)
 2 SYSTEMPATH\View\View.php(213): include('C:\\xampp\\htdocs\\KURIO\\appstarter3\\app\\Views\\file.php')
 3 SYSTEMPATH\View\View.php(216): CodeIgniter\View\View->CodeIgniter\View\{closure}()
 4 SYSTEMPATH\Common.php(1184): CodeIgniter\View\View->render('file', [], true)
 5 APPPATH\Controllers\ProfileController.php(145): view('file', [...])
 6 SYSTEMPATH\CodeIgniter.php(934): App\Controllers\ProfileController->file()
 7 SYSTEMPATH\CodeIgniter.php(499): CodeIgniter\CodeIgniter->runController(Object(App\Controllers\ProfileController))
 8 SYSTEMPATH\CodeIgniter.php(368): CodeIgniter\CodeIgniter->handleRequest(null, Object(Config\Cache), false)
 9 FCPATH\index.php(67): CodeIgniter\CodeIgniter->run()
10 SYSTEMPATH\Commands\Server\rewrite.php(47): require_once('C:\\xampp\\htdocs\\KURIO\\appstarter3\\public\\index.php')
CRITICAL - 2023-06-21 09:51:31 --> Undefined variable $usersfile
in APPPATH\Views\file.php on line 41.
 1 APPPATH\Views\file.php(41): CodeIgniter\Debug\Exceptions->errorHandler(2, 'Undefined variable $usersfile', 'C:\\xampp\\htdocs\\KURIO\\appstarter3\\app\\Views\\file.php', 41)
 2 SYSTEMPATH\View\View.php(213): include('C:\\xampp\\htdocs\\KURIO\\appstarter3\\app\\Views\\file.php')
 3 SYSTEMPATH\View\View.php(216): CodeIgniter\View\View->CodeIgniter\View\{closure}()
 4 SYSTEMPATH\Common.php(1184): CodeIgniter\View\View->render('file', [], true)
 5 APPPATH\Controllers\ProfileController.php(145): view('file', [...])
 6 SYSTEMPATH\CodeIgniter.php(934): App\Controllers\ProfileController->file()
 7 SYSTEMPATH\CodeIgniter.php(499): CodeIgniter\CodeIgniter->runController(Object(App\Controllers\ProfileController))
 8 SYSTEMPATH\CodeIgniter.php(368): CodeIgniter\CodeIgniter->handleRequest(null, Object(Config\Cache), false)
 9 FCPATH\index.php(67): CodeIgniter\CodeIgniter->run()
10 SYSTEMPATH\Commands\Server\rewrite.php(47): require_once('C:\\xampp\\htdocs\\KURIO\\appstarter3\\public\\index.php')
CRITICAL - 2023-06-21 09:51:57 --> Undefined variable $usersfile
in APPPATH\Views\file.php on line 41.
 1 APPPATH\Views\file.php(41): CodeIgniter\Debug\Exceptions->errorHandler(2, 'Undefined variable $usersfile', 'C:\\xampp\\htdocs\\KURIO\\appstarter3\\app\\Views\\file.php', 41)
 2 SYSTEMPATH\View\View.php(213): include('C:\\xampp\\htdocs\\KURIO\\appstarter3\\app\\Views\\file.php')
 3 SYSTEMPATH\View\View.php(216): CodeIgniter\View\View->CodeIgniter\View\{closure}()
 4 SYSTEMPATH\Common.php(1184): CodeIgniter\View\View->render('file', [], true)
 5 APPPATH\Controllers\ProfileController.php(145): view('file', [...])
 6 SYSTEMPATH\CodeIgniter.php(934): App\Controllers\ProfileController->file()
 7 SYSTEMPATH\CodeIgniter.php(499): CodeIgniter\CodeIgniter->runController(Object(App\Controllers\ProfileController))
 8 SYSTEMPATH\CodeIgniter.php(368): CodeIgniter\CodeIgniter->handleRequest(null, Object(Config\Cache), false)
 9 FCPATH\index.php(67): CodeIgniter\CodeIgniter->run()
10 SYSTEMPATH\Commands\Server\rewrite.php(47): require_once('C:\\xampp\\htdocs\\KURIO\\appstarter3\\public\\index.php')
CRITICAL - 2023-06-21 09:52:00 --> Undefined variable $usersfile
in APPPATH\Views\file.php on line 41.
 1 APPPATH\Views\file.php(41): CodeIgniter\Debug\Exceptions->errorHandler(2, 'Undefined variable $usersfile', 'C:\\xampp\\htdocs\\KURIO\\appstarter3\\app\\Views\\file.php', 41)
 2 SYSTEMPATH\View\View.php(213): include('C:\\xampp\\htdocs\\KURIO\\appstarter3\\app\\Views\\file.php')
 3 SYSTEMPATH\View\View.php(216): CodeIgniter\View\View->CodeIgniter\View\{closure}()
 4 SYSTEMPATH\Common.php(1184): CodeIgniter\View\View->render('file', [], true)
 5 APPPATH\Controllers\ProfileController.php(145): view('file', [...])
 6 SYSTEMPATH\CodeIgniter.php(934): App\Controllers\ProfileController->file()
 7 SYSTEMPATH\CodeIgniter.php(499): CodeIgniter\CodeIgniter->runController(Object(App\Controllers\ProfileController))
 8 SYSTEMPATH\CodeIgniter.php(368): CodeIgniter\CodeIgniter->handleRequest(null, Object(Config\Cache), false)
 9 FCPATH\index.php(67): CodeIgniter\CodeIgniter->run()
10 SYSTEMPATH\Commands\Server\rewrite.php(47): require_once('C:\\xampp\\htdocs\\KURIO\\appstarter3\\public\\index.php')
CRITICAL - 2023-06-21 09:52:11 --> Undefined variable $usersfile
in APPPATH\Views\file.php on line 41.
 1 APPPATH\Views\file.php(41): CodeIgniter\Debug\Exceptions->errorHandler(2, 'Undefined variable $usersfile', 'C:\\xampp\\htdocs\\KURIO\\appstarter3\\app\\Views\\file.php', 41)
 2 SYSTEMPATH\View\View.php(213): include('C:\\xampp\\htdocs\\KURIO\\appstarter3\\app\\Views\\file.php')
 3 SYSTEMPATH\View\View.php(216): CodeIgniter\View\View->CodeIgniter\View\{closure}()
 4 SYSTEMPATH\Common.php(1184): CodeIgniter\View\View->render('file', [], true)
 5 APPPATH\Controllers\ProfileController.php(145): view('file', [...])
 6 SYSTEMPATH\CodeIgniter.php(934): App\Controllers\ProfileController->file()
 7 SYSTEMPATH\CodeIgniter.php(499): CodeIgniter\CodeIgniter->runController(Object(App\Controllers\ProfileController))
 8 SYSTEMPATH\CodeIgniter.php(368): CodeIgniter\CodeIgniter->handleRequest(null, Object(Config\Cache), false)
 9 FCPATH\index.php(67): CodeIgniter\CodeIgniter->run()
10 SYSTEMPATH\Commands\Server\rewrite.php(47): require_once('C:\\xampp\\htdocs\\KURIO\\appstarter3\\public\\index.php')
CRITICAL - 2023-06-21 09:52:20 --> Undefined variable $usersfile
in APPPATH\Views\file.php on line 41.
 1 APPPATH\Views\file.php(41): CodeIgniter\Debug\Exceptions->errorHandler(2, 'Undefined variable $usersfile', 'C:\\xampp\\htdocs\\KURIO\\appstarter3\\app\\Views\\file.php', 41)
 2 SYSTEMPATH\View\View.php(213): include('C:\\xampp\\htdocs\\KURIO\\appstarter3\\app\\Views\\file.php')
 3 SYSTEMPATH\View\View.php(216): CodeIgniter\View\View->CodeIgniter\View\{closure}()
 4 SYSTEMPATH\Common.php(1184): CodeIgniter\View\View->render('file', [], true)
 5 APPPATH\Controllers\ProfileController.php(145): view('file', [...])
 6 SYSTEMPATH\CodeIgniter.php(934): App\Controllers\ProfileController->file()
 7 SYSTEMPATH\CodeIgniter.php(499): CodeIgniter\CodeIgniter->runController(Object(App\Controllers\ProfileController))
 8 SYSTEMPATH\CodeIgniter.php(368): CodeIgniter\CodeIgniter->handleRequest(null, Object(Config\Cache), false)
 9 FCPATH\index.php(67): CodeIgniter\CodeIgniter->run()
10 SYSTEMPATH\Commands\Server\rewrite.php(47): require_once('C:\\xampp\\htdocs\\KURIO\\appstarter3\\public\\index.php')
CRITICAL - 2023-06-21 09:52:56 --> Undefined variable $usersfile
in APPPATH\Views\file.php on line 41.
 1 APPPATH\Views\file.php(41): CodeIgniter\Debug\Exceptions->errorHandler(2, 'Undefined variable $usersfile', 'C:\\xampp\\htdocs\\KURIO\\appstarter3\\app\\Views\\file.php', 41)
 2 SYSTEMPATH\View\View.php(213): include('C:\\xampp\\htdocs\\KURIO\\appstarter3\\app\\Views\\file.php')
 3 SYSTEMPATH\View\View.php(216): CodeIgniter\View\View->CodeIgniter\View\{closure}()
 4 SYSTEMPATH\Common.php(1184): CodeIgniter\View\View->render('file', [], true)
 5 APPPATH\Controllers\ProfileController.php(145): view('file', [...])
 6 SYSTEMPATH\CodeIgniter.php(934): App\Controllers\ProfileController->file()
 7 SYSTEMPATH\CodeIgniter.php(499): CodeIgniter\CodeIgniter->runController(Object(App\Controllers\ProfileController))
 8 SYSTEMPATH\CodeIgniter.php(368): CodeIgniter\CodeIgniter->handleRequest(null, Object(Config\Cache), false)
 9 FCPATH\index.php(67): CodeIgniter\CodeIgniter->run()
10 SYSTEMPATH\Commands\Server\rewrite.php(47): require_once('C:\\xampp\\htdocs\\KURIO\\appstarter3\\public\\index.php')
CRITICAL - 2023-06-21 10:18:48 --> Undefined variable $usersfile
in APPPATH\Views\file.php on line 58.
 1 APPPATH\Views\file.php(58): CodeIgniter\Debug\Exceptions->errorHandler(2, 'Undefined variable $usersfile', 'C:\\xampp\\htdocs\\KURIO\\appstarter3\\app\\Views\\file.php', 58)
 2 SYSTEMPATH\View\View.php(213): include('C:\\xampp\\htdocs\\KURIO\\appstarter3\\app\\Views\\file.php')
 3 SYSTEMPATH\View\View.php(216): CodeIgniter\View\View->CodeIgniter\View\{closure}()
 4 SYSTEMPATH\Common.php(1184): CodeIgniter\View\View->render('file', [], true)
 5 APPPATH\Controllers\ProfileController.php(145): view('file', [...])
 6 SYSTEMPATH\CodeIgniter.php(934): App\Controllers\ProfileController->file()
 7 SYSTEMPATH\CodeIgniter.php(499): CodeIgniter\CodeIgniter->runController(Object(App\Controllers\ProfileController))
 8 SYSTEMPATH\CodeIgniter.php(368): CodeIgniter\CodeIgniter->handleRequest(null, Object(Config\Cache), false)
 9 FCPATH\index.php(67): CodeIgniter\CodeIgniter->run()
10 SYSTEMPATH\Commands\Server\rewrite.php(47): require_once('C:\\xampp\\htdocs\\KURIO\\appstarter3\\public\\index.php')
CRITICAL - 2023-06-21 10:19:30 --> Undefined variable $usersfile
in APPPATH\Views\file.php on line 58.
 1 APPPATH\Views\file.php(58): CodeIgniter\Debug\Exceptions->errorHandler(2, 'Undefined variable $usersfile', 'C:\\xampp\\htdocs\\KURIO\\appstarter3\\app\\Views\\file.php', 58)
 2 SYSTEMPATH\View\View.php(213): include('C:\\xampp\\htdocs\\KURIO\\appstarter3\\app\\Views\\file.php')
 3 SYSTEMPATH\View\View.php(216): CodeIgniter\View\View->CodeIgniter\View\{closure}()
 4 SYSTEMPATH\Common.php(1184): CodeIgniter\View\View->render('file', [], true)
 5 APPPATH\Controllers\ProfileController.php(145): view('file', [...])
 6 SYSTEMPATH\CodeIgniter.php(934): App\Controllers\ProfileController->file()
 7 SYSTEMPATH\CodeIgniter.php(499): CodeIgniter\CodeIgniter->runController(Object(App\Controllers\ProfileController))
 8 SYSTEMPATH\CodeIgniter.php(368): CodeIgniter\CodeIgniter->handleRequest(null, Object(Config\Cache), false)
 9 FCPATH\index.php(67): CodeIgniter\CodeIgniter->run()
10 SYSTEMPATH\Commands\Server\rewrite.php(47): require_once('C:\\xampp\\htdocs\\KURIO\\appstarter3\\public\\index.php')
CRITICAL - 2023-06-21 10:19:33 --> Undefined variable $usersfile
in APPPATH\Views\file.php on line 58.
 1 APPPATH\Views\file.php(58): CodeIgniter\Debug\Exceptions->errorHandler(2, 'Undefined variable $usersfile', 'C:\\xampp\\htdocs\\KURIO\\appstarter3\\app\\Views\\file.php', 58)
 2 SYSTEMPATH\View\View.php(213): include('C:\\xampp\\htdocs\\KURIO\\appstarter3\\app\\Views\\file.php')
 3 SYSTEMPATH\View\View.php(216): CodeIgniter\View\View->CodeIgniter\View\{closure}()
 4 SYSTEMPATH\Common.php(1184): CodeIgniter\View\View->render('file', [], true)
 5 APPPATH\Controllers\ProfileController.php(145): view('file', [...])
 6 SYSTEMPATH\CodeIgniter.php(934): App\Controllers\ProfileController->file()
 7 SYSTEMPATH\CodeIgniter.php(499): CodeIgniter\CodeIgniter->runController(Object(App\Controllers\ProfileController))
 8 SYSTEMPATH\CodeIgniter.php(368): CodeIgniter\CodeIgniter->handleRequest(null, Object(Config\Cache), false)
 9 FCPATH\index.php(67): CodeIgniter\CodeIgniter->run()
10 SYSTEMPATH\Commands\Server\rewrite.php(47): require_once('C:\\xampp\\htdocs\\KURIO\\appstarter3\\public\\index.php')
CRITICAL - 2023-06-21 11:22:51 --> syntax error, unexpected token "public"
in APPPATH\Controllers\ProfileController.php on line 222.
 1 SYSTEMPATH\Autoloader\Autoloader.php(289): CodeIgniter\Autoloader\Autoloader->includeFile('C:\\xampp\\htdocs\\KURIO\\appstarter3\\app\\Controllers\\ProfileController.php')
 2 SYSTEMPATH\Autoloader\Autoloader.php(267): CodeIgniter\Autoloader\Autoloader->loadInNamespace('App\\Controllers\\ProfileController')
 3 [internal function]: CodeIgniter\Autoloader\Autoloader->loadClass('App\\Controllers\\ProfileController')
 4 SYSTEMPATH\CodeIgniter.php(892): class_exists('\\App\\Controllers\\ProfileController', true)
 5 SYSTEMPATH\CodeIgniter.php(486): CodeIgniter\CodeIgniter->startController()
 6 SYSTEMPATH\CodeIgniter.php(368): CodeIgniter\CodeIgniter->handleRequest(null, Object(Config\Cache), false)
 7 FCPATH\index.php(67): CodeIgniter\CodeIgniter->run()
 8 SYSTEMPATH\Commands\Server\rewrite.php(47): require_once('C:\\xampp\\htdocs\\KURIO\\appstarter3\\public\\index.php')
CRITICAL - 2023-06-21 11:24:32 --> syntax error, unexpected token "public"
in APPPATH\Controllers\ProfileController.php on line 222.
 1 SYSTEMPATH\Autoloader\Autoloader.php(289): CodeIgniter\Autoloader\Autoloader->includeFile('C:\\xampp\\htdocs\\KURIO\\appstarter3\\app\\Controllers\\ProfileController.php')
 2 SYSTEMPATH\Autoloader\Autoloader.php(267): CodeIgniter\Autoloader\Autoloader->loadInNamespace('App\\Controllers\\ProfileController')
 3 [internal function]: CodeIgniter\Autoloader\Autoloader->loadClass('App\\Controllers\\ProfileController')
 4 SYSTEMPATH\CodeIgniter.php(892): class_exists('\\App\\Controllers\\ProfileController', true)
 5 SYSTEMPATH\CodeIgniter.php(486): CodeIgniter\CodeIgniter->startController()
 6 SYSTEMPATH\CodeIgniter.php(368): CodeIgniter\CodeIgniter->handleRequest(null, Object(Config\Cache), false)
 7 FCPATH\index.php(67): CodeIgniter\CodeIgniter->run()
 8 SYSTEMPATH\Commands\Server\rewrite.php(47): require_once('C:\\xampp\\htdocs\\KURIO\\appstarter3\\public\\index.php')
CRITICAL - 2023-06-21 11:56:58 --> Undefined variable $usersfile
in APPPATH\Views\file.php on line 58.
 1 APPPATH\Views\file.php(58): CodeIgniter\Debug\Exceptions->errorHandler(2, 'Undefined variable $usersfile', 'C:\\xampp\\htdocs\\KURIO\\appstarter3\\app\\Views\\file.php', 58)
 2 SYSTEMPATH\View\View.php(213): include('C:\\xampp\\htdocs\\KURIO\\appstarter3\\app\\Views\\file.php')
 3 SYSTEMPATH\View\View.php(216): CodeIgniter\View\View->CodeIgniter\View\{closure}()
 4 SYSTEMPATH\Common.php(1184): CodeIgniter\View\View->render('file', [], true)
 5 APPPATH\Controllers\ProfileController.php(145): view('file', [...])
 6 SYSTEMPATH\CodeIgniter.php(934): App\Controllers\ProfileController->file()
 7 SYSTEMPATH\CodeIgniter.php(499): CodeIgniter\CodeIgniter->runController(Object(App\Controllers\ProfileController))
 8 SYSTEMPATH\CodeIgniter.php(368): CodeIgniter\CodeIgniter->handleRequest(null, Object(Config\Cache), false)
 9 FCPATH\index.php(67): CodeIgniter\CodeIgniter->run()
10 SYSTEMPATH\Commands\Server\rewrite.php(47): require_once('C:\\xampp\\htdocs\\KURIO\\appstarter3\\public\\index.php')
CRITICAL - 2023-06-21 11:57:13 --> Undefined variable $usersfile
in APPPATH\Views\file.php on line 58.
 1 APPPATH\Views\file.php(58): CodeIgniter\Debug\Exceptions->errorHandler(2, 'Undefined variable $usersfile', 'C:\\xampp\\htdocs\\KURIO\\appstarter3\\app\\Views\\file.php', 58)
 2 SYSTEMPATH\View\View.php(213): include('C:\\xampp\\htdocs\\KURIO\\appstarter3\\app\\Views\\file.php')
 3 SYSTEMPATH\View\View.php(216): CodeIgniter\View\View->CodeIgniter\View\{closure}()
 4 SYSTEMPATH\Common.php(1184): CodeIgniter\View\View->render('file', [], true)
 5 APPPATH\Controllers\ProfileController.php(145): view('file', [...])
 6 SYSTEMPATH\CodeIgniter.php(934): App\Controllers\ProfileController->file()
 7 SYSTEMPATH\CodeIgniter.php(499): CodeIgniter\CodeIgniter->runController(Object(App\Controllers\ProfileController))
 8 SYSTEMPATH\CodeIgniter.php(368): CodeIgniter\CodeIgniter->handleRequest(null, Object(Config\Cache), false)
 9 FCPATH\index.php(67): CodeIgniter\CodeIgniter->run()
10 SYSTEMPATH\Commands\Server\rewrite.php(47): require_once('C:\\xampp\\htdocs\\KURIO\\appstarter3\\public\\index.php')
CRITICAL - 2023-06-21 11:59:08 --> Undefined variable $usersfile
in APPPATH\Views\file.php on line 58.
 1 APPPATH\Views\file.php(58): CodeIgniter\Debug\Exceptions->errorHandler(2, 'Undefined variable $usersfile', 'C:\\xampp\\htdocs\\KURIO\\appstarter3\\app\\Views\\file.php', 58)
 2 SYSTEMPATH\View\View.php(213): include('C:\\xampp\\htdocs\\KURIO\\appstarter3\\app\\Views\\file.php')
 3 SYSTEMPATH\View\View.php(216): CodeIgniter\View\View->CodeIgniter\View\{closure}()
 4 SYSTEMPATH\Common.php(1184): CodeIgniter\View\View->render('file', [], true)
 5 APPPATH\Controllers\ProfileController.php(145): view('file', [...])
 6 SYSTEMPATH\CodeIgniter.php(934): App\Controllers\ProfileController->file()
 7 SYSTEMPATH\CodeIgniter.php(499): CodeIgniter\CodeIgniter->runController(Object(App\Controllers\ProfileController))
 8 SYSTEMPATH\CodeIgniter.php(368): CodeIgniter\CodeIgniter->handleRequest(null, Object(Config\Cache), false)
 9 FCPATH\index.php(67): CodeIgniter\CodeIgniter->run()
10 SYSTEMPATH\Commands\Server\rewrite.php(47): require_once('C:\\xampp\\htdocs\\KURIO\\appstarter3\\public\\index.php')
CRITICAL - 2023-06-21 12:12:43 --> Undefined variable $usersfile
in APPPATH\Views\file.php on line 58.
 1 APPPATH\Views\file.php(58): CodeIgniter\Debug\Exceptions->errorHandler(2, 'Undefined variable $usersfile', 'C:\\xampp\\htdocs\\KURIO\\appstarter3\\app\\Views\\file.php', 58)
 2 SYSTEMPATH\View\View.php(213): include('C:\\xampp\\htdocs\\KURIO\\appstarter3\\app\\Views\\file.php')
 3 SYSTEMPATH\View\View.php(216): CodeIgniter\View\View->CodeIgniter\View\{closure}()
 4 SYSTEMPATH\Common.php(1184): CodeIgniter\View\View->render('file', [], true)
 5 APPPATH\Controllers\ProfileController.php(145): view('file', [...])
 6 SYSTEMPATH\CodeIgniter.php(934): App\Controllers\ProfileController->file()
 7 SYSTEMPATH\CodeIgniter.php(499): CodeIgniter\CodeIgniter->runController(Object(App\Controllers\ProfileController))
 8 SYSTEMPATH\CodeIgniter.php(368): CodeIgniter\CodeIgniter->handleRequest(null, Object(Config\Cache), false)
 9 FCPATH\index.php(67): CodeIgniter\CodeIgniter->run()
10 SYSTEMPATH\Commands\Server\rewrite.php(47): require_once('C:\\xampp\\htdocs\\KURIO\\appstarter3\\public\\index.php')
CRITICAL - 2023-06-21 12:56:15 --> Undefined variable $usersfile
in APPPATH\Views\file.php on line 57.
 1 APPPATH\Views\file.php(57): CodeIgniter\Debug\Exceptions->errorHandler(2, 'Undefined variable $usersfile', 'C:\\xampp\\htdocs\\KURIO\\appstarter3\\app\\Views\\file.php', 57)
 2 SYSTEMPATH\View\View.php(213): include('C:\\xampp\\htdocs\\KURIO\\appstarter3\\app\\Views\\file.php')
 3 SYSTEMPATH\View\View.php(216): CodeIgniter\View\View->CodeIgniter\View\{closure}()
 4 SYSTEMPATH\Common.php(1184): CodeIgniter\View\View->render('file', [], true)
 5 APPPATH\Controllers\ProfileController.php(145): view('file', [...])
 6 SYSTEMPATH\CodeIgniter.php(934): App\Controllers\ProfileController->file()
 7 SYSTEMPATH\CodeIgniter.php(499): CodeIgniter\CodeIgniter->runController(Object(App\Controllers\ProfileController))
 8 SYSTEMPATH\CodeIgniter.php(368): CodeIgniter\CodeIgniter->handleRequest(null, Object(Config\Cache), false)
 9 FCPATH\index.php(67): CodeIgniter\CodeIgniter->run()
10 SYSTEMPATH\Commands\Server\rewrite.php(47): require_once('C:\\xampp\\htdocs\\KURIO\\appstarter3\\public\\index.php')
CRITICAL - 2023-06-21 12:56:20 --> Undefined variable $usersfile
in APPPATH\Views\file.php on line 57.
 1 APPPATH\Views\file.php(57): CodeIgniter\Debug\Exceptions->errorHandler(2, 'Undefined variable $usersfile', 'C:\\xampp\\htdocs\\KURIO\\appstarter3\\app\\Views\\file.php', 57)
 2 SYSTEMPATH\View\View.php(213): include('C:\\xampp\\htdocs\\KURIO\\appstarter3\\app\\Views\\file.php')
 3 SYSTEMPATH\View\View.php(216): CodeIgniter\View\View->CodeIgniter\View\{closure}()
 4 SYSTEMPATH\Common.php(1184): CodeIgniter\View\View->render('file', [], true)
 5 APPPATH\Controllers\ProfileController.php(145): view('file', [...])
 6 SYSTEMPATH\CodeIgniter.php(934): App\Controllers\ProfileController->file()
 7 SYSTEMPATH\CodeIgniter.php(499): CodeIgniter\CodeIgniter->runController(Object(App\Controllers\ProfileController))
 8 SYSTEMPATH\CodeIgniter.php(368): CodeIgniter\CodeIgniter->handleRequest(null, Object(Config\Cache), false)
 9 FCPATH\index.php(67): CodeIgniter\CodeIgniter->run()
10 SYSTEMPATH\Commands\Server\rewrite.php(47): require_once('C:\\xampp\\htdocs\\KURIO\\appstarter3\\public\\index.php')
CRITICAL - 2023-06-21 12:56:25 --> Undefined variable $usersfile
in APPPATH\Views\file.php on line 57.
 1 APPPATH\Views\file.php(57): CodeIgniter\Debug\Exceptions->errorHandler(2, 'Undefined variable $usersfile', 'C:\\xampp\\htdocs\\KURIO\\appstarter3\\app\\Views\\file.php', 57)
 2 SYSTEMPATH\View\View.php(213): include('C:\\xampp\\htdocs\\KURIO\\appstarter3\\app\\Views\\file.php')
 3 SYSTEMPATH\View\View.php(216): CodeIgniter\View\View->CodeIgniter\View\{closure}()
 4 SYSTEMPATH\Common.php(1184): CodeIgniter\View\View->render('file', [], true)
 5 APPPATH\Controllers\ProfileController.php(145): view('file', [...])
 6 SYSTEMPATH\CodeIgniter.php(934): App\Controllers\ProfileController->file()
 7 SYSTEMPATH\CodeIgniter.php(499): CodeIgniter\CodeIgniter->runController(Object(App\Controllers\ProfileController))
 8 SYSTEMPATH\CodeIgniter.php(368): CodeIgniter\CodeIgniter->handleRequest(null, Object(Config\Cache), false)
 9 FCPATH\index.php(67): CodeIgniter\CodeIgniter->run()
10 SYSTEMPATH\Commands\Server\rewrite.php(47): require_once('C:\\xampp\\htdocs\\KURIO\\appstarter3\\public\\index.php')
CRITICAL - 2023-06-21 12:56:29 --> Undefined variable $usersfile
in APPPATH\Views\file.php on line 57.
 1 APPPATH\Views\file.php(57): CodeIgniter\Debug\Exceptions->errorHandler(2, 'Undefined variable $usersfile', 'C:\\xampp\\htdocs\\KURIO\\appstarter3\\app\\Views\\file.php', 57)
 2 SYSTEMPATH\View\View.php(213): include('C:\\xampp\\htdocs\\KURIO\\appstarter3\\app\\Views\\file.php')
 3 SYSTEMPATH\View\View.php(216): CodeIgniter\View\View->CodeIgniter\View\{closure}()
 4 SYSTEMPATH\Common.php(1184): CodeIgniter\View\View->render('file', [], true)
 5 APPPATH\Controllers\ProfileController.php(145): view('file', [...])
 6 SYSTEMPATH\CodeIgniter.php(934): App\Controllers\ProfileController->file()
 7 SYSTEMPATH\CodeIgniter.php(499): CodeIgniter\CodeIgniter->runController(Object(App\Controllers\ProfileController))
 8 SYSTEMPATH\CodeIgniter.php(368): CodeIgniter\CodeIgniter->handleRequest(null, Object(Config\Cache), false)
 9 FCPATH\index.php(67): CodeIgniter\CodeIgniter->run()
10 SYSTEMPATH\Commands\Server\rewrite.php(47): require_once('C:\\xampp\\htdocs\\KURIO\\appstarter3\\public\\index.php')
CRITICAL - 2023-06-21 12:58:13 --> Undefined variable $usersfile
in APPPATH\Views\file.php on line 57.
 1 APPPATH\Views\file.php(57): CodeIgniter\Debug\Exceptions->errorHandler(2, 'Undefined variable $usersfile', 'C:\\xampp\\htdocs\\KURIO\\appstarter3\\app\\Views\\file.php', 57)
 2 SYSTEMPATH\View\View.php(213): include('C:\\xampp\\htdocs\\KURIO\\appstarter3\\app\\Views\\file.php')
 3 SYSTEMPATH\View\View.php(216): CodeIgniter\View\View->CodeIgniter\View\{closure}()
 4 SYSTEMPATH\Common.php(1184): CodeIgniter\View\View->render('file', [], true)
 5 APPPATH\Controllers\ProfileController.php(145): view('file', [...])
 6 SYSTEMPATH\CodeIgniter.php(934): App\Controllers\ProfileController->file()
 7 SYSTEMPATH\CodeIgniter.php(499): CodeIgniter\CodeIgniter->runController(Object(App\Controllers\ProfileController))
 8 SYSTEMPATH\CodeIgniter.php(368): CodeIgniter\CodeIgniter->handleRequest(null, Object(Config\Cache), false)
 9 FCPATH\index.php(67): CodeIgniter\CodeIgniter->run()
10 SYSTEMPATH\Commands\Server\rewrite.php(47): require_once('C:\\xampp\\htdocs\\KURIO\\appstarter3\\public\\index.php')
CRITICAL - 2023-06-21 12:58:26 --> Undefined variable $usersfile
in APPPATH\Views\file.php on line 57.
 1 APPPATH\Views\file.php(57): CodeIgniter\Debug\Exceptions->errorHandler(2, 'Undefined variable $usersfile', 'C:\\xampp\\htdocs\\KURIO\\appstarter3\\app\\Views\\file.php', 57)
 2 SYSTEMPATH\View\View.php(213): include('C:\\xampp\\htdocs\\KURIO\\appstarter3\\app\\Views\\file.php')
 3 SYSTEMPATH\View\View.php(216): CodeIgniter\View\View->CodeIgniter\View\{closure}()
 4 SYSTEMPATH\Common.php(1184): CodeIgniter\View\View->render('file', [], true)
 5 APPPATH\Controllers\ProfileController.php(145): view('file', [...])
 6 SYSTEMPATH\CodeIgniter.php(934): App\Controllers\ProfileController->file()
 7 SYSTEMPATH\CodeIgniter.php(499): CodeIgniter\CodeIgniter->runController(Object(App\Controllers\ProfileController))
 8 SYSTEMPATH\CodeIgniter.php(368): CodeIgniter\CodeIgniter->handleRequest(null, Object(Config\Cache), false)
 9 FCPATH\index.php(67): CodeIgniter\CodeIgniter->run()
10 SYSTEMPATH\Commands\Server\rewrite.php(47): require_once('C:\\xampp\\htdocs\\KURIO\\appstarter3\\public\\index.php')
CRITICAL - 2023-06-21 12:58:38 --> Undefined variable $usersfile
in APPPATH\Views\file.php on line 57.
 1 APPPATH\Views\file.php(57): CodeIgniter\Debug\Exceptions->errorHandler(2, 'Undefined variable $usersfile', 'C:\\xampp\\htdocs\\KURIO\\appstarter3\\app\\Views\\file.php', 57)
 2 SYSTEMPATH\View\View.php(213): include('C:\\xampp\\htdocs\\KURIO\\appstarter3\\app\\Views\\file.php')
 3 SYSTEMPATH\View\View.php(216): CodeIgniter\View\View->CodeIgniter\View\{closure}()
 4 SYSTEMPATH\Common.php(1184): CodeIgniter\View\View->render('file', [], true)
 5 APPPATH\Controllers\ProfileController.php(145): view('file', [...])
 6 SYSTEMPATH\CodeIgniter.php(934): App\Controllers\ProfileController->file()
 7 SYSTEMPATH\CodeIgniter.php(499): CodeIgniter\CodeIgniter->runController(Object(App\Controllers\ProfileController))
 8 SYSTEMPATH\CodeIgniter.php(368): CodeIgniter\CodeIgniter->handleRequest(null, Object(Config\Cache), false)
 9 FCPATH\index.php(67): CodeIgniter\CodeIgniter->run()
10 SYSTEMPATH\Commands\Server\rewrite.php(47): require_once('C:\\xampp\\htdocs\\KURIO\\appstarter3\\public\\index.php')
CRITICAL - 2023-06-21 12:58:41 --> Undefined variable $usersfile
in APPPATH\Views\file.php on line 57.
 1 APPPATH\Views\file.php(57): CodeIgniter\Debug\Exceptions->errorHandler(2, 'Undefined variable $usersfile', 'C:\\xampp\\htdocs\\KURIO\\appstarter3\\app\\Views\\file.php', 57)
 2 SYSTEMPATH\View\View.php(213): include('C:\\xampp\\htdocs\\KURIO\\appstarter3\\app\\Views\\file.php')
 3 SYSTEMPATH\View\View.php(216): CodeIgniter\View\View->CodeIgniter\View\{closure}()
 4 SYSTEMPATH\Common.php(1184): CodeIgniter\View\View->render('file', [], true)
 5 APPPATH\Controllers\ProfileController.php(145): view('file', [...])
 6 SYSTEMPATH\CodeIgniter.php(934): App\Controllers\ProfileController->file()
 7 SYSTEMPATH\CodeIgniter.php(499): CodeIgniter\CodeIgniter->runController(Object(App\Controllers\ProfileController))
 8 SYSTEMPATH\CodeIgniter.php(368): CodeIgniter\CodeIgniter->handleRequest(null, Object(Config\Cache), false)
 9 FCPATH\index.php(67): CodeIgniter\CodeIgniter->run()
10 SYSTEMPATH\Commands\Server\rewrite.php(47): require_once('C:\\xampp\\htdocs\\KURIO\\appstarter3\\public\\index.php')
CRITICAL - 2023-06-21 13:16:44 --> Cannot access offset of type string on string
in APPPATH\Views\file.php on line 60.
 1 SYSTEMPATH\View\View.php(213): include()
 2 SYSTEMPATH\View\View.php(216): CodeIgniter\View\View->CodeIgniter\View\{closure}()
 3 SYSTEMPATH\Common.php(1184): CodeIgniter\View\View->render('file', [], true)
 4 APPPATH\Controllers\ProfileController.php(144): view('file', [...])
 5 SYSTEMPATH\CodeIgniter.php(934): App\Controllers\ProfileController->file()
 6 SYSTEMPATH\CodeIgniter.php(499): CodeIgniter\CodeIgniter->runController(Object(App\Controllers\ProfileController))
 7 SYSTEMPATH\CodeIgniter.php(368): CodeIgniter\CodeIgniter->handleRequest(null, Object(Config\Cache), false)
 8 FCPATH\index.php(67): CodeIgniter\CodeIgniter->run()
 9 SYSTEMPATH\Commands\Server\rewrite.php(47): require_once('C:\\xampp\\htdocs\\KURIO\\appstarter3\\public\\index.php')
CRITICAL - 2023-06-21 13:26:16 --> Undefined variable $userlist
in APPPATH\Views\file.php on line 58.
 1 APPPATH\Views\file.php(58): CodeIgniter\Debug\Exceptions->errorHandler(2, 'Undefined variable $userlist', 'C:\\xampp\\htdocs\\KURIO\\appstarter3\\app\\Views\\file.php', 58)
 2 SYSTEMPATH\View\View.php(213): include('C:\\xampp\\htdocs\\KURIO\\appstarter3\\app\\Views\\file.php')
 3 SYSTEMPATH\View\View.php(216): CodeIgniter\View\View->CodeIgniter\View\{closure}()
 4 SYSTEMPATH\Common.php(1184): CodeIgniter\View\View->render('file', [], true)
 5 APPPATH\Controllers\ProfileController.php(143): view('file', [...])
 6 SYSTEMPATH\CodeIgniter.php(934): App\Controllers\ProfileController->file()
 7 SYSTEMPATH\CodeIgniter.php(499): CodeIgniter\CodeIgniter->runController(Object(App\Controllers\ProfileController))
 8 SYSTEMPATH\CodeIgniter.php(368): CodeIgniter\CodeIgniter->handleRequest(null, Object(Config\Cache), false)
 9 FCPATH\index.php(67): CodeIgniter\CodeIgniter->run()
10 SYSTEMPATH\Commands\Server\rewrite.php(47): require_once('C:\\xampp\\htdocs\\KURIO\\appstarter3\\public\\index.php')
