CRITICAL - 2023-07-06 04:26:15 --> Unmatched '}'
in APPPATH\Controllers\DropdownAjaxController.php on line 256.
 1 SYSTEMPATH\Autoloader\Autoloader.php(289): CodeIgniter\Autoloader\Autoloader->includeFile('C:\\xampp\\htdocs\\KURIO\\appstarter3\\app\\Controllers\\DropdownAjaxController.php')
 2 SYSTEMPATH\Autoloader\Autoloader.php(267): CodeIgniter\Autoloader\Autoloader->loadInNamespace('App\\Controllers\\DropdownAjaxController')
 3 [internal function]: CodeIgniter\Autoloader\Autoloader->loadClass('App\\Controllers\\DropdownAjaxController')
 4 SYSTEMPATH\CodeIgniter.php(892): class_exists('\\App\\Controllers\\DropdownAjaxController', true)
 5 SYSTEMPATH\CodeIgniter.php(486): CodeIgniter\CodeIgniter->startController()
 6 SYSTEMPATH\CodeIgniter.php(368): CodeIgniter\CodeIgniter->handleRequest(null, Object(Config\Cache), false)
 7 FCPATH\index.php(67): CodeIgniter\CodeIgniter->run()
 8 SYSTEMPATH\Commands\Server\rewrite.php(47): require_once('C:\\xampp\\htdocs\\KURIO\\appstarter3\\public\\index.php')
CRITICAL - 2023-07-06 05:53:04 --> Undefined variable $countryId
in APPPATH\Controllers\DropdownAjaxController.php on line 191.
 1 APPPATH\Controllers\DropdownAjaxController.php(191): CodeIgniter\Debug\Exceptions->errorHandler(2, 'Undefined variable $countryId', 'C:\\xampp\\htdocs\\KURIO\\appstarter3\\app\\Controllers\\DropdownAjaxController.php', 191)
 2 SYSTEMPATH\CodeIgniter.php(934): App\Controllers\DropdownAjaxController->edit_list('10')
 3 SYSTEMPATH\CodeIgniter.php(499): CodeIgniter\CodeIgniter->runController(Object(App\Controllers\DropdownAjaxController))
 4 SYSTEMPATH\CodeIgniter.php(368): CodeIgniter\CodeIgniter->handleRequest(null, Object(Config\Cache), false)
 5 FCPATH\index.php(67): CodeIgniter\CodeIgniter->run()
 6 SYSTEMPATH\Commands\Server\rewrite.php(47): require_once('C:\\xampp\\htdocs\\KURIO\\appstarter3\\public\\index.php')
CRITICAL - 2023-07-06 05:54:47 --> Undefined variable $states
in APPPATH\Views\edit_page.php on line 79.
 1 APPPATH\Views\edit_page.php(79): CodeIgniter\Debug\Exceptions->errorHandler(2, 'Undefined variable $states', 'C:\\xampp\\htdocs\\KURIO\\appstarter3\\app\\Views\\edit_page.php', 79)
 2 SYSTEMPATH\View\View.php(213): include('C:\\xampp\\htdocs\\KURIO\\appstarter3\\app\\Views\\edit_page.php')
 3 SYSTEMPATH\View\View.php(216): CodeIgniter\View\View->CodeIgniter\View\{closure}()
 4 SYSTEMPATH\Common.php(1184): CodeIgniter\View\View->render('edit_page', [], true)
 5 APPPATH\Controllers\DropdownAjaxController.php(193): view('edit_page', [...])
 6 SYSTEMPATH\CodeIgniter.php(934): App\Controllers\DropdownAjaxController->edit_list('10')
 7 SYSTEMPATH\CodeIgniter.php(499): CodeIgniter\CodeIgniter->runController(Object(App\Controllers\DropdownAjaxController))
 8 SYSTEMPATH\CodeIgniter.php(368): CodeIgniter\CodeIgniter->handleRequest(null, Object(Config\Cache), false)
 9 FCPATH\index.php(67): CodeIgniter\CodeIgniter->run()
10 SYSTEMPATH\Commands\Server\rewrite.php(47): require_once('C:\\xampp\\htdocs\\KURIO\\appstarter3\\public\\index.php')
CRITICAL - 2023-07-06 06:13:46 --> Undefined variable $states
in APPPATH\Views\edit_page.php on line 79.
 1 APPPATH\Views\edit_page.php(79): CodeIgniter\Debug\Exceptions->errorHandler(2, 'Undefined variable $states', 'C:\\xampp\\htdocs\\KURIO\\appstarter3\\app\\Views\\edit_page.php', 79)
 2 SYSTEMPATH\View\View.php(213): include('C:\\xampp\\htdocs\\KURIO\\appstarter3\\app\\Views\\edit_page.php')
 3 SYSTEMPATH\View\View.php(216): CodeIgniter\View\View->CodeIgniter\View\{closure}()
 4 SYSTEMPATH\Common.php(1184): CodeIgniter\View\View->render('edit_page', [], true)
 5 APPPATH\Controllers\DropdownAjaxController.php(196): view('edit_page', [...])
 6 SYSTEMPATH\CodeIgniter.php(934): App\Controllers\DropdownAjaxController->edit_list('10')
 7 SYSTEMPATH\CodeIgniter.php(499): CodeIgniter\CodeIgniter->runController(Object(App\Controllers\DropdownAjaxController))
 8 SYSTEMPATH\CodeIgniter.php(368): CodeIgniter\CodeIgniter->handleRequest(null, Object(Config\Cache), false)
 9 FCPATH\index.php(67): CodeIgniter\CodeIgniter->run()
10 SYSTEMPATH\Commands\Server\rewrite.php(47): require_once('C:\\xampp\\htdocs\\KURIO\\appstarter3\\public\\index.php')
CRITICAL - 2023-07-06 06:22:45 --> Cannot access offset of type string on string
in APPPATH\Models\MainModel.php on line 34.
 1 APPPATH\Controllers\DropdownAjaxController.php(189): App\Models\MainModel->selectstates('states')
 2 SYSTEMPATH\CodeIgniter.php(934): App\Controllers\DropdownAjaxController->edit_list('10')
 3 SYSTEMPATH\CodeIgniter.php(499): CodeIgniter\CodeIgniter->runController(Object(App\Controllers\DropdownAjaxController))
 4 SYSTEMPATH\CodeIgniter.php(368): CodeIgniter\CodeIgniter->handleRequest(null, Object(Config\Cache), false)
 5 FCPATH\index.php(67): CodeIgniter\CodeIgniter->run()
 6 SYSTEMPATH\Commands\Server\rewrite.php(47): require_once('C:\\xampp\\htdocs\\KURIO\\appstarter3\\public\\index.php')
CRITICAL - 2023-07-06 06:23:16 --> Cannot access offset of type string on string
in APPPATH\Models\MainModel.php on line 34.
 1 APPPATH\Controllers\DropdownAjaxController.php(189): App\Models\MainModel->selectstates('states')
 2 SYSTEMPATH\CodeIgniter.php(934): App\Controllers\DropdownAjaxController->edit_list('10')
 3 SYSTEMPATH\CodeIgniter.php(499): CodeIgniter\CodeIgniter->runController(Object(App\Controllers\DropdownAjaxController))
 4 SYSTEMPATH\CodeIgniter.php(368): CodeIgniter\CodeIgniter->handleRequest(null, Object(Config\Cache), false)
 5 FCPATH\index.php(67): CodeIgniter\CodeIgniter->run()
 6 SYSTEMPATH\Commands\Server\rewrite.php(47): require_once('C:\\xampp\\htdocs\\KURIO\\appstarter3\\public\\index.php')
CRITICAL - 2023-07-06 06:23:18 --> Cannot access offset of type string on string
in APPPATH\Models\MainModel.php on line 34.
 1 APPPATH\Controllers\DropdownAjaxController.php(189): App\Models\MainModel->selectstates('states')
 2 SYSTEMPATH\CodeIgniter.php(934): App\Controllers\DropdownAjaxController->edit_list('10')
 3 SYSTEMPATH\CodeIgniter.php(499): CodeIgniter\CodeIgniter->runController(Object(App\Controllers\DropdownAjaxController))
 4 SYSTEMPATH\CodeIgniter.php(368): CodeIgniter\CodeIgniter->handleRequest(null, Object(Config\Cache), false)
 5 FCPATH\index.php(67): CodeIgniter\CodeIgniter->run()
 6 SYSTEMPATH\Commands\Server\rewrite.php(47): require_once('C:\\xampp\\htdocs\\KURIO\\appstarter3\\public\\index.php')
CRITICAL - 2023-07-06 06:23:18 --> Cannot access offset of type string on string
in APPPATH\Models\MainModel.php on line 34.
 1 APPPATH\Controllers\DropdownAjaxController.php(189): App\Models\MainModel->selectstates('states')
 2 SYSTEMPATH\CodeIgniter.php(934): App\Controllers\DropdownAjaxController->edit_list('10')
 3 SYSTEMPATH\CodeIgniter.php(499): CodeIgniter\CodeIgniter->runController(Object(App\Controllers\DropdownAjaxController))
 4 SYSTEMPATH\CodeIgniter.php(368): CodeIgniter\CodeIgniter->handleRequest(null, Object(Config\Cache), false)
 5 FCPATH\index.php(67): CodeIgniter\CodeIgniter->run()
 6 SYSTEMPATH\Commands\Server\rewrite.php(47): require_once('C:\\xampp\\htdocs\\KURIO\\appstarter3\\public\\index.php')
CRITICAL - 2023-07-06 06:23:18 --> Cannot access offset of type string on string
in APPPATH\Models\MainModel.php on line 34.
 1 APPPATH\Controllers\DropdownAjaxController.php(189): App\Models\MainModel->selectstates('states')
 2 SYSTEMPATH\CodeIgniter.php(934): App\Controllers\DropdownAjaxController->edit_list('10')
 3 SYSTEMPATH\CodeIgniter.php(499): CodeIgniter\CodeIgniter->runController(Object(App\Controllers\DropdownAjaxController))
 4 SYSTEMPATH\CodeIgniter.php(368): CodeIgniter\CodeIgniter->handleRequest(null, Object(Config\Cache), false)
 5 FCPATH\index.php(67): CodeIgniter\CodeIgniter->run()
 6 SYSTEMPATH\Commands\Server\rewrite.php(47): require_once('C:\\xampp\\htdocs\\KURIO\\appstarter3\\public\\index.php')
CRITICAL - 2023-07-06 06:23:18 --> Cannot access offset of type string on string
in APPPATH\Models\MainModel.php on line 34.
 1 APPPATH\Controllers\DropdownAjaxController.php(189): App\Models\MainModel->selectstates('states')
 2 SYSTEMPATH\CodeIgniter.php(934): App\Controllers\DropdownAjaxController->edit_list('10')
 3 SYSTEMPATH\CodeIgniter.php(499): CodeIgniter\CodeIgniter->runController(Object(App\Controllers\DropdownAjaxController))
 4 SYSTEMPATH\CodeIgniter.php(368): CodeIgniter\CodeIgniter->handleRequest(null, Object(Config\Cache), false)
 5 FCPATH\index.php(67): CodeIgniter\CodeIgniter->run()
 6 SYSTEMPATH\Commands\Server\rewrite.php(47): require_once('C:\\xampp\\htdocs\\KURIO\\appstarter3\\public\\index.php')
CRITICAL - 2023-07-06 06:23:18 --> Cannot access offset of type string on string
in APPPATH\Models\MainModel.php on line 34.
 1 APPPATH\Controllers\DropdownAjaxController.php(189): App\Models\MainModel->selectstates('states')
 2 SYSTEMPATH\CodeIgniter.php(934): App\Controllers\DropdownAjaxController->edit_list('10')
 3 SYSTEMPATH\CodeIgniter.php(499): CodeIgniter\CodeIgniter->runController(Object(App\Controllers\DropdownAjaxController))
 4 SYSTEMPATH\CodeIgniter.php(368): CodeIgniter\CodeIgniter->handleRequest(null, Object(Config\Cache), false)
 5 FCPATH\index.php(67): CodeIgniter\CodeIgniter->run()
 6 SYSTEMPATH\Commands\Server\rewrite.php(47): require_once('C:\\xampp\\htdocs\\KURIO\\appstarter3\\public\\index.php')
CRITICAL - 2023-07-06 06:23:18 --> Cannot access offset of type string on string
in APPPATH\Models\MainModel.php on line 34.
 1 APPPATH\Controllers\DropdownAjaxController.php(189): App\Models\MainModel->selectstates('states')
 2 SYSTEMPATH\CodeIgniter.php(934): App\Controllers\DropdownAjaxController->edit_list('10')
 3 SYSTEMPATH\CodeIgniter.php(499): CodeIgniter\CodeIgniter->runController(Object(App\Controllers\DropdownAjaxController))
 4 SYSTEMPATH\CodeIgniter.php(368): CodeIgniter\CodeIgniter->handleRequest(null, Object(Config\Cache), false)
 5 FCPATH\index.php(67): CodeIgniter\CodeIgniter->run()
 6 SYSTEMPATH\Commands\Server\rewrite.php(47): require_once('C:\\xampp\\htdocs\\KURIO\\appstarter3\\public\\index.php')
CRITICAL - 2023-07-06 06:23:19 --> Cannot access offset of type string on string
in APPPATH\Models\MainModel.php on line 34.
 1 APPPATH\Controllers\DropdownAjaxController.php(189): App\Models\MainModel->selectstates('states')
 2 SYSTEMPATH\CodeIgniter.php(934): App\Controllers\DropdownAjaxController->edit_list('10')
 3 SYSTEMPATH\CodeIgniter.php(499): CodeIgniter\CodeIgniter->runController(Object(App\Controllers\DropdownAjaxController))
 4 SYSTEMPATH\CodeIgniter.php(368): CodeIgniter\CodeIgniter->handleRequest(null, Object(Config\Cache), false)
 5 FCPATH\index.php(67): CodeIgniter\CodeIgniter->run()
 6 SYSTEMPATH\Commands\Server\rewrite.php(47): require_once('C:\\xampp\\htdocs\\KURIO\\appstarter3\\public\\index.php')
CRITICAL - 2023-07-06 06:23:19 --> Cannot access offset of type string on string
in APPPATH\Models\MainModel.php on line 34.
 1 APPPATH\Controllers\DropdownAjaxController.php(189): App\Models\MainModel->selectstates('states')
 2 SYSTEMPATH\CodeIgniter.php(934): App\Controllers\DropdownAjaxController->edit_list('10')
 3 SYSTEMPATH\CodeIgniter.php(499): CodeIgniter\CodeIgniter->runController(Object(App\Controllers\DropdownAjaxController))
 4 SYSTEMPATH\CodeIgniter.php(368): CodeIgniter\CodeIgniter->handleRequest(null, Object(Config\Cache), false)
 5 FCPATH\index.php(67): CodeIgniter\CodeIgniter->run()
 6 SYSTEMPATH\Commands\Server\rewrite.php(47): require_once('C:\\xampp\\htdocs\\KURIO\\appstarter3\\public\\index.php')
CRITICAL - 2023-07-06 06:23:19 --> Cannot access offset of type string on string
in APPPATH\Models\MainModel.php on line 34.
 1 APPPATH\Controllers\DropdownAjaxController.php(189): App\Models\MainModel->selectstates('states')
 2 SYSTEMPATH\CodeIgniter.php(934): App\Controllers\DropdownAjaxController->edit_list('10')
 3 SYSTEMPATH\CodeIgniter.php(499): CodeIgniter\CodeIgniter->runController(Object(App\Controllers\DropdownAjaxController))
 4 SYSTEMPATH\CodeIgniter.php(368): CodeIgniter\CodeIgniter->handleRequest(null, Object(Config\Cache), false)
 5 FCPATH\index.php(67): CodeIgniter\CodeIgniter->run()
 6 SYSTEMPATH\Commands\Server\rewrite.php(47): require_once('C:\\xampp\\htdocs\\KURIO\\appstarter3\\public\\index.php')
CRITICAL - 2023-07-06 06:23:19 --> Cannot access offset of type string on string
in APPPATH\Models\MainModel.php on line 34.
 1 APPPATH\Controllers\DropdownAjaxController.php(189): App\Models\MainModel->selectstates('states')
 2 SYSTEMPATH\CodeIgniter.php(934): App\Controllers\DropdownAjaxController->edit_list('10')
 3 SYSTEMPATH\CodeIgniter.php(499): CodeIgniter\CodeIgniter->runController(Object(App\Controllers\DropdownAjaxController))
 4 SYSTEMPATH\CodeIgniter.php(368): CodeIgniter\CodeIgniter->handleRequest(null, Object(Config\Cache), false)
 5 FCPATH\index.php(67): CodeIgniter\CodeIgniter->run()
 6 SYSTEMPATH\Commands\Server\rewrite.php(47): require_once('C:\\xampp\\htdocs\\KURIO\\appstarter3\\public\\index.php')
CRITICAL - 2023-07-06 06:27:03 --> Object of class App\Models\MainModel could not be converted to string
in APPPATH\Controllers\DropdownAjaxController.php on line 189.
 1 SYSTEMPATH\CodeIgniter.php(934): App\Controllers\DropdownAjaxController->edit_list('10')
 2 SYSTEMPATH\CodeIgniter.php(499): CodeIgniter\CodeIgniter->runController(Object(App\Controllers\DropdownAjaxController))
 3 SYSTEMPATH\CodeIgniter.php(368): CodeIgniter\CodeIgniter->handleRequest(null, Object(Config\Cache), false)
 4 FCPATH\index.php(67): CodeIgniter\CodeIgniter->run()
 5 SYSTEMPATH\Commands\Server\rewrite.php(47): require_once('C:\\xampp\\htdocs\\KURIO\\appstarter3\\public\\index.php')
CRITICAL - 2023-07-06 06:29:16 --> Object of class App\Models\MainModel could not be converted to string
in APPPATH\Controllers\DropdownAjaxController.php on line 189.
 1 SYSTEMPATH\CodeIgniter.php(934): App\Controllers\DropdownAjaxController->edit_list('10')
 2 SYSTEMPATH\CodeIgniter.php(499): CodeIgniter\CodeIgniter->runController(Object(App\Controllers\DropdownAjaxController))
 3 SYSTEMPATH\CodeIgniter.php(368): CodeIgniter\CodeIgniter->handleRequest(null, Object(Config\Cache), false)
 4 FCPATH\index.php(67): CodeIgniter\CodeIgniter->run()
 5 SYSTEMPATH\Commands\Server\rewrite.php(47): require_once('C:\\xampp\\htdocs\\KURIO\\appstarter3\\public\\index.php')
CRITICAL - 2023-07-06 06:29:18 --> Object of class App\Models\MainModel could not be converted to string
in APPPATH\Controllers\DropdownAjaxController.php on line 189.
 1 SYSTEMPATH\CodeIgniter.php(934): App\Controllers\DropdownAjaxController->edit_list('10')
 2 SYSTEMPATH\CodeIgniter.php(499): CodeIgniter\CodeIgniter->runController(Object(App\Controllers\DropdownAjaxController))
 3 SYSTEMPATH\CodeIgniter.php(368): CodeIgniter\CodeIgniter->handleRequest(null, Object(Config\Cache), false)
 4 FCPATH\index.php(67): CodeIgniter\CodeIgniter->run()
 5 SYSTEMPATH\Commands\Server\rewrite.php(47): require_once('C:\\xampp\\htdocs\\KURIO\\appstarter3\\public\\index.php')
CRITICAL - 2023-07-06 06:29:18 --> Object of class App\Models\MainModel could not be converted to string
in APPPATH\Controllers\DropdownAjaxController.php on line 189.
 1 SYSTEMPATH\CodeIgniter.php(934): App\Controllers\DropdownAjaxController->edit_list('10')
 2 SYSTEMPATH\CodeIgniter.php(499): CodeIgniter\CodeIgniter->runController(Object(App\Controllers\DropdownAjaxController))
 3 SYSTEMPATH\CodeIgniter.php(368): CodeIgniter\CodeIgniter->handleRequest(null, Object(Config\Cache), false)
 4 FCPATH\index.php(67): CodeIgniter\CodeIgniter->run()
 5 SYSTEMPATH\Commands\Server\rewrite.php(47): require_once('C:\\xampp\\htdocs\\KURIO\\appstarter3\\public\\index.php')
CRITICAL - 2023-07-06 06:29:18 --> Object of class App\Models\MainModel could not be converted to string
in APPPATH\Controllers\DropdownAjaxController.php on line 189.
 1 SYSTEMPATH\CodeIgniter.php(934): App\Controllers\DropdownAjaxController->edit_list('10')
 2 SYSTEMPATH\CodeIgniter.php(499): CodeIgniter\CodeIgniter->runController(Object(App\Controllers\DropdownAjaxController))
 3 SYSTEMPATH\CodeIgniter.php(368): CodeIgniter\CodeIgniter->handleRequest(null, Object(Config\Cache), false)
 4 FCPATH\index.php(67): CodeIgniter\CodeIgniter->run()
 5 SYSTEMPATH\Commands\Server\rewrite.php(47): require_once('C:\\xampp\\htdocs\\KURIO\\appstarter3\\public\\index.php')
CRITICAL - 2023-07-06 06:29:19 --> Object of class App\Models\MainModel could not be converted to string
in APPPATH\Controllers\DropdownAjaxController.php on line 189.
 1 SYSTEMPATH\CodeIgniter.php(934): App\Controllers\DropdownAjaxController->edit_list('10')
 2 SYSTEMPATH\CodeIgniter.php(499): CodeIgniter\CodeIgniter->runController(Object(App\Controllers\DropdownAjaxController))
 3 SYSTEMPATH\CodeIgniter.php(368): CodeIgniter\CodeIgniter->handleRequest(null, Object(Config\Cache), false)
 4 FCPATH\index.php(67): CodeIgniter\CodeIgniter->run()
 5 SYSTEMPATH\Commands\Server\rewrite.php(47): require_once('C:\\xampp\\htdocs\\KURIO\\appstarter3\\public\\index.php')
CRITICAL - 2023-07-06 06:29:19 --> Object of class App\Models\MainModel could not be converted to string
in APPPATH\Controllers\DropdownAjaxController.php on line 189.
 1 SYSTEMPATH\CodeIgniter.php(934): App\Controllers\DropdownAjaxController->edit_list('10')
 2 SYSTEMPATH\CodeIgniter.php(499): CodeIgniter\CodeIgniter->runController(Object(App\Controllers\DropdownAjaxController))
 3 SYSTEMPATH\CodeIgniter.php(368): CodeIgniter\CodeIgniter->handleRequest(null, Object(Config\Cache), false)
 4 FCPATH\index.php(67): CodeIgniter\CodeIgniter->run()
 5 SYSTEMPATH\Commands\Server\rewrite.php(47): require_once('C:\\xampp\\htdocs\\KURIO\\appstarter3\\public\\index.php')
CRITICAL - 2023-07-06 06:29:34 --> Undefined variable $states
in APPPATH\Views\edit_page.php on line 79.
 1 APPPATH\Views\edit_page.php(79): CodeIgniter\Debug\Exceptions->errorHandler(2, 'Undefined variable $states', 'C:\\xampp\\htdocs\\KURIO\\appstarter3\\app\\Views\\edit_page.php', 79)
 2 SYSTEMPATH\View\View.php(213): include('C:\\xampp\\htdocs\\KURIO\\appstarter3\\app\\Views\\edit_page.php')
 3 SYSTEMPATH\View\View.php(216): CodeIgniter\View\View->CodeIgniter\View\{closure}()
 4 SYSTEMPATH\Common.php(1184): CodeIgniter\View\View->render('edit_page', [], true)
 5 APPPATH\Controllers\DropdownAjaxController.php(193): view('edit_page', [...])
 6 SYSTEMPATH\CodeIgniter.php(934): App\Controllers\DropdownAjaxController->edit_list('10')
 7 SYSTEMPATH\CodeIgniter.php(499): CodeIgniter\CodeIgniter->runController(Object(App\Controllers\DropdownAjaxController))
 8 SYSTEMPATH\CodeIgniter.php(368): CodeIgniter\CodeIgniter->handleRequest(null, Object(Config\Cache), false)
 9 FCPATH\index.php(67): CodeIgniter\CodeIgniter->run()
10 SYSTEMPATH\Commands\Server\rewrite.php(47): require_once('C:\\xampp\\htdocs\\KURIO\\appstarter3\\public\\index.php')
CRITICAL - 2023-07-06 06:31:21 --> Undefined variable $postData
in APPPATH\Controllers\DropdownAjaxController.php on line 189.
 1 APPPATH\Controllers\DropdownAjaxController.php(189): CodeIgniter\Debug\Exceptions->errorHandler(2, 'Undefined variable $postData', 'C:\\xampp\\htdocs\\KURIO\\appstarter3\\app\\Controllers\\DropdownAjaxController.php', 189)
 2 SYSTEMPATH\CodeIgniter.php(934): App\Controllers\DropdownAjaxController->edit_list('10')
 3 SYSTEMPATH\CodeIgniter.php(499): CodeIgniter\CodeIgniter->runController(Object(App\Controllers\DropdownAjaxController))
 4 SYSTEMPATH\CodeIgniter.php(368): CodeIgniter\CodeIgniter->handleRequest(null, Object(Config\Cache), false)
 5 FCPATH\index.php(67): CodeIgniter\CodeIgniter->run()
 6 SYSTEMPATH\Commands\Server\rewrite.php(47): require_once('C:\\xampp\\htdocs\\KURIO\\appstarter3\\public\\index.php')
CRITICAL - 2023-07-06 06:50:54 --> Undefined variable $userlist
in APPPATH\Controllers\DropdownAjaxController.php on line 194.
 1 APPPATH\Controllers\DropdownAjaxController.php(194): CodeIgniter\Debug\Exceptions->errorHandler(2, 'Undefined variable $userlist', 'C:\\xampp\\htdocs\\KURIO\\appstarter3\\app\\Controllers\\DropdownAjaxController.php', 194)
 2 SYSTEMPATH\CodeIgniter.php(934): App\Controllers\DropdownAjaxController->edit_list('7')
 3 SYSTEMPATH\CodeIgniter.php(499): CodeIgniter\CodeIgniter->runController(Object(App\Controllers\DropdownAjaxController))
 4 SYSTEMPATH\CodeIgniter.php(368): CodeIgniter\CodeIgniter->handleRequest(null, Object(Config\Cache), false)
 5 FCPATH\index.php(67): CodeIgniter\CodeIgniter->run()
 6 SYSTEMPATH\Commands\Server\rewrite.php(47): require_once('C:\\xampp\\htdocs\\KURIO\\appstarter3\\public\\index.php')
CRITICAL - 2023-07-06 06:51:43 --> Undefined array key "states"
in APPPATH\Controllers\DropdownAjaxController.php on line 194.
 1 APPPATH\Controllers\DropdownAjaxController.php(194): CodeIgniter\Debug\Exceptions->errorHandler(2, 'Undefined array key "states"', 'C:\\xampp\\htdocs\\KURIO\\appstarter3\\app\\Controllers\\DropdownAjaxController.php', 194)
 2 SYSTEMPATH\CodeIgniter.php(934): App\Controllers\DropdownAjaxController->edit_list('7')
 3 SYSTEMPATH\CodeIgniter.php(499): CodeIgniter\CodeIgniter->runController(Object(App\Controllers\DropdownAjaxController))
 4 SYSTEMPATH\CodeIgniter.php(368): CodeIgniter\CodeIgniter->handleRequest(null, Object(Config\Cache), false)
 5 FCPATH\index.php(67): CodeIgniter\CodeIgniter->run()
 6 SYSTEMPATH\Commands\Server\rewrite.php(47): require_once('C:\\xampp\\htdocs\\KURIO\\appstarter3\\public\\index.php')
CRITICAL - 2023-07-06 06:52:05 --> Undefined array key "id"
in APPPATH\Controllers\DropdownAjaxController.php on line 194.
 1 APPPATH\Controllers\DropdownAjaxController.php(194): CodeIgniter\Debug\Exceptions->errorHandler(2, 'Undefined array key "id"', 'C:\\xampp\\htdocs\\KURIO\\appstarter3\\app\\Controllers\\DropdownAjaxController.php', 194)
 2 SYSTEMPATH\CodeIgniter.php(934): App\Controllers\DropdownAjaxController->edit_list('7')
 3 SYSTEMPATH\CodeIgniter.php(499): CodeIgniter\CodeIgniter->runController(Object(App\Controllers\DropdownAjaxController))
 4 SYSTEMPATH\CodeIgniter.php(368): CodeIgniter\CodeIgniter->handleRequest(null, Object(Config\Cache), false)
 5 FCPATH\index.php(67): CodeIgniter\CodeIgniter->run()
 6 SYSTEMPATH\Commands\Server\rewrite.php(47): require_once('C:\\xampp\\htdocs\\KURIO\\appstarter3\\public\\index.php')
CRITICAL - 2023-07-06 06:52:07 --> Undefined array key "id"
in APPPATH\Controllers\DropdownAjaxController.php on line 194.
 1 APPPATH\Controllers\DropdownAjaxController.php(194): CodeIgniter\Debug\Exceptions->errorHandler(2, 'Undefined array key "id"', 'C:\\xampp\\htdocs\\KURIO\\appstarter3\\app\\Controllers\\DropdownAjaxController.php', 194)
 2 SYSTEMPATH\CodeIgniter.php(934): App\Controllers\DropdownAjaxController->edit_list('7')
 3 SYSTEMPATH\CodeIgniter.php(499): CodeIgniter\CodeIgniter->runController(Object(App\Controllers\DropdownAjaxController))
 4 SYSTEMPATH\CodeIgniter.php(368): CodeIgniter\CodeIgniter->handleRequest(null, Object(Config\Cache), false)
 5 FCPATH\index.php(67): CodeIgniter\CodeIgniter->run()
 6 SYSTEMPATH\Commands\Server\rewrite.php(47): require_once('C:\\xampp\\htdocs\\KURIO\\appstarter3\\public\\index.php')
CRITICAL - 2023-07-06 06:52:07 --> Undefined array key "id"
in APPPATH\Controllers\DropdownAjaxController.php on line 194.
 1 APPPATH\Controllers\DropdownAjaxController.php(194): CodeIgniter\Debug\Exceptions->errorHandler(2, 'Undefined array key "id"', 'C:\\xampp\\htdocs\\KURIO\\appstarter3\\app\\Controllers\\DropdownAjaxController.php', 194)
 2 SYSTEMPATH\CodeIgniter.php(934): App\Controllers\DropdownAjaxController->edit_list('7')
 3 SYSTEMPATH\CodeIgniter.php(499): CodeIgniter\CodeIgniter->runController(Object(App\Controllers\DropdownAjaxController))
 4 SYSTEMPATH\CodeIgniter.php(368): CodeIgniter\CodeIgniter->handleRequest(null, Object(Config\Cache), false)
 5 FCPATH\index.php(67): CodeIgniter\CodeIgniter->run()
 6 SYSTEMPATH\Commands\Server\rewrite.php(47): require_once('C:\\xampp\\htdocs\\KURIO\\appstarter3\\public\\index.php')
CRITICAL - 2023-07-06 06:52:08 --> Undefined array key "id"
in APPPATH\Controllers\DropdownAjaxController.php on line 194.
 1 APPPATH\Controllers\DropdownAjaxController.php(194): CodeIgniter\Debug\Exceptions->errorHandler(2, 'Undefined array key "id"', 'C:\\xampp\\htdocs\\KURIO\\appstarter3\\app\\Controllers\\DropdownAjaxController.php', 194)
 2 SYSTEMPATH\CodeIgniter.php(934): App\Controllers\DropdownAjaxController->edit_list('7')
 3 SYSTEMPATH\CodeIgniter.php(499): CodeIgniter\CodeIgniter->runController(Object(App\Controllers\DropdownAjaxController))
 4 SYSTEMPATH\CodeIgniter.php(368): CodeIgniter\CodeIgniter->handleRequest(null, Object(Config\Cache), false)
 5 FCPATH\index.php(67): CodeIgniter\CodeIgniter->run()
 6 SYSTEMPATH\Commands\Server\rewrite.php(47): require_once('C:\\xampp\\htdocs\\KURIO\\appstarter3\\public\\index.php')
CRITICAL - 2023-07-06 06:52:08 --> Undefined array key "id"
in APPPATH\Controllers\DropdownAjaxController.php on line 194.
 1 APPPATH\Controllers\DropdownAjaxController.php(194): CodeIgniter\Debug\Exceptions->errorHandler(2, 'Undefined array key "id"', 'C:\\xampp\\htdocs\\KURIO\\appstarter3\\app\\Controllers\\DropdownAjaxController.php', 194)
 2 SYSTEMPATH\CodeIgniter.php(934): App\Controllers\DropdownAjaxController->edit_list('7')
 3 SYSTEMPATH\CodeIgniter.php(499): CodeIgniter\CodeIgniter->runController(Object(App\Controllers\DropdownAjaxController))
 4 SYSTEMPATH\CodeIgniter.php(368): CodeIgniter\CodeIgniter->handleRequest(null, Object(Config\Cache), false)
 5 FCPATH\index.php(67): CodeIgniter\CodeIgniter->run()
 6 SYSTEMPATH\Commands\Server\rewrite.php(47): require_once('C:\\xampp\\htdocs\\KURIO\\appstarter3\\public\\index.php')
CRITICAL - 2023-07-06 06:59:25 --> Undefined variable $userlist
in APPPATH\Views\edit_page.php on line 42.
 1 APPPATH\Views\edit_page.php(42): CodeIgniter\Debug\Exceptions->errorHandler(2, 'Undefined variable $userlist', 'C:\\xampp\\htdocs\\KURIO\\appstarter3\\app\\Views\\edit_page.php', 42)
 2 SYSTEMPATH\View\View.php(213): include('C:\\xampp\\htdocs\\KURIO\\appstarter3\\app\\Views\\edit_page.php')
 3 SYSTEMPATH\View\View.php(216): CodeIgniter\View\View->CodeIgniter\View\{closure}()
 4 SYSTEMPATH\Common.php(1184): CodeIgniter\View\View->render('edit_page', [], true)
 5 APPPATH\Controllers\DropdownAjaxController.php(199): view('edit_page', [...])
 6 SYSTEMPATH\CodeIgniter.php(934): App\Controllers\DropdownAjaxController->edit_list('7')
 7 SYSTEMPATH\CodeIgniter.php(499): CodeIgniter\CodeIgniter->runController(Object(App\Controllers\DropdownAjaxController))
 8 SYSTEMPATH\CodeIgniter.php(368): CodeIgniter\CodeIgniter->handleRequest(null, Object(Config\Cache), false)
 9 FCPATH\index.php(67): CodeIgniter\CodeIgniter->run()
10 SYSTEMPATH\Commands\Server\rewrite.php(47): require_once('C:\\xampp\\htdocs\\KURIO\\appstarter3\\public\\index.php')
CRITICAL - 2023-07-06 06:59:53 --> Undefined variable $userlist
in APPPATH\Views\edit_page.php on line 43.
 1 APPPATH\Views\edit_page.php(43): CodeIgniter\Debug\Exceptions->errorHandler(2, 'Undefined variable $userlist', 'C:\\xampp\\htdocs\\KURIO\\appstarter3\\app\\Views\\edit_page.php', 43)
 2 SYSTEMPATH\View\View.php(213): include('C:\\xampp\\htdocs\\KURIO\\appstarter3\\app\\Views\\edit_page.php')
 3 SYSTEMPATH\View\View.php(216): CodeIgniter\View\View->CodeIgniter\View\{closure}()
 4 SYSTEMPATH\Common.php(1184): CodeIgniter\View\View->render('edit_page', [], true)
 5 APPPATH\Controllers\DropdownAjaxController.php(199): view('edit_page', [...])
 6 SYSTEMPATH\CodeIgniter.php(934): App\Controllers\DropdownAjaxController->edit_list('7')
 7 SYSTEMPATH\CodeIgniter.php(499): CodeIgniter\CodeIgniter->runController(Object(App\Controllers\DropdownAjaxController))
 8 SYSTEMPATH\CodeIgniter.php(368): CodeIgniter\CodeIgniter->handleRequest(null, Object(Config\Cache), false)
 9 FCPATH\index.php(67): CodeIgniter\CodeIgniter->run()
10 SYSTEMPATH\Commands\Server\rewrite.php(47): require_once('C:\\xampp\\htdocs\\KURIO\\appstarter3\\public\\index.php')
CRITICAL - 2023-07-06 07:03:18 --> Undefined variable $userlist
in APPPATH\Views\edit_page.php on line 42.
 1 APPPATH\Views\edit_page.php(42): CodeIgniter\Debug\Exceptions->errorHandler(2, 'Undefined variable $userlist', 'C:\\xampp\\htdocs\\KURIO\\appstarter3\\app\\Views\\edit_page.php', 42)
 2 SYSTEMPATH\View\View.php(213): include('C:\\xampp\\htdocs\\KURIO\\appstarter3\\app\\Views\\edit_page.php')
 3 SYSTEMPATH\View\View.php(216): CodeIgniter\View\View->CodeIgniter\View\{closure}()
 4 SYSTEMPATH\Common.php(1184): CodeIgniter\View\View->render('edit_page', [], true)
 5 APPPATH\Controllers\DropdownAjaxController.php(200): view('edit_page', [...])
 6 SYSTEMPATH\CodeIgniter.php(934): App\Controllers\DropdownAjaxController->edit_list('7')
 7 SYSTEMPATH\CodeIgniter.php(499): CodeIgniter\CodeIgniter->runController(Object(App\Controllers\DropdownAjaxController))
 8 SYSTEMPATH\CodeIgniter.php(368): CodeIgniter\CodeIgniter->handleRequest(null, Object(Config\Cache), false)
 9 FCPATH\index.php(67): CodeIgniter\CodeIgniter->run()
10 SYSTEMPATH\Commands\Server\rewrite.php(47): require_once('C:\\xampp\\htdocs\\KURIO\\appstarter3\\public\\index.php')
CRITICAL - 2023-07-06 07:05:32 --> Undefined variable $userlist
in APPPATH\Views\edit_page.php on line 42.
 1 APPPATH\Views\edit_page.php(42): CodeIgniter\Debug\Exceptions->errorHandler(2, 'Undefined variable $userlist', 'C:\\xampp\\htdocs\\KURIO\\appstarter3\\app\\Views\\edit_page.php', 42)
 2 SYSTEMPATH\View\View.php(213): include('C:\\xampp\\htdocs\\KURIO\\appstarter3\\app\\Views\\edit_page.php')
 3 SYSTEMPATH\View\View.php(216): CodeIgniter\View\View->CodeIgniter\View\{closure}()
 4 SYSTEMPATH\Common.php(1184): CodeIgniter\View\View->render('edit_page', [], true)
 5 APPPATH\Controllers\DropdownAjaxController.php(194): view('edit_page', [...])
 6 SYSTEMPATH\CodeIgniter.php(934): App\Controllers\DropdownAjaxController->edit_list('7')
 7 SYSTEMPATH\CodeIgniter.php(499): CodeIgniter\CodeIgniter->runController(Object(App\Controllers\DropdownAjaxController))
 8 SYSTEMPATH\CodeIgniter.php(368): CodeIgniter\CodeIgniter->handleRequest(null, Object(Config\Cache), false)
 9 FCPATH\index.php(67): CodeIgniter\CodeIgniter->run()
10 SYSTEMPATH\Commands\Server\rewrite.php(47): require_once('C:\\xampp\\htdocs\\KURIO\\appstarter3\\public\\index.php')
CRITICAL - 2023-07-06 07:06:22 --> Undefined variable $userlist
in APPPATH\Views\edit_page.php on line 42.
 1 APPPATH\Views\edit_page.php(42): CodeIgniter\Debug\Exceptions->errorHandler(2, 'Undefined variable $userlist', 'C:\\xampp\\htdocs\\KURIO\\appstarter3\\app\\Views\\edit_page.php', 42)
 2 SYSTEMPATH\View\View.php(213): include('C:\\xampp\\htdocs\\KURIO\\appstarter3\\app\\Views\\edit_page.php')
 3 SYSTEMPATH\View\View.php(216): CodeIgniter\View\View->CodeIgniter\View\{closure}()
 4 SYSTEMPATH\Common.php(1184): CodeIgniter\View\View->render('edit_page', [], true)
 5 APPPATH\Controllers\DropdownAjaxController.php(195): view('edit_page', [...])
 6 SYSTEMPATH\CodeIgniter.php(934): App\Controllers\DropdownAjaxController->edit_list('7')
 7 SYSTEMPATH\CodeIgniter.php(499): CodeIgniter\CodeIgniter->runController(Object(App\Controllers\DropdownAjaxController))
 8 SYSTEMPATH\CodeIgniter.php(368): CodeIgniter\CodeIgniter->handleRequest(null, Object(Config\Cache), false)
 9 FCPATH\index.php(67): CodeIgniter\CodeIgniter->run()
10 SYSTEMPATH\Commands\Server\rewrite.php(47): require_once('C:\\xampp\\htdocs\\KURIO\\appstarter3\\public\\index.php')
CRITICAL - 2023-07-06 07:06:24 --> Undefined variable $userlist
in APPPATH\Views\edit_page.php on line 42.
 1 APPPATH\Views\edit_page.php(42): CodeIgniter\Debug\Exceptions->errorHandler(2, 'Undefined variable $userlist', 'C:\\xampp\\htdocs\\KURIO\\appstarter3\\app\\Views\\edit_page.php', 42)
 2 SYSTEMPATH\View\View.php(213): include('C:\\xampp\\htdocs\\KURIO\\appstarter3\\app\\Views\\edit_page.php')
 3 SYSTEMPATH\View\View.php(216): CodeIgniter\View\View->CodeIgniter\View\{closure}()
 4 SYSTEMPATH\Common.php(1184): CodeIgniter\View\View->render('edit_page', [], true)
 5 APPPATH\Controllers\DropdownAjaxController.php(195): view('edit_page', [...])
 6 SYSTEMPATH\CodeIgniter.php(934): App\Controllers\DropdownAjaxController->edit_list('7')
 7 SYSTEMPATH\CodeIgniter.php(499): CodeIgniter\CodeIgniter->runController(Object(App\Controllers\DropdownAjaxController))
 8 SYSTEMPATH\CodeIgniter.php(368): CodeIgniter\CodeIgniter->handleRequest(null, Object(Config\Cache), false)
 9 FCPATH\index.php(67): CodeIgniter\CodeIgniter->run()
10 SYSTEMPATH\Commands\Server\rewrite.php(47): require_once('C:\\xampp\\htdocs\\KURIO\\appstarter3\\public\\index.php')
CRITICAL - 2023-07-06 07:06:25 --> Undefined variable $userlist
in APPPATH\Views\edit_page.php on line 42.
 1 APPPATH\Views\edit_page.php(42): CodeIgniter\Debug\Exceptions->errorHandler(2, 'Undefined variable $userlist', 'C:\\xampp\\htdocs\\KURIO\\appstarter3\\app\\Views\\edit_page.php', 42)
 2 SYSTEMPATH\View\View.php(213): include('C:\\xampp\\htdocs\\KURIO\\appstarter3\\app\\Views\\edit_page.php')
 3 SYSTEMPATH\View\View.php(216): CodeIgniter\View\View->CodeIgniter\View\{closure}()
 4 SYSTEMPATH\Common.php(1184): CodeIgniter\View\View->render('edit_page', [], true)
 5 APPPATH\Controllers\DropdownAjaxController.php(195): view('edit_page', [...])
 6 SYSTEMPATH\CodeIgniter.php(934): App\Controllers\DropdownAjaxController->edit_list('7')
 7 SYSTEMPATH\CodeIgniter.php(499): CodeIgniter\CodeIgniter->runController(Object(App\Controllers\DropdownAjaxController))
 8 SYSTEMPATH\CodeIgniter.php(368): CodeIgniter\CodeIgniter->handleRequest(null, Object(Config\Cache), false)
 9 FCPATH\index.php(67): CodeIgniter\CodeIgniter->run()
10 SYSTEMPATH\Commands\Server\rewrite.php(47): require_once('C:\\xampp\\htdocs\\KURIO\\appstarter3\\public\\index.php')
CRITICAL - 2023-07-06 07:06:33 --> Undefined variable $userlist
in APPPATH\Views\edit_page.php on line 42.
 1 APPPATH\Views\edit_page.php(42): CodeIgniter\Debug\Exceptions->errorHandler(2, 'Undefined variable $userlist', 'C:\\xampp\\htdocs\\KURIO\\appstarter3\\app\\Views\\edit_page.php', 42)
 2 SYSTEMPATH\View\View.php(213): include('C:\\xampp\\htdocs\\KURIO\\appstarter3\\app\\Views\\edit_page.php')
 3 SYSTEMPATH\View\View.php(216): CodeIgniter\View\View->CodeIgniter\View\{closure}()
 4 SYSTEMPATH\Common.php(1184): CodeIgniter\View\View->render('edit_page', [], true)
 5 APPPATH\Controllers\DropdownAjaxController.php(195): view('edit_page', [...])
 6 SYSTEMPATH\CodeIgniter.php(934): App\Controllers\DropdownAjaxController->edit_list('9')
 7 SYSTEMPATH\CodeIgniter.php(499): CodeIgniter\CodeIgniter->runController(Object(App\Controllers\DropdownAjaxController))
 8 SYSTEMPATH\CodeIgniter.php(368): CodeIgniter\CodeIgniter->handleRequest(null, Object(Config\Cache), false)
 9 FCPATH\index.php(67): CodeIgniter\CodeIgniter->run()
10 SYSTEMPATH\Commands\Server\rewrite.php(47): require_once('C:\\xampp\\htdocs\\KURIO\\appstarter3\\public\\index.php')
CRITICAL - 2023-07-06 07:07:17 --> Undefined variable $userlist
in APPPATH\Views\edit_page.php on line 42.
 1 APPPATH\Views\edit_page.php(42): CodeIgniter\Debug\Exceptions->errorHandler(2, 'Undefined variable $userlist', 'C:\\xampp\\htdocs\\KURIO\\appstarter3\\app\\Views\\edit_page.php', 42)
 2 SYSTEMPATH\View\View.php(213): include('C:\\xampp\\htdocs\\KURIO\\appstarter3\\app\\Views\\edit_page.php')
 3 SYSTEMPATH\View\View.php(216): CodeIgniter\View\View->CodeIgniter\View\{closure}()
 4 SYSTEMPATH\Common.php(1184): CodeIgniter\View\View->render('edit_page', [], true)
 5 APPPATH\Controllers\DropdownAjaxController.php(196): view('edit_page', [...])
 6 SYSTEMPATH\CodeIgniter.php(934): App\Controllers\DropdownAjaxController->edit_list('9')
 7 SYSTEMPATH\CodeIgniter.php(499): CodeIgniter\CodeIgniter->runController(Object(App\Controllers\DropdownAjaxController))
 8 SYSTEMPATH\CodeIgniter.php(368): CodeIgniter\CodeIgniter->handleRequest(null, Object(Config\Cache), false)
 9 FCPATH\index.php(67): CodeIgniter\CodeIgniter->run()
10 SYSTEMPATH\Commands\Server\rewrite.php(47): require_once('C:\\xampp\\htdocs\\KURIO\\appstarter3\\public\\index.php')
CRITICAL - 2023-07-06 07:07:19 --> Undefined variable $userlist
in APPPATH\Views\edit_page.php on line 42.
 1 APPPATH\Views\edit_page.php(42): CodeIgniter\Debug\Exceptions->errorHandler(2, 'Undefined variable $userlist', 'C:\\xampp\\htdocs\\KURIO\\appstarter3\\app\\Views\\edit_page.php', 42)
 2 SYSTEMPATH\View\View.php(213): include('C:\\xampp\\htdocs\\KURIO\\appstarter3\\app\\Views\\edit_page.php')
 3 SYSTEMPATH\View\View.php(216): CodeIgniter\View\View->CodeIgniter\View\{closure}()
 4 SYSTEMPATH\Common.php(1184): CodeIgniter\View\View->render('edit_page', [], true)
 5 APPPATH\Controllers\DropdownAjaxController.php(196): view('edit_page', [...])
 6 SYSTEMPATH\CodeIgniter.php(934): App\Controllers\DropdownAjaxController->edit_list('9')
 7 SYSTEMPATH\CodeIgniter.php(499): CodeIgniter\CodeIgniter->runController(Object(App\Controllers\DropdownAjaxController))
 8 SYSTEMPATH\CodeIgniter.php(368): CodeIgniter\CodeIgniter->handleRequest(null, Object(Config\Cache), false)
 9 FCPATH\index.php(67): CodeIgniter\CodeIgniter->run()
10 SYSTEMPATH\Commands\Server\rewrite.php(47): require_once('C:\\xampp\\htdocs\\KURIO\\appstarter3\\public\\index.php')
CRITICAL - 2023-07-06 07:07:19 --> Undefined variable $userlist
in APPPATH\Views\edit_page.php on line 42.
 1 APPPATH\Views\edit_page.php(42): CodeIgniter\Debug\Exceptions->errorHandler(2, 'Undefined variable $userlist', 'C:\\xampp\\htdocs\\KURIO\\appstarter3\\app\\Views\\edit_page.php', 42)
 2 SYSTEMPATH\View\View.php(213): include('C:\\xampp\\htdocs\\KURIO\\appstarter3\\app\\Views\\edit_page.php')
 3 SYSTEMPATH\View\View.php(216): CodeIgniter\View\View->CodeIgniter\View\{closure}()
 4 SYSTEMPATH\Common.php(1184): CodeIgniter\View\View->render('edit_page', [], true)
 5 APPPATH\Controllers\DropdownAjaxController.php(196): view('edit_page', [...])
 6 SYSTEMPATH\CodeIgniter.php(934): App\Controllers\DropdownAjaxController->edit_list('9')
 7 SYSTEMPATH\CodeIgniter.php(499): CodeIgniter\CodeIgniter->runController(Object(App\Controllers\DropdownAjaxController))
 8 SYSTEMPATH\CodeIgniter.php(368): CodeIgniter\CodeIgniter->handleRequest(null, Object(Config\Cache), false)
 9 FCPATH\index.php(67): CodeIgniter\CodeIgniter->run()
10 SYSTEMPATH\Commands\Server\rewrite.php(47): require_once('C:\\xampp\\htdocs\\KURIO\\appstarter3\\public\\index.php')
CRITICAL - 2023-07-06 07:07:45 --> Undefined variable $userlist
in APPPATH\Views\edit_page.php on line 42.
 1 APPPATH\Views\edit_page.php(42): CodeIgniter\Debug\Exceptions->errorHandler(2, 'Undefined variable $userlist', 'C:\\xampp\\htdocs\\KURIO\\appstarter3\\app\\Views\\edit_page.php', 42)
 2 SYSTEMPATH\View\View.php(213): include('C:\\xampp\\htdocs\\KURIO\\appstarter3\\app\\Views\\edit_page.php')
 3 SYSTEMPATH\View\View.php(216): CodeIgniter\View\View->CodeIgniter\View\{closure}()
 4 SYSTEMPATH\Common.php(1184): CodeIgniter\View\View->render('edit_page', [], true)
 5 APPPATH\Controllers\DropdownAjaxController.php(196): view('edit_page', [...])
 6 SYSTEMPATH\CodeIgniter.php(934): App\Controllers\DropdownAjaxController->edit_list('9')
 7 SYSTEMPATH\CodeIgniter.php(499): CodeIgniter\CodeIgniter->runController(Object(App\Controllers\DropdownAjaxController))
 8 SYSTEMPATH\CodeIgniter.php(368): CodeIgniter\CodeIgniter->handleRequest(null, Object(Config\Cache), false)
 9 FCPATH\index.php(67): CodeIgniter\CodeIgniter->run()
10 SYSTEMPATH\Commands\Server\rewrite.php(47): require_once('C:\\xampp\\htdocs\\KURIO\\appstarter3\\public\\index.php')
CRITICAL - 2023-07-06 07:07:45 --> Undefined variable $userlist
in APPPATH\Views\edit_page.php on line 42.
 1 APPPATH\Views\edit_page.php(42): CodeIgniter\Debug\Exceptions->errorHandler(2, 'Undefined variable $userlist', 'C:\\xampp\\htdocs\\KURIO\\appstarter3\\app\\Views\\edit_page.php', 42)
 2 SYSTEMPATH\View\View.php(213): include('C:\\xampp\\htdocs\\KURIO\\appstarter3\\app\\Views\\edit_page.php')
 3 SYSTEMPATH\View\View.php(216): CodeIgniter\View\View->CodeIgniter\View\{closure}()
 4 SYSTEMPATH\Common.php(1184): CodeIgniter\View\View->render('edit_page', [], true)
 5 APPPATH\Controllers\DropdownAjaxController.php(196): view('edit_page', [...])
 6 SYSTEMPATH\CodeIgniter.php(934): App\Controllers\DropdownAjaxController->edit_list('9')
 7 SYSTEMPATH\CodeIgniter.php(499): CodeIgniter\CodeIgniter->runController(Object(App\Controllers\DropdownAjaxController))
 8 SYSTEMPATH\CodeIgniter.php(368): CodeIgniter\CodeIgniter->handleRequest(null, Object(Config\Cache), false)
 9 FCPATH\index.php(67): CodeIgniter\CodeIgniter->run()
10 SYSTEMPATH\Commands\Server\rewrite.php(47): require_once('C:\\xampp\\htdocs\\KURIO\\appstarter3\\public\\index.php')
CRITICAL - 2023-07-06 07:07:46 --> Undefined variable $userlist
in APPPATH\Views\edit_page.php on line 42.
 1 APPPATH\Views\edit_page.php(42): CodeIgniter\Debug\Exceptions->errorHandler(2, 'Undefined variable $userlist', 'C:\\xampp\\htdocs\\KURIO\\appstarter3\\app\\Views\\edit_page.php', 42)
 2 SYSTEMPATH\View\View.php(213): include('C:\\xampp\\htdocs\\KURIO\\appstarter3\\app\\Views\\edit_page.php')
 3 SYSTEMPATH\View\View.php(216): CodeIgniter\View\View->CodeIgniter\View\{closure}()
 4 SYSTEMPATH\Common.php(1184): CodeIgniter\View\View->render('edit_page', [], true)
 5 APPPATH\Controllers\DropdownAjaxController.php(196): view('edit_page', [...])
 6 SYSTEMPATH\CodeIgniter.php(934): App\Controllers\DropdownAjaxController->edit_list('9')
 7 SYSTEMPATH\CodeIgniter.php(499): CodeIgniter\CodeIgniter->runController(Object(App\Controllers\DropdownAjaxController))
 8 SYSTEMPATH\CodeIgniter.php(368): CodeIgniter\CodeIgniter->handleRequest(null, Object(Config\Cache), false)
 9 FCPATH\index.php(67): CodeIgniter\CodeIgniter->run()
10 SYSTEMPATH\Commands\Server\rewrite.php(47): require_once('C:\\xampp\\htdocs\\KURIO\\appstarter3\\public\\index.php')
CRITICAL - 2023-07-06 07:07:52 --> Undefined variable $userlist
in APPPATH\Views\edit_page.php on line 42.
 1 APPPATH\Views\edit_page.php(42): CodeIgniter\Debug\Exceptions->errorHandler(2, 'Undefined variable $userlist', 'C:\\xampp\\htdocs\\KURIO\\appstarter3\\app\\Views\\edit_page.php', 42)
 2 SYSTEMPATH\View\View.php(213): include('C:\\xampp\\htdocs\\KURIO\\appstarter3\\app\\Views\\edit_page.php')
 3 SYSTEMPATH\View\View.php(216): CodeIgniter\View\View->CodeIgniter\View\{closure}()
 4 SYSTEMPATH\Common.php(1184): CodeIgniter\View\View->render('edit_page', [], true)
 5 APPPATH\Controllers\DropdownAjaxController.php(196): view('edit_page', [...])
 6 SYSTEMPATH\CodeIgniter.php(934): App\Controllers\DropdownAjaxController->edit_list('10')
 7 SYSTEMPATH\CodeIgniter.php(499): CodeIgniter\CodeIgniter->runController(Object(App\Controllers\DropdownAjaxController))
 8 SYSTEMPATH\CodeIgniter.php(368): CodeIgniter\CodeIgniter->handleRequest(null, Object(Config\Cache), false)
 9 FCPATH\index.php(67): CodeIgniter\CodeIgniter->run()
10 SYSTEMPATH\Commands\Server\rewrite.php(47): require_once('C:\\xampp\\htdocs\\KURIO\\appstarter3\\public\\index.php')
CRITICAL - 2023-07-06 07:08:08 --> Undefined variable $userlist
in APPPATH\Views\edit_page.php on line 43.
 1 APPPATH\Views\edit_page.php(43): CodeIgniter\Debug\Exceptions->errorHandler(2, 'Undefined variable $userlist', 'C:\\xampp\\htdocs\\KURIO\\appstarter3\\app\\Views\\edit_page.php', 43)
 2 SYSTEMPATH\View\View.php(213): include('C:\\xampp\\htdocs\\KURIO\\appstarter3\\app\\Views\\edit_page.php')
 3 SYSTEMPATH\View\View.php(216): CodeIgniter\View\View->CodeIgniter\View\{closure}()
 4 SYSTEMPATH\Common.php(1184): CodeIgniter\View\View->render('edit_page', [], true)
 5 APPPATH\Controllers\DropdownAjaxController.php(196): view('edit_page', [...])
 6 SYSTEMPATH\CodeIgniter.php(934): App\Controllers\DropdownAjaxController->edit_list('10')
 7 SYSTEMPATH\CodeIgniter.php(499): CodeIgniter\CodeIgniter->runController(Object(App\Controllers\DropdownAjaxController))
 8 SYSTEMPATH\CodeIgniter.php(368): CodeIgniter\CodeIgniter->handleRequest(null, Object(Config\Cache), false)
 9 FCPATH\index.php(67): CodeIgniter\CodeIgniter->run()
10 SYSTEMPATH\Commands\Server\rewrite.php(47): require_once('C:\\xampp\\htdocs\\KURIO\\appstarter3\\public\\index.php')
CRITICAL - 2023-07-06 07:08:40 --> Undefined variable $userlist
in APPPATH\Views\edit_page.php on line 42.
 1 APPPATH\Views\edit_page.php(42): CodeIgniter\Debug\Exceptions->errorHandler(2, 'Undefined variable $userlist', 'C:\\xampp\\htdocs\\KURIO\\appstarter3\\app\\Views\\edit_page.php', 42)
 2 SYSTEMPATH\View\View.php(213): include('C:\\xampp\\htdocs\\KURIO\\appstarter3\\app\\Views\\edit_page.php')
 3 SYSTEMPATH\View\View.php(216): CodeIgniter\View\View->CodeIgniter\View\{closure}()
 4 SYSTEMPATH\Common.php(1184): CodeIgniter\View\View->render('edit_page', [], true)
 5 APPPATH\Controllers\DropdownAjaxController.php(196): view('edit_page', [...])
 6 SYSTEMPATH\CodeIgniter.php(934): App\Controllers\DropdownAjaxController->edit_list('10')
 7 SYSTEMPATH\CodeIgniter.php(499): CodeIgniter\CodeIgniter->runController(Object(App\Controllers\DropdownAjaxController))
 8 SYSTEMPATH\CodeIgniter.php(368): CodeIgniter\CodeIgniter->handleRequest(null, Object(Config\Cache), false)
 9 FCPATH\index.php(67): CodeIgniter\CodeIgniter->run()
10 SYSTEMPATH\Commands\Server\rewrite.php(47): require_once('C:\\xampp\\htdocs\\KURIO\\appstarter3\\public\\index.php')
CRITICAL - 2023-07-06 07:08:41 --> Undefined variable $userlist
in APPPATH\Views\edit_page.php on line 42.
 1 APPPATH\Views\edit_page.php(42): CodeIgniter\Debug\Exceptions->errorHandler(2, 'Undefined variable $userlist', 'C:\\xampp\\htdocs\\KURIO\\appstarter3\\app\\Views\\edit_page.php', 42)
 2 SYSTEMPATH\View\View.php(213): include('C:\\xampp\\htdocs\\KURIO\\appstarter3\\app\\Views\\edit_page.php')
 3 SYSTEMPATH\View\View.php(216): CodeIgniter\View\View->CodeIgniter\View\{closure}()
 4 SYSTEMPATH\Common.php(1184): CodeIgniter\View\View->render('edit_page', [], true)
 5 APPPATH\Controllers\DropdownAjaxController.php(196): view('edit_page', [...])
 6 SYSTEMPATH\CodeIgniter.php(934): App\Controllers\DropdownAjaxController->edit_list('10')
 7 SYSTEMPATH\CodeIgniter.php(499): CodeIgniter\CodeIgniter->runController(Object(App\Controllers\DropdownAjaxController))
 8 SYSTEMPATH\CodeIgniter.php(368): CodeIgniter\CodeIgniter->handleRequest(null, Object(Config\Cache), false)
 9 FCPATH\index.php(67): CodeIgniter\CodeIgniter->run()
10 SYSTEMPATH\Commands\Server\rewrite.php(47): require_once('C:\\xampp\\htdocs\\KURIO\\appstarter3\\public\\index.php')
CRITICAL - 2023-07-06 08:54:52 --> There is no data to update.
in SYSTEMPATH\BaseModel.php on line 1680.
 1 SYSTEMPATH\BaseModel.php(1680): CodeIgniter\Database\Exceptions\DataException::forEmptyDataset('update')
 2 SYSTEMPATH\BaseModel.php(910): CodeIgniter\BaseModel->transformDataToArray(null, 'update')
 3 SYSTEMPATH\Model.php(756): CodeIgniter\BaseModel->update([...], null)
 4 APPPATH\Controllers\DropdownAjaxController.php(285): CodeIgniter\Model->update([...])
 5 SYSTEMPATH\CodeIgniter.php(934): App\Controllers\DropdownAjaxController->update_list()
 6 SYSTEMPATH\CodeIgniter.php(499): CodeIgniter\CodeIgniter->runController(Object(App\Controllers\DropdownAjaxController))
 7 SYSTEMPATH\CodeIgniter.php(368): CodeIgniter\CodeIgniter->handleRequest(null, Object(Config\Cache), false)
 8 FCPATH\index.php(67): CodeIgniter\CodeIgniter->run()
 9 SYSTEMPATH\Commands\Server\rewrite.php(47): require_once('C:\\xampp\\htdocs\\KURIO\\appstarter3\\public\\index.php')
CRITICAL - 2023-07-06 08:55:57 --> There is no data to update.
in SYSTEMPATH\BaseModel.php on line 1680.
 1 SYSTEMPATH\BaseModel.php(1680): CodeIgniter\Database\Exceptions\DataException::forEmptyDataset('update')
 2 SYSTEMPATH\BaseModel.php(910): CodeIgniter\BaseModel->transformDataToArray(null, 'update')
 3 SYSTEMPATH\Model.php(756): CodeIgniter\BaseModel->update([...], null)
 4 APPPATH\Controllers\DropdownAjaxController.php(285): CodeIgniter\Model->update([...])
 5 SYSTEMPATH\CodeIgniter.php(934): App\Controllers\DropdownAjaxController->update_list()
 6 SYSTEMPATH\CodeIgniter.php(499): CodeIgniter\CodeIgniter->runController(Object(App\Controllers\DropdownAjaxController))
 7 SYSTEMPATH\CodeIgniter.php(368): CodeIgniter\CodeIgniter->handleRequest(null, Object(Config\Cache), false)
 8 FCPATH\index.php(67): CodeIgniter\CodeIgniter->run()
 9 SYSTEMPATH\Commands\Server\rewrite.php(47): require_once('C:\\xampp\\htdocs\\KURIO\\appstarter3\\public\\index.php')
CRITICAL - 2023-07-06 08:56:32 --> syntax error, unexpected token ","
in APPPATH\Controllers\DropdownAjaxController.php on line 257.
 1 SYSTEMPATH\Autoloader\Autoloader.php(289): CodeIgniter\Autoloader\Autoloader->includeFile('C:\\xampp\\htdocs\\KURIO\\appstarter3\\app\\Controllers\\DropdownAjaxController.php')
 2 SYSTEMPATH\Autoloader\Autoloader.php(267): CodeIgniter\Autoloader\Autoloader->loadInNamespace('App\\Controllers\\DropdownAjaxController')
 3 [internal function]: CodeIgniter\Autoloader\Autoloader->loadClass('App\\Controllers\\DropdownAjaxController')
 4 SYSTEMPATH\CodeIgniter.php(892): class_exists('\\App\\Controllers\\DropdownAjaxController', true)
 5 SYSTEMPATH\CodeIgniter.php(486): CodeIgniter\CodeIgniter->startController()
 6 SYSTEMPATH\CodeIgniter.php(368): CodeIgniter\CodeIgniter->handleRequest(null, Object(Config\Cache), false)
 7 FCPATH\index.php(67): CodeIgniter\CodeIgniter->run()
 8 SYSTEMPATH\Commands\Server\rewrite.php(47): require_once('C:\\xampp\\htdocs\\KURIO\\appstarter3\\public\\index.php')
CRITICAL - 2023-07-06 08:56:56 --> There is no data to update.
in SYSTEMPATH\BaseModel.php on line 1680.
 1 SYSTEMPATH\BaseModel.php(1680): CodeIgniter\Database\Exceptions\DataException::forEmptyDataset('update')
 2 SYSTEMPATH\BaseModel.php(910): CodeIgniter\BaseModel->transformDataToArray(null, 'update')
 3 SYSTEMPATH\Model.php(756): CodeIgniter\BaseModel->update([...], null)
 4 APPPATH\Controllers\DropdownAjaxController.php(284): CodeIgniter\Model->update([...])
 5 SYSTEMPATH\CodeIgniter.php(934): App\Controllers\DropdownAjaxController->update_list()
 6 SYSTEMPATH\CodeIgniter.php(499): CodeIgniter\CodeIgniter->runController(Object(App\Controllers\DropdownAjaxController))
 7 SYSTEMPATH\CodeIgniter.php(368): CodeIgniter\CodeIgniter->handleRequest(null, Object(Config\Cache), false)
 8 FCPATH\index.php(67): CodeIgniter\CodeIgniter->run()
 9 SYSTEMPATH\Commands\Server\rewrite.php(47): require_once('C:\\xampp\\htdocs\\KURIO\\appstarter3\\public\\index.php')
CRITICAL - 2023-07-06 08:58:30 --> There is no data to update.
in SYSTEMPATH\BaseModel.php on line 1680.
 1 SYSTEMPATH\BaseModel.php(1680): CodeIgniter\Database\Exceptions\DataException::forEmptyDataset('update')
 2 SYSTEMPATH\BaseModel.php(910): CodeIgniter\BaseModel->transformDataToArray(null, 'update')
 3 SYSTEMPATH\Model.php(756): CodeIgniter\BaseModel->update([...], null)
 4 APPPATH\Controllers\DropdownAjaxController.php(285): CodeIgniter\Model->update([...])
 5 SYSTEMPATH\CodeIgniter.php(934): App\Controllers\DropdownAjaxController->update_list()
 6 SYSTEMPATH\CodeIgniter.php(499): CodeIgniter\CodeIgniter->runController(Object(App\Controllers\DropdownAjaxController))
 7 SYSTEMPATH\CodeIgniter.php(368): CodeIgniter\CodeIgniter->handleRequest(null, Object(Config\Cache), false)
 8 FCPATH\index.php(67): CodeIgniter\CodeIgniter->run()
 9 SYSTEMPATH\Commands\Server\rewrite.php(47): require_once('C:\\xampp\\htdocs\\KURIO\\appstarter3\\public\\index.php')
CRITICAL - 2023-07-06 09:03:32 --> Unclosed '{' on line 10
in APPPATH\Controllers\DropdownAjaxController.php on line 288.
 1 SYSTEMPATH\Autoloader\Autoloader.php(289): CodeIgniter\Autoloader\Autoloader->includeFile('C:\\xampp\\htdocs\\KURIO\\appstarter3\\app\\Controllers\\DropdownAjaxController.php')
 2 SYSTEMPATH\Autoloader\Autoloader.php(267): CodeIgniter\Autoloader\Autoloader->loadInNamespace('App\\Controllers\\DropdownAjaxController')
 3 [internal function]: CodeIgniter\Autoloader\Autoloader->loadClass('App\\Controllers\\DropdownAjaxController')
 4 SYSTEMPATH\CodeIgniter.php(892): class_exists('\\App\\Controllers\\DropdownAjaxController', true)
 5 SYSTEMPATH\CodeIgniter.php(486): CodeIgniter\CodeIgniter->startController()
 6 SYSTEMPATH\CodeIgniter.php(368): CodeIgniter\CodeIgniter->handleRequest(null, Object(Config\Cache), false)
 7 FCPATH\index.php(67): CodeIgniter\CodeIgniter->run()
 8 SYSTEMPATH\Commands\Server\rewrite.php(47): require_once('C:\\xampp\\htdocs\\KURIO\\appstarter3\\public\\index.php')
CRITICAL - 2023-07-06 09:06:37 --> Unclosed '{' on line 10
in APPPATH\Controllers\DropdownAjaxController.php on line 285.
 1 SYSTEMPATH\Autoloader\Autoloader.php(289): CodeIgniter\Autoloader\Autoloader->includeFile('C:\\xampp\\htdocs\\KURIO\\appstarter3\\app\\Controllers\\DropdownAjaxController.php')
 2 SYSTEMPATH\Autoloader\Autoloader.php(267): CodeIgniter\Autoloader\Autoloader->loadInNamespace('App\\Controllers\\DropdownAjaxController')
 3 [internal function]: CodeIgniter\Autoloader\Autoloader->loadClass('App\\Controllers\\DropdownAjaxController')
 4 SYSTEMPATH\CodeIgniter.php(892): class_exists('\\App\\Controllers\\DropdownAjaxController', true)
 5 SYSTEMPATH\CodeIgniter.php(486): CodeIgniter\CodeIgniter->startController()
 6 SYSTEMPATH\CodeIgniter.php(368): CodeIgniter\CodeIgniter->handleRequest(null, Object(Config\Cache), false)
 7 FCPATH\index.php(67): CodeIgniter\CodeIgniter->run()
 8 SYSTEMPATH\Commands\Server\rewrite.php(47): require_once('C:\\xampp\\htdocs\\KURIO\\appstarter3\\public\\index.php')
CRITICAL - 2023-07-06 09:06:42 --> Unclosed '{' on line 10
in APPPATH\Controllers\DropdownAjaxController.php on line 285.
 1 SYSTEMPATH\Autoloader\Autoloader.php(289): CodeIgniter\Autoloader\Autoloader->includeFile('C:\\xampp\\htdocs\\KURIO\\appstarter3\\app\\Controllers\\DropdownAjaxController.php')
 2 SYSTEMPATH\Autoloader\Autoloader.php(267): CodeIgniter\Autoloader\Autoloader->loadInNamespace('App\\Controllers\\DropdownAjaxController')
 3 [internal function]: CodeIgniter\Autoloader\Autoloader->loadClass('App\\Controllers\\DropdownAjaxController')
 4 SYSTEMPATH\CodeIgniter.php(892): class_exists('\\App\\Controllers\\DropdownAjaxController', true)
 5 SYSTEMPATH\CodeIgniter.php(486): CodeIgniter\CodeIgniter->startController()
 6 SYSTEMPATH\CodeIgniter.php(368): CodeIgniter\CodeIgniter->handleRequest(null, Object(Config\Cache), false)
 7 FCPATH\index.php(67): CodeIgniter\CodeIgniter->run()
 8 SYSTEMPATH\Commands\Server\rewrite.php(47): require_once('C:\\xampp\\htdocs\\KURIO\\appstarter3\\public\\index.php')
CRITICAL - 2023-07-06 10:15:29 --> There is no data to update.
in SYSTEMPATH\BaseModel.php on line 1680.
 1 SYSTEMPATH\BaseModel.php(1680): CodeIgniter\Database\Exceptions\DataException::forEmptyDataset('update')
 2 SYSTEMPATH\BaseModel.php(910): CodeIgniter\BaseModel->transformDataToArray(null, 'update')
 3 SYSTEMPATH\Model.php(756): CodeIgniter\BaseModel->update([...], null)
 4 APPPATH\Controllers\DropdownAjaxController.php(287): CodeIgniter\Model->update([...])
 5 SYSTEMPATH\CodeIgniter.php(934): App\Controllers\DropdownAjaxController->update_list()
 6 SYSTEMPATH\CodeIgniter.php(499): CodeIgniter\CodeIgniter->runController(Object(App\Controllers\DropdownAjaxController))
 7 SYSTEMPATH\CodeIgniter.php(368): CodeIgniter\CodeIgniter->handleRequest(null, Object(Config\Cache), false)
 8 FCPATH\index.php(67): CodeIgniter\CodeIgniter->run()
 9 SYSTEMPATH\Commands\Server\rewrite.php(47): require_once('C:\\xampp\\htdocs\\KURIO\\appstarter3\\public\\index.php')
CRITICAL - 2023-07-06 10:16:32 --> There is no data to update.
in SYSTEMPATH\BaseModel.php on line 1680.
 1 SYSTEMPATH\BaseModel.php(1680): CodeIgniter\Database\Exceptions\DataException::forEmptyDataset('update')
 2 SYSTEMPATH\BaseModel.php(910): CodeIgniter\BaseModel->transformDataToArray(null, 'update')
 3 SYSTEMPATH\Model.php(756): CodeIgniter\BaseModel->update([...], null)
 4 APPPATH\Controllers\DropdownAjaxController.php(287): CodeIgniter\Model->update([...])
 5 SYSTEMPATH\CodeIgniter.php(934): App\Controllers\DropdownAjaxController->update_list()
 6 SYSTEMPATH\CodeIgniter.php(499): CodeIgniter\CodeIgniter->runController(Object(App\Controllers\DropdownAjaxController))
 7 SYSTEMPATH\CodeIgniter.php(368): CodeIgniter\CodeIgniter->handleRequest(null, Object(Config\Cache), false)
 8 FCPATH\index.php(67): CodeIgniter\CodeIgniter->run()
 9 SYSTEMPATH\Commands\Server\rewrite.php(47): require_once('C:\\xampp\\htdocs\\KURIO\\appstarter3\\public\\index.php')
CRITICAL - 2023-07-06 10:24:31 --> There is no data to update.
in SYSTEMPATH\BaseModel.php on line 1680.
 1 SYSTEMPATH\BaseModel.php(1680): CodeIgniter\Database\Exceptions\DataException::forEmptyDataset('update')
 2 SYSTEMPATH\BaseModel.php(910): CodeIgniter\BaseModel->transformDataToArray(null, 'update')
 3 SYSTEMPATH\Model.php(756): CodeIgniter\BaseModel->update([...], null)
 4 APPPATH\Controllers\DropdownAjaxController.php(288): CodeIgniter\Model->update([...])
 5 SYSTEMPATH\CodeIgniter.php(934): App\Controllers\DropdownAjaxController->update_list()
 6 SYSTEMPATH\CodeIgniter.php(499): CodeIgniter\CodeIgniter->runController(Object(App\Controllers\DropdownAjaxController))
 7 SYSTEMPATH\CodeIgniter.php(368): CodeIgniter\CodeIgniter->handleRequest(null, Object(Config\Cache), false)
 8 FCPATH\index.php(67): CodeIgniter\CodeIgniter->run()
 9 SYSTEMPATH\Commands\Server\rewrite.php(47): require_once('C:\\xampp\\htdocs\\KURIO\\appstarter3\\public\\index.php')
CRITICAL - 2023-07-06 11:23:16 --> Undefined variable $image_name
in APPPATH\Controllers\DropdownAjaxController.php on line 299.
 1 APPPATH\Controllers\DropdownAjaxController.php(299): CodeIgniter\Debug\Exceptions->errorHandler(2, 'Undefined variable $image_name', 'C:\\xampp\\htdocs\\KURIO\\appstarter3\\app\\Controllers\\DropdownAjaxController.php', 299)
 2 SYSTEMPATH\CodeIgniter.php(934): App\Controllers\DropdownAjaxController->update_list()
 3 SYSTEMPATH\CodeIgniter.php(499): CodeIgniter\CodeIgniter->runController(Object(App\Controllers\DropdownAjaxController))
 4 SYSTEMPATH\CodeIgniter.php(368): CodeIgniter\CodeIgniter->handleRequest(null, Object(Config\Cache), false)
 5 FCPATH\index.php(67): CodeIgniter\CodeIgniter->run()
 6 SYSTEMPATH\Commands\Server\rewrite.php(47): require_once('C:\\xampp\\htdocs\\KURIO\\appstarter3\\public\\index.php')
